<?xml version="1.0" encoding="UTF-8"?>
<testsuite xmlns:xsi="http://www.w3.org/2001/XMLSchema-instance" xsi:noNamespaceSchemaLocation="https://maven.apache.org/surefire/maven-surefire-plugin/xsd/surefire-test-report.xsd" version="3.0.2" name="TestSuite" time="36.011" tests="23" errors="0" skipped="0" failures="0">
  <properties>
    <property name="java.specification.version" value="21"/>
    <property name="sun.cpu.isalist" value="amd64"/>
    <property name="sun.jnu.encoding" value="Cp1252"/>
    <property name="java.class.path" value="C:\Users\10827551\OneDrive - LTIMindtree\Desktop\pet_api_testing\pet_api_testing\target\test-classes;C:\Users\10827551\OneDrive - LTIMindtree\Desktop\pet_api_testing\pet_api_testing\target\classes;C:\Users\10827551\.m2\repository\org\apache\logging\log4j\log4j-core\2.17.2\log4j-core-2.17.2.jar;C:\Users\10827551\.m2\repository\org\apache\logging\log4j\log4j-api\2.17.2\log4j-api-2.17.2.jar;C:\Users\10827551\.m2\repository\com\github\scribejava\scribejava-apis\8.3.3\scribejava-apis-8.3.3.jar;C:\Users\10827551\.m2\repository\com\github\scribejava\scribejava-core\8.3.3\scribejava-core-8.3.3.jar;C:\Users\10827551\.m2\repository\com\github\scribejava\scribejava-java8\8.3.3\scribejava-java8-8.3.3.jar;C:\Users\10827551\.m2\repository\com\fasterxml\jackson\core\jackson-databind\2.14.0\jackson-databind-2.14.0.jar;C:\Users\10827551\.m2\repository\com\fasterxml\jackson\core\jackson-annotations\2.14.0\jackson-annotations-2.14.0.jar;C:\Users\10827551\.m2\repository\com\fasterxml\jackson\core\jackson-core\2.14.0\jackson-core-2.14.0.jar;C:\Users\10827551\.m2\repository\org\testng\testng\7.11.0\testng-7.11.0.jar;C:\Users\10827551\.m2\repository\org\slf4j\slf4j-api\2.0.16\slf4j-api-2.0.16.jar;C:\Users\10827551\.m2\repository\org\jcommander\jcommander\1.83\jcommander-1.83.jar;C:\Users\10827551\.m2\repository\org\webjars\jquery\3.7.1\jquery-3.7.1.jar;C:\Users\10827551\.m2\repository\org\json\json\20250107\json-20250107.jar;C:\Users\10827551\.m2\repository\io\rest-assured\json-path\5.1.1\json-path-5.1.1.jar;C:\Users\10827551\.m2\repository\org\apache\groovy\groovy-json\4.0.1\groovy-json-4.0.1.jar;C:\Users\10827551\.m2\repository\org\apache\groovy\groovy\4.0.1\groovy-4.0.1.jar;C:\Users\10827551\.m2\repository\io\rest-assured\rest-assured-common\5.1.1\rest-assured-common-5.1.1.jar;C:\Users\10827551\.m2\repository\io\rest-assured\rest-assured\5.1.1\rest-assured-5.1.1.jar;C:\Users\10827551\.m2\repository\org\apache\groovy\groovy-xml\4.0.1\groovy-xml-4.0.1.jar;C:\Users\10827551\.m2\repository\org\apache\httpcomponents\httpclient\4.5.13\httpclient-4.5.13.jar;C:\Users\10827551\.m2\repository\org\apache\httpcomponents\httpcore\4.4.13\httpcore-4.4.13.jar;C:\Users\10827551\.m2\repository\commons-logging\commons-logging\1.2\commons-logging-1.2.jar;C:\Users\10827551\.m2\repository\org\apache\httpcomponents\httpmime\4.5.13\httpmime-4.5.13.jar;C:\Users\10827551\.m2\repository\org\hamcrest\hamcrest\2.1\hamcrest-2.1.jar;C:\Users\10827551\.m2\repository\org\ccil\cowan\tagsoup\tagsoup\1.2.1\tagsoup-1.2.1.jar;C:\Users\10827551\.m2\repository\io\rest-assured\xml-path\5.1.1\xml-path-5.1.1.jar;C:\Users\10827551\.m2\repository\com\github\javafaker\javafaker\1.0.2\javafaker-1.0.2.jar;C:\Users\10827551\.m2\repository\org\apache\commons\commons-lang3\3.5\commons-lang3-3.5.jar;C:\Users\10827551\.m2\repository\org\yaml\snakeyaml\1.23\snakeyaml-1.23-android.jar;C:\Users\10827551\.m2\repository\com\github\mifmif\generex\1.0.2\generex-1.0.2.jar;C:\Users\10827551\.m2\repository\dk\brics\automaton\automaton\1.11-8\automaton-1.11-8.jar;C:\Users\10827551\.m2\repository\org\apache\poi\poi-ooxml\5.4.0\poi-ooxml-5.4.0.jar;C:\Users\10827551\.m2\repository\org\apache\poi\poi-ooxml-lite\5.4.0\poi-ooxml-lite-5.4.0.jar;C:\Users\10827551\.m2\repository\org\apache\xmlbeans\xmlbeans\5.3.0\xmlbeans-5.3.0.jar;C:\Users\10827551\.m2\repository\org\apache\commons\commons-compress\1.27.1\commons-compress-1.27.1.jar;C:\Users\10827551\.m2\repository\commons-io\commons-io\2.18.0\commons-io-2.18.0.jar;C:\Users\10827551\.m2\repository\com\github\virtuald\curvesapi\1.08\curvesapi-1.08.jar;C:\Users\10827551\.m2\repository\org\apache\commons\commons-collections4\4.4\commons-collections4-4.4.jar;C:\Users\10827551\.m2\repository\org\apache\poi\poi\5.4.0\poi-5.4.0.jar;C:\Users\10827551\.m2\repository\commons-codec\commons-codec\1.17.1\commons-codec-1.17.1.jar;C:\Users\10827551\.m2\repository\org\apache\commons\commons-math3\3.6.1\commons-math3-3.6.1.jar;C:\Users\10827551\.m2\repository\com\zaxxer\SparseBitSet\1.3\SparseBitSet-1.3.jar;C:\Users\10827551\.m2\repository\com\aventstack\extentreports\5.1.2\extentreports-5.1.2.jar;C:\Users\10827551\.m2\repository\io\reactivex\rxjava3\rxjava\3.1.6\rxjava-3.1.6.jar;C:\Users\10827551\.m2\repository\org\reactivestreams\reactive-streams\1.0.4\reactive-streams-1.0.4.jar;C:\Users\10827551\.m2\repository\org\freemarker\freemarker\2.3.32\freemarker-2.3.32.jar;C:\Users\10827551\.m2\repository\org\projectlombok\lombok\1.18.26\lombok-1.18.26.jar;C:\Users\10827551\.m2\repository\com\google\code\gson\gson\2.10.1\gson-2.10.1.jar;"/>
    <property name="java.vm.vendor" value="Eclipse Adoptium"/>
    <property name="sun.arch.data.model" value="64"/>
    <property name="user.variant" value=""/>
    <property name="java.vendor.url" value="https://adoptium.net/"/>
    <property name="user.timezone" value="Asia/Calcutta"/>
    <property name="os.name" value="Windows 11"/>
    <property name="java.vm.specification.version" value="21"/>
    <property name="sun.java.launcher" value="SUN_STANDARD"/>
    <property name="user.country" value="IN"/>
    <property name="sun.boot.library.path" value="C:\Program Files\Eclipse Adoptium\jdk-21.0.4.7-hotspot\bin"/>
    <property name="sun.java.command" value="C:\Users\10827551\AppData\Local\Temp\surefire7838542824605591182\surefirebooter-20250418101558467_3.jar C:\Users\10827551\AppData\Local\Temp\surefire7838542824605591182 2025-04-18T10-15-58_297-jvmRun1 surefire-20250418101558467_1tmp surefire_0-20250418101558467_2tmp"/>
    <property name="jdk.debug" value="release"/>
    <property name="surefire.test.class.path" value="C:\Users\10827551\OneDrive - LTIMindtree\Desktop\pet_api_testing\pet_api_testing\target\test-classes;C:\Users\10827551\OneDrive - LTIMindtree\Desktop\pet_api_testing\pet_api_testing\target\classes;C:\Users\10827551\.m2\repository\org\apache\logging\log4j\log4j-core\2.17.2\log4j-core-2.17.2.jar;C:\Users\10827551\.m2\repository\org\apache\logging\log4j\log4j-api\2.17.2\log4j-api-2.17.2.jar;C:\Users\10827551\.m2\repository\com\github\scribejava\scribejava-apis\8.3.3\scribejava-apis-8.3.3.jar;C:\Users\10827551\.m2\repository\com\github\scribejava\scribejava-core\8.3.3\scribejava-core-8.3.3.jar;C:\Users\10827551\.m2\repository\com\github\scribejava\scribejava-java8\8.3.3\scribejava-java8-8.3.3.jar;C:\Users\10827551\.m2\repository\com\fasterxml\jackson\core\jackson-databind\2.14.0\jackson-databind-2.14.0.jar;C:\Users\10827551\.m2\repository\com\fasterxml\jackson\core\jackson-annotations\2.14.0\jackson-annotations-2.14.0.jar;C:\Users\10827551\.m2\repository\com\fasterxml\jackson\core\jackson-core\2.14.0\jackson-core-2.14.0.jar;C:\Users\10827551\.m2\repository\org\testng\testng\7.11.0\testng-7.11.0.jar;C:\Users\10827551\.m2\repository\org\slf4j\slf4j-api\2.0.16\slf4j-api-2.0.16.jar;C:\Users\10827551\.m2\repository\org\jcommander\jcommander\1.83\jcommander-1.83.jar;C:\Users\10827551\.m2\repository\org\webjars\jquery\3.7.1\jquery-3.7.1.jar;C:\Users\10827551\.m2\repository\org\json\json\20250107\json-20250107.jar;C:\Users\10827551\.m2\repository\io\rest-assured\json-path\5.1.1\json-path-5.1.1.jar;C:\Users\10827551\.m2\repository\org\apache\groovy\groovy-json\4.0.1\groovy-json-4.0.1.jar;C:\Users\10827551\.m2\repository\org\apache\groovy\groovy\4.0.1\groovy-4.0.1.jar;C:\Users\10827551\.m2\repository\io\rest-assured\rest-assured-common\5.1.1\rest-assured-common-5.1.1.jar;C:\Users\10827551\.m2\repository\io\rest-assured\rest-assured\5.1.1\rest-assured-5.1.1.jar;C:\Users\10827551\.m2\repository\org\apache\groovy\groovy-xml\4.0.1\groovy-xml-4.0.1.jar;C:\Users\10827551\.m2\repository\org\apache\httpcomponents\httpclient\4.5.13\httpclient-4.5.13.jar;C:\Users\10827551\.m2\repository\org\apache\httpcomponents\httpcore\4.4.13\httpcore-4.4.13.jar;C:\Users\10827551\.m2\repository\commons-logging\commons-logging\1.2\commons-logging-1.2.jar;C:\Users\10827551\.m2\repository\org\apache\httpcomponents\httpmime\4.5.13\httpmime-4.5.13.jar;C:\Users\10827551\.m2\repository\org\hamcrest\hamcrest\2.1\hamcrest-2.1.jar;C:\Users\10827551\.m2\repository\org\ccil\cowan\tagsoup\tagsoup\1.2.1\tagsoup-1.2.1.jar;C:\Users\10827551\.m2\repository\io\rest-assured\xml-path\5.1.1\xml-path-5.1.1.jar;C:\Users\10827551\.m2\repository\com\github\javafaker\javafaker\1.0.2\javafaker-1.0.2.jar;C:\Users\10827551\.m2\repository\org\apache\commons\commons-lang3\3.5\commons-lang3-3.5.jar;C:\Users\10827551\.m2\repository\org\yaml\snakeyaml\1.23\snakeyaml-1.23-android.jar;C:\Users\10827551\.m2\repository\com\github\mifmif\generex\1.0.2\generex-1.0.2.jar;C:\Users\10827551\.m2\repository\dk\brics\automaton\automaton\1.11-8\automaton-1.11-8.jar;C:\Users\10827551\.m2\repository\org\apache\poi\poi-ooxml\5.4.0\poi-ooxml-5.4.0.jar;C:\Users\10827551\.m2\repository\org\apache\poi\poi-ooxml-lite\5.4.0\poi-ooxml-lite-5.4.0.jar;C:\Users\10827551\.m2\repository\org\apache\xmlbeans\xmlbeans\5.3.0\xmlbeans-5.3.0.jar;C:\Users\10827551\.m2\repository\org\apache\commons\commons-compress\1.27.1\commons-compress-1.27.1.jar;C:\Users\10827551\.m2\repository\commons-io\commons-io\2.18.0\commons-io-2.18.0.jar;C:\Users\10827551\.m2\repository\com\github\virtuald\curvesapi\1.08\curvesapi-1.08.jar;C:\Users\10827551\.m2\repository\org\apache\commons\commons-collections4\4.4\commons-collections4-4.4.jar;C:\Users\10827551\.m2\repository\org\apache\poi\poi\5.4.0\poi-5.4.0.jar;C:\Users\10827551\.m2\repository\commons-codec\commons-codec\1.17.1\commons-codec-1.17.1.jar;C:\Users\10827551\.m2\repository\org\apache\commons\commons-math3\3.6.1\commons-math3-3.6.1.jar;C:\Users\10827551\.m2\repository\com\zaxxer\SparseBitSet\1.3\SparseBitSet-1.3.jar;C:\Users\10827551\.m2\repository\com\aventstack\extentreports\5.1.2\extentreports-5.1.2.jar;C:\Users\10827551\.m2\repository\io\reactivex\rxjava3\rxjava\3.1.6\rxjava-3.1.6.jar;C:\Users\10827551\.m2\repository\org\reactivestreams\reactive-streams\1.0.4\reactive-streams-1.0.4.jar;C:\Users\10827551\.m2\repository\org\freemarker\freemarker\2.3.32\freemarker-2.3.32.jar;C:\Users\10827551\.m2\repository\org\projectlombok\lombok\1.18.26\lombok-1.18.26.jar;C:\Users\10827551\.m2\repository\com\google\code\gson\gson\2.10.1\gson-2.10.1.jar;"/>
    <property name="sun.cpu.endian" value="little"/>
    <property name="user.home" value="C:\Users\10827551"/>
    <property name="user.language" value="en"/>
    <property name="java.specification.vendor" value="Oracle Corporation"/>
    <property name="java.version.date" value="2024-07-16"/>
    <property name="java.home" value="C:\Program Files\Eclipse Adoptium\jdk-21.0.4.7-hotspot"/>
    <property name="file.separator" value="\"/>
    <property name="basedir" value="C:\Users\10827551\OneDrive - LTIMindtree\Desktop\pet_api_testing\pet_api_testing"/>
    <property name="java.vm.compressedOopsMode" value="Zero based"/>
    <property name="line.separator" value="&#10;"/>
    <property name="java.vm.specification.vendor" value="Oracle Corporation"/>
    <property name="java.specification.name" value="Java Platform API Specification"/>
    <property name="surefire.real.class.path" value="C:\Users\10827551\AppData\Local\Temp\surefire7838542824605591182\surefirebooter-20250418101558467_3.jar"/>
    <property name="user.script" value=""/>
    <property name="sun.management.compiler" value="HotSpot 64-Bit Tiered Compilers"/>
    <property name="java.runtime.version" value="21.0.4+7-LTS"/>
    <property name="user.name" value="10827551"/>
    <property name="stdout.encoding" value="Cp1252"/>
    <property name="path.separator" value=";"/>
    <property name="os.version" value="10.0"/>
    <property name="java.runtime.name" value="OpenJDK Runtime Environment"/>
    <property name="file.encoding" value="UTF-8"/>
    <property name="java.vm.name" value="OpenJDK 64-Bit Server VM"/>
    <property name="java.vendor.version" value="Temurin-21.0.4+7"/>
    <property name="localRepository" value="C:\Users\10827551\.m2\repository"/>
    <property name="java.vendor.url.bug" value="https://github.com/adoptium/adoptium-support/issues"/>
    <property name="java.io.tmpdir" value="C:\Users\10827551\AppData\Local\Temp\"/>
    <property name="java.version" value="21.0.4"/>
    <property name="user.dir" value="C:\Users\10827551\OneDrive - LTIMindtree\Desktop\pet_api_testing\pet_api_testing"/>
    <property name="os.arch" value="amd64"/>
    <property name="java.vm.specification.name" value="Java Virtual Machine Specification"/>
    <property name="sun.os.patch.level" value=""/>
    <property name="native.encoding" value="Cp1252"/>
    <property name="java.library.path" value="C:\Program Files\Eclipse Adoptium\jdk-21.0.4.7-hotspot\bin;C:\Windows\Sun\Java\bin;C:\Windows\system32;C:\Windows;C:\Program Files\Eclipse Adoptium\jdk-21.0.4.7-hotspot\bin;C:\Windows\system32;C:\Windows;C:\Windows\System32\Wbem;C:\Windows\System32\WindowsPowerShell\v1.0\;C:\Windows\System32\OpenSSH\;C:\Program Files\ServiceNow\agent-client-collector\bin;C:\Program Files\ServiceNow\agent-client-collector\embedded\bin;C:\Program Files\apache-maven-3.9.9\bin;C:\Program Files\nodejs\;C:\Program Files\Git\cmd;C:\Users\10827551\AppData\Local\Microsoft\WindowsApps;C:\Users\10827551\AppData\Local\Programs\Microsoft VS Code\bin;C:\Program Files\apache-maven-3.9.9\bin;C:\Users\10827551\AppData\Roaming\npm;;."/>
    <property name="java.vm.info" value="mixed mode, sharing"/>
    <property name="stderr.encoding" value="Cp1252"/>
    <property name="java.vendor" value="Eclipse Adoptium"/>
    <property name="java.vm.version" value="21.0.4+7-LTS"/>
    <property name="sun.io.unicode.encoding" value="UnicodeLittle"/>
    <property name="java.class.version" value="65.0"/>
  </properties>
  <testcase name="postOrders[1, 2861, 1, 2025-05-14T09:56:59.041877, approved, FALSE](1)" classname="apiTest.DDTest" time="2.733">
    <system-out><![CDATA[10:16:04.124 [main] INFO  apiTest.DDTest - *********************************************************************************************************************************************************
10:16:04.124 [main] INFO  apiTest.DDTest - Posting Order Details to the Store with Pet ID: 2861
10:16:06.841 [main] INFO  apiTest.DDTest - Response captured is: io.restassured.internal.RestAssuredResponseImpl@1a139347
10:16:06.841 [main] INFO  apiTest.DDTest - Successfully posted order details to the pet store with response Status_Code: 200
]]></system-out>
    <system-err><![CDATA[SLF4J(W): No SLF4J providers were found.
SLF4J(W): Defaulting to no-operation (NOP) logger implementation
SLF4J(W): See https://www.slf4j.org/codes.html#noProviders for further details.
]]></system-err>
  </testcase>
  <testcase name="postOrders[2, 9981, 8, 2025-04-23T09:56:59.041897, delivered, FALSE](2)" classname="apiTest.DDTest" time="1.37">
    <system-out><![CDATA[10:16:06.841 [main] INFO  apiTest.DDTest - *********************************************************************************************************************************************************
10:16:06.841 [main] INFO  apiTest.DDTest - Posting Order Details to the Store with Pet ID: 9981
10:16:08.220 [main] INFO  apiTest.DDTest - Response captured is: io.restassured.internal.RestAssuredResponseImpl@526893f
10:16:08.220 [main] INFO  apiTest.DDTest - Successfully posted order details to the pet store with response Status_Code: 200
]]></system-out>
  </testcase>
  <testcase name="postOrders[3, 8028, 3, 2025-04-18T09:56:59.041906, approved, TRUE](3)" classname="apiTest.DDTest" time="1.298">
    <system-out><![CDATA[10:16:08.226 [main] INFO  apiTest.DDTest - *********************************************************************************************************************************************************
10:16:08.226 [main] INFO  apiTest.DDTest - Posting Order Details to the Store with Pet ID: 8028
10:16:09.524 [main] INFO  apiTest.DDTest - Response captured is: io.restassured.internal.RestAssuredResponseImpl@2b974137
10:16:09.524 [main] INFO  apiTest.DDTest - Successfully posted order details to the pet store with response Status_Code: 200
]]></system-out>
  </testcase>
  <testcase name="postOrders[4, 1036, 7, 2025-04-20T09:56:59.041914, placed, TRUE](4)" classname="apiTest.DDTest" time="1.279">
    <system-out><![CDATA[10:16:09.524 [main] INFO  apiTest.DDTest - *********************************************************************************************************************************************************
10:16:09.524 [main] INFO  apiTest.DDTest - Posting Order Details to the Store with Pet ID: 1036
10:16:10.790 [main] INFO  apiTest.DDTest - Response captured is: io.restassured.internal.RestAssuredResponseImpl@3d59933
10:16:10.790 [main] INFO  apiTest.DDTest - Successfully posted order details to the pet store with response Status_Code: 200
]]></system-out>
  </testcase>
  <testcase name="postOrders[5, 9322, 8, 2025-05-03T09:56:59.041921, placed, TRUE](5)" classname="apiTest.DDTest" time="1.433">
    <system-out><![CDATA[10:16:10.790 [main] INFO  apiTest.DDTest - *********************************************************************************************************************************************************
10:16:10.790 [main] INFO  apiTest.DDTest - Posting Order Details to the Store with Pet ID: 9322
10:16:12.221 [main] INFO  apiTest.DDTest - Response captured is: io.restassured.internal.RestAssuredResponseImpl@19d3f6ad
10:16:12.221 [main] INFO  apiTest.DDTest - Successfully posted order details to the pet store with response Status_Code: 200
]]></system-out>
  </testcase>
  <testcase name="postOrders[6, 5843, 4, 2025-05-16T09:56:59.041928, delivered, FALSE](6)" classname="apiTest.DDTest" time="1.428">
    <system-out><![CDATA[10:16:12.221 [main] INFO  apiTest.DDTest - *********************************************************************************************************************************************************
10:16:12.221 [main] INFO  apiTest.DDTest - Posting Order Details to the Store with Pet ID: 5843
10:16:13.664 [main] INFO  apiTest.DDTest - Response captured is: io.restassured.internal.RestAssuredResponseImpl@5b88af70
10:16:13.664 [main] INFO  apiTest.DDTest - Successfully posted order details to the pet store with response Status_Code: 200
]]></system-out>
  </testcase>
  <testcase name="postOrders[7, 3552, 6, 2025-05-12T09:56:59.041936, placed, TRUE](7)" classname="apiTest.DDTest" time="1.232">
    <system-out><![CDATA[10:16:13.664 [main] INFO  apiTest.DDTest - *********************************************************************************************************************************************************
10:16:13.664 [main] INFO  apiTest.DDTest - Posting Order Details to the Store with Pet ID: 3552
10:16:14.898 [main] INFO  apiTest.DDTest - Response captured is: io.restassured.internal.RestAssuredResponseImpl@6f65a203
10:16:14.898 [main] INFO  apiTest.DDTest - Successfully posted order details to the pet store with response Status_Code: 200
]]></system-out>
  </testcase>
  <testcase name="postOrders[8, 8245, 3, 2025-05-13T09:56:59.041950, approved, TRUE](8)" classname="apiTest.DDTest" time="1.425">
    <system-out><![CDATA[10:16:14.899 [main] INFO  apiTest.DDTest - *********************************************************************************************************************************************************
10:16:14.899 [main] INFO  apiTest.DDTest - Posting Order Details to the Store with Pet ID: 8245
10:16:16.325 [main] INFO  apiTest.DDTest - Response captured is: io.restassured.internal.RestAssuredResponseImpl@624d778e
10:16:16.325 [main] INFO  apiTest.DDTest - Successfully posted order details to the pet store with response Status_Code: 200
]]></system-out>
  </testcase>
  <testcase name="postOrders[9, 3767, 2, 2025-04-18T09:56:59.041957, delivered, FALSE](9)" classname="apiTest.DDTest" time="1.127">
    <system-out><![CDATA[10:16:16.325 [main] INFO  apiTest.DDTest - *********************************************************************************************************************************************************
10:16:16.325 [main] INFO  apiTest.DDTest - Posting Order Details to the Store with Pet ID: 3767
10:16:17.452 [main] INFO  apiTest.DDTest - Response captured is: io.restassured.internal.RestAssuredResponseImpl@35cbeb54
10:16:17.452 [main] INFO  apiTest.DDTest - Successfully posted order details to the pet store with response Status_Code: 200
]]></system-out>
  </testcase>
  <testcase name="postOrders[10, 6107, 4, 2025-04-18T09:56:59.041964, approved, FALSE](10)" classname="apiTest.DDTest" time="1.224">
    <system-out><![CDATA[10:16:17.452 [main] INFO  apiTest.DDTest - *********************************************************************************************************************************************************
10:16:17.452 [main] INFO  apiTest.DDTest - Posting Order Details to the Store with Pet ID: 6107
10:16:18.676 [main] INFO  apiTest.DDTest - Response captured is: io.restassured.internal.RestAssuredResponseImpl@b144175
10:16:18.676 [main] INFO  apiTest.DDTest - Successfully posted order details to the pet store with response Status_Code: 200
]]></system-out>
  </testcase>
  <testcase name="postOrders[11, 8052, 4, 2025-04-22T09:56:59.041971, placed, TRUE](11)" classname="apiTest.DDTest" time="1.147">
    <system-out><![CDATA[10:16:18.676 [main] INFO  apiTest.DDTest - *********************************************************************************************************************************************************
10:16:18.676 [main] INFO  apiTest.DDTest - Posting Order Details to the Store with Pet ID: 8052
10:16:19.823 [main] INFO  apiTest.DDTest - Response captured is: io.restassured.internal.RestAssuredResponseImpl@1ba7db2a
10:16:19.823 [main] INFO  apiTest.DDTest - Successfully posted order details to the pet store with response Status_Code: 200
]]></system-out>
  </testcase>
  <testcase name="postOrders[12, 5761, 2, 2025-04-24T09:56:59.041978, approved, TRUE](12)" classname="apiTest.DDTest" time="1.113">
    <system-out><![CDATA[10:16:19.823 [main] INFO  apiTest.DDTest - *********************************************************************************************************************************************************
10:16:19.823 [main] INFO  apiTest.DDTest - Posting Order Details to the Store with Pet ID: 5761
10:16:20.926 [main] INFO  apiTest.DDTest - Response captured is: io.restassured.internal.RestAssuredResponseImpl@5b895e76
10:16:20.926 [main] INFO  apiTest.DDTest - Successfully posted order details to the pet store with response Status_Code: 200
]]></system-out>
  </testcase>
  <testcase name="postOrders[13, 8973, 3, 2025-05-06T09:56:59.041985, approved, FALSE](13)" classname="apiTest.DDTest" time="1.378">
    <system-out><![CDATA[10:16:20.936 [main] INFO  apiTest.DDTest - *********************************************************************************************************************************************************
10:16:20.936 [main] INFO  apiTest.DDTest - Posting Order Details to the Store with Pet ID: 8973
10:16:22.295 [main] INFO  apiTest.DDTest - Response captured is: io.restassured.internal.RestAssuredResponseImpl@5d8fd077
10:16:22.295 [main] INFO  apiTest.DDTest - Successfully posted order details to the pet store with response Status_Code: 200
]]></system-out>
  </testcase>
  <testcase name="postOrders[14, 4924, 3, 2025-05-16T09:56:59.041992, placed, FALSE](14)" classname="apiTest.DDTest" time="1.176">
    <system-out><![CDATA[10:16:22.295 [main] INFO  apiTest.DDTest - *********************************************************************************************************************************************************
10:16:22.295 [main] INFO  apiTest.DDTest - Posting Order Details to the Store with Pet ID: 4924
10:16:23.491 [main] INFO  apiTest.DDTest - Response captured is: io.restassured.internal.RestAssuredResponseImpl@626df173
10:16:23.491 [main] INFO  apiTest.DDTest - Successfully posted order details to the pet store with response Status_Code: 200
]]></system-out>
  </testcase>
  <testcase name="postOrders[15, 1125, 2, 2025-04-22T09:56:59.041999, placed, FALSE](15)" classname="apiTest.DDTest" time="1.113">
    <system-out><![CDATA[10:16:23.491 [main] INFO  apiTest.DDTest - *********************************************************************************************************************************************************
10:16:23.491 [main] INFO  apiTest.DDTest - Posting Order Details to the Store with Pet ID: 1125
10:16:24.589 [main] INFO  apiTest.DDTest - Response captured is: io.restassured.internal.RestAssuredResponseImpl@6b899971
10:16:24.589 [main] INFO  apiTest.DDTest - Successfully posted order details to the pet store with response Status_Code: 200
]]></system-out>
  </testcase>
  <testcase name="postOrders[16, 2933, 9, 2025-05-12T09:56:59.042006, delivered, TRUE](16)" classname="apiTest.DDTest" time="1.034">
    <system-out><![CDATA[10:16:24.604 [main] INFO  apiTest.DDTest - *********************************************************************************************************************************************************
10:16:24.604 [main] INFO  apiTest.DDTest - Posting Order Details to the Store with Pet ID: 2933
10:16:25.638 [main] INFO  apiTest.DDTest - Response captured is: io.restassured.internal.RestAssuredResponseImpl@254513e8
10:16:25.638 [main] INFO  apiTest.DDTest - Successfully posted order details to the pet store with response Status_Code: 200
]]></system-out>
  </testcase>
  <testcase name="postOrders[17, 9745, 10, 2025-05-01T09:56:59.042012, delivered, TRUE](17)" classname="apiTest.DDTest" time="1.535">
    <system-out><![CDATA[10:16:25.638 [main] INFO  apiTest.DDTest - *********************************************************************************************************************************************************
10:16:25.638 [main] INFO  apiTest.DDTest - Posting Order Details to the Store with Pet ID: 9745
10:16:27.173 [main] INFO  apiTest.DDTest - Response captured is: io.restassured.internal.RestAssuredResponseImpl@625db0e0
10:16:27.173 [main] INFO  apiTest.DDTest - Successfully posted order details to the pet store with response Status_Code: 200
]]></system-out>
  </testcase>
  <testcase name="postOrders[18, 3860, 1, 2025-04-25T09:56:59.042019, placed, FALSE](18)" classname="apiTest.DDTest" time="1.215">
    <system-out><![CDATA[10:16:27.173 [main] INFO  apiTest.DDTest - *********************************************************************************************************************************************************
10:16:27.173 [main] INFO  apiTest.DDTest - Posting Order Details to the Store with Pet ID: 3860
10:16:28.398 [main] INFO  apiTest.DDTest - Response captured is: io.restassured.internal.RestAssuredResponseImpl@1cee3e05
10:16:28.398 [main] INFO  apiTest.DDTest - Successfully posted order details to the pet store with response Status_Code: 200
]]></system-out>
  </testcase>
  <testcase name="postOrders[19, 4425, 10, 2025-05-10T09:56:59.042026, delivered, FALSE](19)" classname="apiTest.DDTest" time="1.241">
    <system-out><![CDATA[10:16:28.398 [main] INFO  apiTest.DDTest - *********************************************************************************************************************************************************
10:16:28.398 [main] INFO  apiTest.DDTest - Posting Order Details to the Store with Pet ID: 4425
10:16:29.639 [main] INFO  apiTest.DDTest - Response captured is: io.restassured.internal.RestAssuredResponseImpl@62c47480
10:16:29.639 [main] INFO  apiTest.DDTest - Successfully posted order details to the pet store with response Status_Code: 200
]]></system-out>
  </testcase>
  <testcase name="postOrders[20, 2957, 7, 2025-04-26T09:56:59.042033, approved, TRUE](20)" classname="apiTest.DDTest" time="1.059">
    <system-out><![CDATA[10:16:29.639 [main] INFO  apiTest.DDTest - *********************************************************************************************************************************************************
10:16:29.639 [main] INFO  apiTest.DDTest - Posting Order Details to the Store with Pet ID: 2957
10:16:30.698 [main] INFO  apiTest.DDTest - Response captured is: io.restassured.internal.RestAssuredResponseImpl@470f0637
10:16:30.698 [main] INFO  apiTest.DDTest - Successfully posted order details to the pet store with response Status_Code: 200
]]></system-out>
  </testcase>
  <testcase name="postOrders[21, 1234, 5, 2024-08-01T10:00:00, placed, TRUE](21)" classname="apiTest.DDTest" time="1.058">
    <system-out><![CDATA[10:16:30.698 [main] INFO  apiTest.DDTest - *********************************************************************************************************************************************************
10:16:30.698 [main] INFO  apiTest.DDTest - Posting Order Details to the Store with Pet ID: 1234
10:16:31.756 [main] INFO  apiTest.DDTest - Response captured is: io.restassured.internal.RestAssuredResponseImpl@538f45f1
10:16:31.756 [main] INFO  apiTest.DDTest - Successfully posted order details to the pet store with response Status_Code: 200
]]></system-out>
  </testcase>
  <testcase name="postOrders[22, 5678, 3, 2024-08-02T11:00:00, approved, FALSE](22)" classname="apiTest.DDTest" time="1.266">
    <system-out><![CDATA[10:16:31.756 [main] INFO  apiTest.DDTest - *********************************************************************************************************************************************************
10:16:31.756 [main] INFO  apiTest.DDTest - Posting Order Details to the Store with Pet ID: 5678
10:16:33.007 [main] INFO  apiTest.DDTest - Response captured is: io.restassured.internal.RestAssuredResponseImpl@696105c4
10:16:33.007 [main] INFO  apiTest.DDTest - Successfully posted order details to the pet store with response Status_Code: 200
]]></system-out>
  </testcase>
  <testcase name="getStoreDetails" classname="apiTest.DDTest" time="1.445">
    <system-out><![CDATA[10:16:34.447 [main] INFO  apiTest.DDTest - Successfully retrieved Store Details with Status_Code: 200
10:16:34.462 [main] INFO  apiTest.DDTest - {"sold":13,"string":676,"pending":2,"available":251}
]]></system-out>
  </testcase>
</testsuite>