<?xml version="1.0" encoding="UTF-8"?>
<testsuite xmlns:xsi="http://www.w3.org/2001/XMLSchema-instance" xsi:noNamespaceSchemaLocation="https://maven.apache.org/surefire/maven-surefire-plugin/xsd/surefire-test-report.xsd" version="3.0.2" name="TestSuite" time="306.288" tests="180" errors="0" skipped="0" failures="52">
  <properties>
    <property name="java.specification.version" value="21"/>
    <property name="sun.cpu.isalist" value="amd64"/>
    <property name="sun.jnu.encoding" value="Cp1252"/>
    <property name="java.class.path" value="C:\Users\10827551\OneDrive - LTIMindtree\Desktop\pet_api_testing\pet_api_testing\target\test-classes;C:\Users\10827551\OneDrive - LTIMindtree\Desktop\pet_api_testing\pet_api_testing\target\classes;C:\Users\10827551\.m2\repository\org\apache\logging\log4j\log4j-core\2.17.2\log4j-core-2.17.2.jar;C:\Users\10827551\.m2\repository\org\apache\logging\log4j\log4j-api\2.17.2\log4j-api-2.17.2.jar;C:\Users\10827551\.m2\repository\com\github\scribejava\scribejava-apis\8.3.3\scribejava-apis-8.3.3.jar;C:\Users\10827551\.m2\repository\com\github\scribejava\scribejava-core\8.3.3\scribejava-core-8.3.3.jar;C:\Users\10827551\.m2\repository\com\github\scribejava\scribejava-java8\8.3.3\scribejava-java8-8.3.3.jar;C:\Users\10827551\.m2\repository\com\fasterxml\jackson\core\jackson-databind\2.14.0\jackson-databind-2.14.0.jar;C:\Users\10827551\.m2\repository\com\fasterxml\jackson\core\jackson-annotations\2.14.0\jackson-annotations-2.14.0.jar;C:\Users\10827551\.m2\repository\com\fasterxml\jackson\core\jackson-core\2.14.0\jackson-core-2.14.0.jar;C:\Users\10827551\.m2\repository\org\testng\testng\7.11.0\testng-7.11.0.jar;C:\Users\10827551\.m2\repository\org\slf4j\slf4j-api\2.0.16\slf4j-api-2.0.16.jar;C:\Users\10827551\.m2\repository\org\jcommander\jcommander\1.83\jcommander-1.83.jar;C:\Users\10827551\.m2\repository\org\webjars\jquery\3.7.1\jquery-3.7.1.jar;C:\Users\10827551\.m2\repository\org\json\json\20250107\json-20250107.jar;C:\Users\10827551\.m2\repository\io\rest-assured\json-path\5.1.1\json-path-5.1.1.jar;C:\Users\10827551\.m2\repository\org\apache\groovy\groovy-json\4.0.1\groovy-json-4.0.1.jar;C:\Users\10827551\.m2\repository\org\apache\groovy\groovy\4.0.1\groovy-4.0.1.jar;C:\Users\10827551\.m2\repository\io\rest-assured\rest-assured-common\5.1.1\rest-assured-common-5.1.1.jar;C:\Users\10827551\.m2\repository\io\rest-assured\rest-assured\5.1.1\rest-assured-5.1.1.jar;C:\Users\10827551\.m2\repository\org\apache\groovy\groovy-xml\4.0.1\groovy-xml-4.0.1.jar;C:\Users\10827551\.m2\repository\org\apache\httpcomponents\httpclient\4.5.13\httpclient-4.5.13.jar;C:\Users\10827551\.m2\repository\org\apache\httpcomponents\httpcore\4.4.13\httpcore-4.4.13.jar;C:\Users\10827551\.m2\repository\commons-logging\commons-logging\1.2\commons-logging-1.2.jar;C:\Users\10827551\.m2\repository\org\apache\httpcomponents\httpmime\4.5.13\httpmime-4.5.13.jar;C:\Users\10827551\.m2\repository\org\hamcrest\hamcrest\2.1\hamcrest-2.1.jar;C:\Users\10827551\.m2\repository\org\ccil\cowan\tagsoup\tagsoup\1.2.1\tagsoup-1.2.1.jar;C:\Users\10827551\.m2\repository\io\rest-assured\xml-path\5.1.1\xml-path-5.1.1.jar;C:\Users\10827551\.m2\repository\com\github\javafaker\javafaker\1.0.2\javafaker-1.0.2.jar;C:\Users\10827551\.m2\repository\org\apache\commons\commons-lang3\3.5\commons-lang3-3.5.jar;C:\Users\10827551\.m2\repository\org\yaml\snakeyaml\1.23\snakeyaml-1.23-android.jar;C:\Users\10827551\.m2\repository\com\github\mifmif\generex\1.0.2\generex-1.0.2.jar;C:\Users\10827551\.m2\repository\dk\brics\automaton\automaton\1.11-8\automaton-1.11-8.jar;C:\Users\10827551\.m2\repository\org\apache\poi\poi-ooxml\5.4.0\poi-ooxml-5.4.0.jar;C:\Users\10827551\.m2\repository\org\apache\poi\poi-ooxml-lite\5.4.0\poi-ooxml-lite-5.4.0.jar;C:\Users\10827551\.m2\repository\org\apache\xmlbeans\xmlbeans\5.3.0\xmlbeans-5.3.0.jar;C:\Users\10827551\.m2\repository\org\apache\commons\commons-compress\1.27.1\commons-compress-1.27.1.jar;C:\Users\10827551\.m2\repository\commons-io\commons-io\2.18.0\commons-io-2.18.0.jar;C:\Users\10827551\.m2\repository\com\github\virtuald\curvesapi\1.08\curvesapi-1.08.jar;C:\Users\10827551\.m2\repository\org\apache\commons\commons-collections4\4.4\commons-collections4-4.4.jar;C:\Users\10827551\.m2\repository\org\apache\poi\poi\5.4.0\poi-5.4.0.jar;C:\Users\10827551\.m2\repository\commons-codec\commons-codec\1.17.1\commons-codec-1.17.1.jar;C:\Users\10827551\.m2\repository\org\apache\commons\commons-math3\3.6.1\commons-math3-3.6.1.jar;C:\Users\10827551\.m2\repository\com\zaxxer\SparseBitSet\1.3\SparseBitSet-1.3.jar;C:\Users\10827551\.m2\repository\com\aventstack\extentreports\5.1.2\extentreports-5.1.2.jar;C:\Users\10827551\.m2\repository\io\reactivex\rxjava3\rxjava\3.1.6\rxjava-3.1.6.jar;C:\Users\10827551\.m2\repository\org\reactivestreams\reactive-streams\1.0.4\reactive-streams-1.0.4.jar;C:\Users\10827551\.m2\repository\org\freemarker\freemarker\2.3.32\freemarker-2.3.32.jar;C:\Users\10827551\.m2\repository\org\projectlombok\lombok\1.18.26\lombok-1.18.26.jar;C:\Users\10827551\.m2\repository\com\google\code\gson\gson\2.10.1\gson-2.10.1.jar;"/>
    <property name="java.vm.vendor" value="Eclipse Adoptium"/>
    <property name="sun.arch.data.model" value="64"/>
    <property name="user.variant" value=""/>
    <property name="java.vendor.url" value="https://adoptium.net/"/>
    <property name="user.timezone" value="Asia/Calcutta"/>
    <property name="os.name" value="Windows 11"/>
    <property name="java.vm.specification.version" value="21"/>
    <property name="sun.java.launcher" value="SUN_STANDARD"/>
    <property name="user.country" value="IN"/>
    <property name="sun.boot.library.path" value="C:\Program Files\Eclipse Adoptium\jdk-21.0.4.7-hotspot\bin"/>
    <property name="sun.java.command" value="C:\Users\10827551\AppData\Local\Temp\surefire669400097964435675\surefirebooter-20250410123032607_3.jar C:\Users\10827551\AppData\Local\Temp\surefire669400097964435675 2025-04-10T12-30-32_496-jvmRun1 surefire-20250410123032607_1tmp surefire_0-20250410123032607_2tmp"/>
    <property name="jdk.debug" value="release"/>
    <property name="surefire.test.class.path" value="C:\Users\10827551\OneDrive - LTIMindtree\Desktop\pet_api_testing\pet_api_testing\target\test-classes;C:\Users\10827551\OneDrive - LTIMindtree\Desktop\pet_api_testing\pet_api_testing\target\classes;C:\Users\10827551\.m2\repository\org\apache\logging\log4j\log4j-core\2.17.2\log4j-core-2.17.2.jar;C:\Users\10827551\.m2\repository\org\apache\logging\log4j\log4j-api\2.17.2\log4j-api-2.17.2.jar;C:\Users\10827551\.m2\repository\com\github\scribejava\scribejava-apis\8.3.3\scribejava-apis-8.3.3.jar;C:\Users\10827551\.m2\repository\com\github\scribejava\scribejava-core\8.3.3\scribejava-core-8.3.3.jar;C:\Users\10827551\.m2\repository\com\github\scribejava\scribejava-java8\8.3.3\scribejava-java8-8.3.3.jar;C:\Users\10827551\.m2\repository\com\fasterxml\jackson\core\jackson-databind\2.14.0\jackson-databind-2.14.0.jar;C:\Users\10827551\.m2\repository\com\fasterxml\jackson\core\jackson-annotations\2.14.0\jackson-annotations-2.14.0.jar;C:\Users\10827551\.m2\repository\com\fasterxml\jackson\core\jackson-core\2.14.0\jackson-core-2.14.0.jar;C:\Users\10827551\.m2\repository\org\testng\testng\7.11.0\testng-7.11.0.jar;C:\Users\10827551\.m2\repository\org\slf4j\slf4j-api\2.0.16\slf4j-api-2.0.16.jar;C:\Users\10827551\.m2\repository\org\jcommander\jcommander\1.83\jcommander-1.83.jar;C:\Users\10827551\.m2\repository\org\webjars\jquery\3.7.1\jquery-3.7.1.jar;C:\Users\10827551\.m2\repository\org\json\json\20250107\json-20250107.jar;C:\Users\10827551\.m2\repository\io\rest-assured\json-path\5.1.1\json-path-5.1.1.jar;C:\Users\10827551\.m2\repository\org\apache\groovy\groovy-json\4.0.1\groovy-json-4.0.1.jar;C:\Users\10827551\.m2\repository\org\apache\groovy\groovy\4.0.1\groovy-4.0.1.jar;C:\Users\10827551\.m2\repository\io\rest-assured\rest-assured-common\5.1.1\rest-assured-common-5.1.1.jar;C:\Users\10827551\.m2\repository\io\rest-assured\rest-assured\5.1.1\rest-assured-5.1.1.jar;C:\Users\10827551\.m2\repository\org\apache\groovy\groovy-xml\4.0.1\groovy-xml-4.0.1.jar;C:\Users\10827551\.m2\repository\org\apache\httpcomponents\httpclient\4.5.13\httpclient-4.5.13.jar;C:\Users\10827551\.m2\repository\org\apache\httpcomponents\httpcore\4.4.13\httpcore-4.4.13.jar;C:\Users\10827551\.m2\repository\commons-logging\commons-logging\1.2\commons-logging-1.2.jar;C:\Users\10827551\.m2\repository\org\apache\httpcomponents\httpmime\4.5.13\httpmime-4.5.13.jar;C:\Users\10827551\.m2\repository\org\hamcrest\hamcrest\2.1\hamcrest-2.1.jar;C:\Users\10827551\.m2\repository\org\ccil\cowan\tagsoup\tagsoup\1.2.1\tagsoup-1.2.1.jar;C:\Users\10827551\.m2\repository\io\rest-assured\xml-path\5.1.1\xml-path-5.1.1.jar;C:\Users\10827551\.m2\repository\com\github\javafaker\javafaker\1.0.2\javafaker-1.0.2.jar;C:\Users\10827551\.m2\repository\org\apache\commons\commons-lang3\3.5\commons-lang3-3.5.jar;C:\Users\10827551\.m2\repository\org\yaml\snakeyaml\1.23\snakeyaml-1.23-android.jar;C:\Users\10827551\.m2\repository\com\github\mifmif\generex\1.0.2\generex-1.0.2.jar;C:\Users\10827551\.m2\repository\dk\brics\automaton\automaton\1.11-8\automaton-1.11-8.jar;C:\Users\10827551\.m2\repository\org\apache\poi\poi-ooxml\5.4.0\poi-ooxml-5.4.0.jar;C:\Users\10827551\.m2\repository\org\apache\poi\poi-ooxml-lite\5.4.0\poi-ooxml-lite-5.4.0.jar;C:\Users\10827551\.m2\repository\org\apache\xmlbeans\xmlbeans\5.3.0\xmlbeans-5.3.0.jar;C:\Users\10827551\.m2\repository\org\apache\commons\commons-compress\1.27.1\commons-compress-1.27.1.jar;C:\Users\10827551\.m2\repository\commons-io\commons-io\2.18.0\commons-io-2.18.0.jar;C:\Users\10827551\.m2\repository\com\github\virtuald\curvesapi\1.08\curvesapi-1.08.jar;C:\Users\10827551\.m2\repository\org\apache\commons\commons-collections4\4.4\commons-collections4-4.4.jar;C:\Users\10827551\.m2\repository\org\apache\poi\poi\5.4.0\poi-5.4.0.jar;C:\Users\10827551\.m2\repository\commons-codec\commons-codec\1.17.1\commons-codec-1.17.1.jar;C:\Users\10827551\.m2\repository\org\apache\commons\commons-math3\3.6.1\commons-math3-3.6.1.jar;C:\Users\10827551\.m2\repository\com\zaxxer\SparseBitSet\1.3\SparseBitSet-1.3.jar;C:\Users\10827551\.m2\repository\com\aventstack\extentreports\5.1.2\extentreports-5.1.2.jar;C:\Users\10827551\.m2\repository\io\reactivex\rxjava3\rxjava\3.1.6\rxjava-3.1.6.jar;C:\Users\10827551\.m2\repository\org\reactivestreams\reactive-streams\1.0.4\reactive-streams-1.0.4.jar;C:\Users\10827551\.m2\repository\org\freemarker\freemarker\2.3.32\freemarker-2.3.32.jar;C:\Users\10827551\.m2\repository\org\projectlombok\lombok\1.18.26\lombok-1.18.26.jar;C:\Users\10827551\.m2\repository\com\google\code\gson\gson\2.10.1\gson-2.10.1.jar;"/>
    <property name="sun.cpu.endian" value="little"/>
    <property name="user.home" value="C:\Users\10827551"/>
    <property name="user.language" value="en"/>
    <property name="java.specification.vendor" value="Oracle Corporation"/>
    <property name="java.version.date" value="2024-07-16"/>
    <property name="java.home" value="C:\Program Files\Eclipse Adoptium\jdk-21.0.4.7-hotspot"/>
    <property name="file.separator" value="\"/>
    <property name="basedir" value="C:\Users\10827551\OneDrive - LTIMindtree\Desktop\pet_api_testing\pet_api_testing"/>
    <property name="java.vm.compressedOopsMode" value="Zero based"/>
    <property name="line.separator" value="&#10;"/>
    <property name="java.vm.specification.vendor" value="Oracle Corporation"/>
    <property name="java.specification.name" value="Java Platform API Specification"/>
    <property name="surefire.real.class.path" value="C:\Users\10827551\AppData\Local\Temp\surefire669400097964435675\surefirebooter-20250410123032607_3.jar"/>
    <property name="user.script" value=""/>
    <property name="sun.management.compiler" value="HotSpot 64-Bit Tiered Compilers"/>
    <property name="java.runtime.version" value="21.0.4+7-LTS"/>
    <property name="user.name" value="10827551"/>
    <property name="stdout.encoding" value="Cp1252"/>
    <property name="path.separator" value=";"/>
    <property name="os.version" value="10.0"/>
    <property name="java.runtime.name" value="OpenJDK Runtime Environment"/>
    <property name="file.encoding" value="UTF-8"/>
    <property name="java.vm.name" value="OpenJDK 64-Bit Server VM"/>
    <property name="java.vendor.version" value="Temurin-21.0.4+7"/>
    <property name="localRepository" value="C:\Users\10827551\.m2\repository"/>
    <property name="java.vendor.url.bug" value="https://github.com/adoptium/adoptium-support/issues"/>
    <property name="java.io.tmpdir" value="C:\Users\10827551\AppData\Local\Temp\"/>
    <property name="java.version" value="21.0.4"/>
    <property name="user.dir" value="C:\Users\10827551\OneDrive - LTIMindtree\Desktop\pet_api_testing\pet_api_testing"/>
    <property name="os.arch" value="amd64"/>
    <property name="java.vm.specification.name" value="Java Virtual Machine Specification"/>
    <property name="sun.os.patch.level" value=""/>
    <property name="native.encoding" value="Cp1252"/>
    <property name="java.library.path" value="C:\Program Files\Eclipse Adoptium\jdk-21.0.4.7-hotspot\bin;C:\Windows\Sun\Java\bin;C:\Windows\system32;C:\Windows;C:\Program Files\Eclipse Adoptium\jdk-21.0.4.7-hotspot\bin;C:\Windows\system32;C:\Windows;C:\Windows\System32\Wbem;C:\Windows\System32\WindowsPowerShell\v1.0\;C:\Windows\System32\OpenSSH\;C:\Program Files\ServiceNow\agent-client-collector\bin;C:\Program Files\ServiceNow\agent-client-collector\embedded\bin;C:\Program Files\apache-maven-3.9.9\bin;C:\Program Files\nodejs\;C:\Users\10827551\AppData\Local\Microsoft\WindowsApps;C:\Users\10827551\AppData\Local\Programs\Microsoft VS Code\bin;C:\Program Files\apache-maven-3.9.9\bin;C:\Users\10827551\AppData\Roaming\npm;;."/>
    <property name="java.vm.info" value="mixed mode, sharing"/>
    <property name="stderr.encoding" value="Cp1252"/>
    <property name="java.vendor" value="Eclipse Adoptium"/>
    <property name="java.vm.version" value="21.0.4+7-LTS"/>
    <property name="sun.io.unicode.encoding" value="UnicodeLittle"/>
    <property name="java.class.version" value="65.0"/>
  </properties>
  <testcase name="testPostUser[1, alice.davis, Alice, Davis, alice.davis@example.com, Davis8578210314, 8578210314](1)" classname="apiTest.DDTest" time="4.681">
    <system-out><![CDATA[12:30:38.866 [main] INFO  apiTest.DDTest - *********************************************************************************************************************************************************
12:30:38.886 [main] INFO  apiTest.DDTest - Starting testPostUser with username: alice.davis
POST User name is :alice.davis
{
    "code": 200,
    "type": "unknown",
    "message": "1"
}
12:30:43.062 [main] INFO  apiTest.DDTest - Response: {"code":200,"type":"unknown","message":"1"}
]]></system-out>
    <system-err><![CDATA[SLF4J(W): No SLF4J providers were found.
SLF4J(W): Defaulting to no-operation (NOP) logger implementation
SLF4J(W): See https://www.slf4j.org/codes.html#noProviders for further details.
]]></system-err>
  </testcase>
  <testcase name="testPostUser[2, alice.brown, Alice, Brown, alice.brown@example.com, Brown6664969873, 6664969873](2)" classname="apiTest.DDTest" time="2.516">
    <system-out><![CDATA[12:30:43.540 [main] INFO  apiTest.DDTest - *********************************************************************************************************************************************************
12:30:43.540 [main] INFO  apiTest.DDTest - Starting testPostUser with username: alice.brown
POST User name is :alice.brown
{
    "code": 200,
    "type": "unknown",
    "message": "2"
}
12:30:45.860 [main] INFO  apiTest.DDTest - Response: {"code":200,"type":"unknown","message":"2"}
]]></system-out>
  </testcase>
  <testcase name="testPostUser[3, bob.smith, Bob, Smith, bob.smith@example.com, Smith3540186118, 3540186118](3)" classname="apiTest.DDTest" time="2.514">
    <system-out><![CDATA[12:30:46.072 [main] INFO  apiTest.DDTest - *********************************************************************************************************************************************************
12:30:46.072 [main] INFO  apiTest.DDTest - Starting testPostUser with username: bob.smith
POST User name is :bob.smith
{
    "code": 200,
    "type": "unknown",
    "message": "3"
}
12:30:48.471 [main] INFO  apiTest.DDTest - Response: {"code":200,"type":"unknown","message":"3"}
]]></system-out>
  </testcase>
  <testcase name="testPostUser[4, ivy.wilson, Ivy, Wilson, ivy.wilson@example.com, Wilson7321838147, 7321838147](4)" classname="apiTest.DDTest" time="2.48">
    <system-out><![CDATA[12:30:48.586 [main] INFO  apiTest.DDTest - *********************************************************************************************************************************************************
12:30:48.586 [main] INFO  apiTest.DDTest - Starting testPostUser with username: ivy.wilson
POST User name is :ivy.wilson
{
    "code": 200,
    "type": "unknown",
    "message": "4"
}
12:30:50.974 [main] INFO  apiTest.DDTest - Response: {"code":200,"type":"unknown","message":"4"}
]]></system-out>
  </testcase>
  <testcase name="testPostUser[5, bob.wilson, Bob, Wilson, bob.wilson@example.com, Wilson1111478633, 1111478633](5)" classname="apiTest.DDTest" time="2.43">
    <system-out><![CDATA[12:30:51.066 [main] INFO  apiTest.DDTest - *********************************************************************************************************************************************************
12:30:51.067 [main] INFO  apiTest.DDTest - Starting testPostUser with username: bob.wilson
POST User name is :bob.wilson
{
    "code": 200,
    "type": "unknown",
    "message": "5"
}
12:30:53.386 [main] INFO  apiTest.DDTest - Response: {"code":200,"type":"unknown","message":"5"}
]]></system-out>
  </testcase>
  <testcase name="testPostUser[6, nina.miller, Nina, Miller, nina.miller@example.com, Miller8868129388, 8868129388](6)" classname="apiTest.DDTest" time="2.519">
    <system-out><![CDATA[12:30:53.497 [main] INFO  apiTest.DDTest - *********************************************************************************************************************************************************
12:30:53.497 [main] INFO  apiTest.DDTest - Starting testPostUser with username: nina.miller
POST User name is :nina.miller
{
    "code": 200,
    "type": "unknown",
    "message": "6"
}
12:30:55.920 [main] INFO  apiTest.DDTest - Response: {"code":200,"type":"unknown","message":"6"}
]]></system-out>
  </testcase>
  <testcase name="testPostUser[7, nina.wilson, Nina, Wilson, nina.wilson@example.com, Wilson3859783296, 3859783296](7)" classname="apiTest.DDTest" time="2.44">
    <system-out><![CDATA[12:30:56.016 [main] INFO  apiTest.DDTest - *********************************************************************************************************************************************************
12:30:56.016 [main] INFO  apiTest.DDTest - Starting testPostUser with username: nina.wilson
POST User name is :nina.wilson
{
    "code": 200,
    "type": "unknown",
    "message": "7"
}
12:30:58.357 [main] INFO  apiTest.DDTest - Response: {"code":200,"type":"unknown","message":"7"}
]]></system-out>
  </testcase>
  <testcase name="testPostUser[8, frank.anderson, Frank, Anderson, frank.anderson@example.com, Anderson1734188574, 1734188574](8)" classname="apiTest.DDTest" time="2.442">
    <system-out><![CDATA[12:30:58.456 [main] INFO  apiTest.DDTest - *********************************************************************************************************************************************************
12:30:58.456 [main] INFO  apiTest.DDTest - Starting testPostUser with username: frank.anderson
POST User name is :frank.anderson
{
    "code": 200,
    "type": "unknown",
    "message": "8"
}
12:31:00.819 [main] INFO  apiTest.DDTest - Response: {"code":200,"type":"unknown","message":"8"}
]]></system-out>
  </testcase>
  <testcase name="testPostUser[9, jane.brown, Jane, Brown, jane.brown@example.com, Brown1732480698, 1732480698](9)" classname="apiTest.DDTest" time="2.48">
    <system-out><![CDATA[12:31:00.898 [main] INFO  apiTest.DDTest - *********************************************************************************************************************************************************
12:31:00.898 [main] INFO  apiTest.DDTest - Starting testPostUser with username: jane.brown
POST User name is :jane.brown
{
    "code": 200,
    "type": "unknown",
    "message": "9"
}
12:31:03.294 [main] INFO  apiTest.DDTest - Response: {"code":200,"type":"unknown","message":"9"}
]]></system-out>
  </testcase>
  <testcase name="testPostUser[10, jane.brown, Jane, Brown, jane.brown@example.com, Brown7453082604, 7453082604](10)" classname="apiTest.DDTest" time="2.468">
    <system-out><![CDATA[12:31:03.378 [main] INFO  apiTest.DDTest - *********************************************************************************************************************************************************
12:31:03.378 [main] INFO  apiTest.DDTest - Starting testPostUser with username: jane.brown
POST User name is :jane.brown
{
    "code": 200,
    "type": "unknown",
    "message": "10"
}
12:31:05.733 [main] INFO  apiTest.DDTest - Response: {"code":200,"type":"unknown","message":"10"}
]]></system-out>
  </testcase>
  <testcase name="testPostUser[11, hank.anderson, Hank, Anderson, hank.anderson@example.com, Anderson8983648226, 8983648226](11)" classname="apiTest.DDTest" time="2.445">
    <system-out><![CDATA[12:31:05.846 [main] INFO  apiTest.DDTest - *********************************************************************************************************************************************************
12:31:05.846 [main] INFO  apiTest.DDTest - Starting testPostUser with username: hank.anderson
POST User name is :hank.anderson
{
    "code": 200,
    "type": "unknown",
    "message": "11"
}
12:31:08.205 [main] INFO  apiTest.DDTest - Response: {"code":200,"type":"unknown","message":"11"}
]]></system-out>
  </testcase>
  <testcase name="testPostUser[12, frank.moore, Frank, Moore, frank.moore@example.com, Moore4176216143, 4176216143](12)" classname="apiTest.DDTest" time="2.4">
    <system-out><![CDATA[12:31:08.291 [main] INFO  apiTest.DDTest - *********************************************************************************************************************************************************
12:31:08.291 [main] INFO  apiTest.DDTest - Starting testPostUser with username: frank.moore
POST User name is :frank.moore
{
    "code": 200,
    "type": "unknown",
    "message": "12"
}
12:31:10.597 [main] INFO  apiTest.DDTest - Response: {"code":200,"type":"unknown","message":"12"}
]]></system-out>
  </testcase>
  <testcase name="testPostUser[13, charlie.brown, Charlie, Brown, charlie.brown@example.com, Brown9782431540, 9782431540](13)" classname="apiTest.DDTest" time="2.393">
    <system-out><![CDATA[12:31:10.692 [main] INFO  apiTest.DDTest - *********************************************************************************************************************************************************
12:31:10.693 [main] INFO  apiTest.DDTest - Starting testPostUser with username: charlie.brown
POST User name is :charlie.brown
{
    "code": 200,
    "type": "unknown",
    "message": "13"
}
12:31:13.002 [main] INFO  apiTest.DDTest - Response: {"code":200,"type":"unknown","message":"13"}
]]></system-out>
  </testcase>
  <testcase name="testPostUser[14, bob.anderson, Bob, Anderson, bob.anderson@example.com, Anderson3861296103, 3861296103](14)" classname="apiTest.DDTest" time="2.441">
    <system-out><![CDATA[12:31:13.086 [main] INFO  apiTest.DDTest - *********************************************************************************************************************************************************
12:31:13.086 [main] INFO  apiTest.DDTest - Starting testPostUser with username: bob.anderson
POST User name is :bob.anderson
{
    "code": 200,
    "type": "unknown",
    "message": "14"
}
12:31:15.440 [main] INFO  apiTest.DDTest - Response: {"code":200,"type":"unknown","message":"14"}
]]></system-out>
  </testcase>
  <testcase name="testPostUser[15, jane.brown, Jane, Brown, jane.brown@example.com, Brown6280941848, 6280941848](15)" classname="apiTest.DDTest" time="2.458">
    <system-out><![CDATA[12:31:15.527 [main] INFO  apiTest.DDTest - *********************************************************************************************************************************************************
12:31:15.527 [main] INFO  apiTest.DDTest - Starting testPostUser with username: jane.brown
POST User name is :jane.brown
{
    "code": 200,
    "type": "unknown",
    "message": "15"
}
12:31:17.895 [main] INFO  apiTest.DDTest - Response: {"code":200,"type":"unknown","message":"15"}
]]></system-out>
  </testcase>
  <testcase name="testPostUser[16, mia.moore, Mia, Moore, mia.moore@example.com, Moore5037278668, 5037278668](16)" classname="apiTest.DDTest" time="2.411">
    <system-out><![CDATA[12:31:17.985 [main] INFO  apiTest.DDTest - *********************************************************************************************************************************************************
12:31:17.985 [main] INFO  apiTest.DDTest - Starting testPostUser with username: mia.moore
POST User name is :mia.moore
{
    "code": 200,
    "type": "unknown",
    "message": "16"
}
12:31:20.296 [main] INFO  apiTest.DDTest - Response: {"code":200,"type":"unknown","message":"16"}
]]></system-out>
  </testcase>
  <testcase name="testPostUser[17, nina.brown, Nina, Brown, nina.brown@example.com, Brown2664435629, 2664435629](17)" classname="apiTest.DDTest" time="2.47">
    <system-out><![CDATA[12:31:20.396 [main] INFO  apiTest.DDTest - *********************************************************************************************************************************************************
12:31:20.396 [main] INFO  apiTest.DDTest - Starting testPostUser with username: nina.brown
POST User name is :nina.brown
{
    "code": 200,
    "type": "unknown",
    "message": "17"
}
12:31:22.783 [main] INFO  apiTest.DDTest - Response: {"code":200,"type":"unknown","message":"17"}
]]></system-out>
  </testcase>
  <testcase name="testPostUser[18, jack.anderson, Jack, Anderson, jack.anderson@example.com, Anderson7249669002, 7249669002](18)" classname="apiTest.DDTest" time="2.449">
    <system-out><![CDATA[12:31:22.866 [main] INFO  apiTest.DDTest - *********************************************************************************************************************************************************
12:31:22.866 [main] INFO  apiTest.DDTest - Starting testPostUser with username: jack.anderson
POST User name is :jack.anderson
{
    "code": 200,
    "type": "unknown",
    "message": "18"
}
12:31:25.204 [main] INFO  apiTest.DDTest - Response: {"code":200,"type":"unknown","message":"18"}
]]></system-out>
  </testcase>
  <testcase name="testPostUser[19, kate.taylor, Kate, Taylor, kate.taylor@example.com, Taylor8831565209, 8831565209](19)" classname="apiTest.DDTest" time="2.452">
    <system-out><![CDATA[12:31:25.316 [main] INFO  apiTest.DDTest - *********************************************************************************************************************************************************
12:31:25.316 [main] INFO  apiTest.DDTest - Starting testPostUser with username: kate.taylor
POST User name is :kate.taylor
{
    "code": 200,
    "type": "unknown",
    "message": "19"
}
12:31:27.666 [main] INFO  apiTest.DDTest - Response: {"code":200,"type":"unknown","message":"19"}
]]></system-out>
  </testcase>
  <testcase name="testPostUser[20, hank.davis, Hank, Davis, hank.davis@example.com, Davis8511062522, 8511062522](20)" classname="apiTest.DDTest" time="2.388">
    <system-out><![CDATA[12:31:27.768 [main] INFO  apiTest.DDTest - *********************************************************************************************************************************************************
12:31:27.768 [main] INFO  apiTest.DDTest - Starting testPostUser with username: hank.davis
POST User name is :hank.davis
{
    "code": 200,
    "type": "unknown",
    "message": "20"
}
12:31:30.070 [main] INFO  apiTest.DDTest - Response: {"code":200,"type":"unknown","message":"20"}
]]></system-out>
  </testcase>
  <testcase name="testPostUser[21, charlie.wilson, Charlie, Wilson, charlie.wilson@example.com, Wilson2239740964, 2239740964](21)" classname="apiTest.DDTest" time="2.45">
    <system-out><![CDATA[12:31:30.156 [main] INFO  apiTest.DDTest - *********************************************************************************************************************************************************
12:31:30.156 [main] INFO  apiTest.DDTest - Starting testPostUser with username: charlie.wilson
POST User name is :charlie.wilson
{
    "code": 200,
    "type": "unknown",
    "message": "21"
}
12:31:32.533 [main] INFO  apiTest.DDTest - Response: {"code":200,"type":"unknown","message":"21"}
]]></system-out>
  </testcase>
  <testcase name="testPostUser[22, charlie.doe, Charlie, Doe, charlie.doe@example.com, Doe7935167948, 7935167948](22)" classname="apiTest.DDTest" time="2.431">
    <system-out><![CDATA[12:31:32.606 [main] INFO  apiTest.DDTest - *********************************************************************************************************************************************************
12:31:32.606 [main] INFO  apiTest.DDTest - Starting testPostUser with username: charlie.doe
POST User name is :charlie.doe
{
    "code": 200,
    "type": "unknown",
    "message": "22"
}
12:31:34.944 [main] INFO  apiTest.DDTest - Response: {"code":200,"type":"unknown","message":"22"}
]]></system-out>
  </testcase>
  <testcase name="testPostUser[23, mia.wilson, Mia, Wilson, mia.wilson@example.com, Wilson2354947364, 2354947364](23)" classname="apiTest.DDTest" time="2.389">
    <system-out><![CDATA[12:31:35.037 [main] INFO  apiTest.DDTest - *********************************************************************************************************************************************************
12:31:35.037 [main] INFO  apiTest.DDTest - Starting testPostUser with username: mia.wilson
POST User name is :mia.wilson
{
    "code": 200,
    "type": "unknown",
    "message": "23"
}
12:31:37.344 [main] INFO  apiTest.DDTest - Response: {"code":200,"type":"unknown","message":"23"}
]]></system-out>
  </testcase>
  <testcase name="testPostUser[24, kate.johnson, Kate, Johnson, kate.johnson@example.com, Johnson8420475198, 8420475198](24)" classname="apiTest.DDTest" time="2.39">
    <system-out><![CDATA[12:31:37.426 [main] INFO  apiTest.DDTest - *********************************************************************************************************************************************************
12:31:37.426 [main] INFO  apiTest.DDTest - Starting testPostUser with username: kate.johnson
POST User name is :kate.johnson
{
    "code": 200,
    "type": "unknown",
    "message": "24"
}
12:31:39.723 [main] INFO  apiTest.DDTest - Response: {"code":200,"type":"unknown","message":"24"}
]]></system-out>
  </testcase>
  <testcase name="testPostUser[25, grace.doe, Grace, Doe, grace.doe@example.com, Doe4890543845, 4890543845](25)" classname="apiTest.DDTest" time="2.545">
    <system-out><![CDATA[12:31:39.816 [main] INFO  apiTest.DDTest - *********************************************************************************************************************************************************
12:31:39.816 [main] INFO  apiTest.DDTest - Starting testPostUser with username: grace.doe
POST User name is :grace.doe
{
    "code": 200,
    "type": "unknown",
    "message": "25"
}
12:31:42.211 [main] INFO  apiTest.DDTest - Response: {"code":200,"type":"unknown","message":"25"}
]]></system-out>
  </testcase>
  <testcase name="testPostUser[26, jane.miller, Jane, Miller, jane.miller@example.com, Miller7070830294, 7070830294](26)" classname="apiTest.DDTest" time="2.674">
    <system-out><![CDATA[12:31:42.361 [main] INFO  apiTest.DDTest - *********************************************************************************************************************************************************
12:31:42.361 [main] INFO  apiTest.DDTest - Starting testPostUser with username: jane.miller
POST User name is :jane.miller
{
    "code": 200,
    "type": "unknown",
    "message": "26"
}
12:31:44.955 [main] INFO  apiTest.DDTest - Response: {"code":200,"type":"unknown","message":"26"}
]]></system-out>
  </testcase>
  <testcase name="testPostUser[27, grace.brown, Grace, Brown, grace.brown@example.com, Brown6061752178, 6061752178](27)" classname="apiTest.DDTest" time="2.428">
    <system-out><![CDATA[12:31:45.035 [main] INFO  apiTest.DDTest - *********************************************************************************************************************************************************
12:31:45.035 [main] INFO  apiTest.DDTest - Starting testPostUser with username: grace.brown
POST User name is :grace.brown
{
    "code": 200,
    "type": "unknown",
    "message": "27"
}
12:31:47.378 [main] INFO  apiTest.DDTest - Response: {"code":200,"type":"unknown","message":"27"}
]]></system-out>
  </testcase>
  <testcase name="testPostUser[28, frank.johnson, Frank, Johnson, frank.johnson@example.com, Johnson9309561735, 9309561735](28)" classname="apiTest.DDTest" time="2.474">
    <system-out><![CDATA[12:31:47.463 [main] INFO  apiTest.DDTest - *********************************************************************************************************************************************************
12:31:47.463 [main] INFO  apiTest.DDTest - Starting testPostUser with username: frank.johnson
POST User name is :frank.johnson
{
    "code": 200,
    "type": "unknown",
    "message": "28"
}
12:31:49.879 [main] INFO  apiTest.DDTest - Response: {"code":200,"type":"unknown","message":"28"}
]]></system-out>
  </testcase>
  <testcase name="testPostUser[29, bob.taylor, Bob, Taylor, bob.taylor@example.com, Taylor7237237955, 7237237955](29)" classname="apiTest.DDTest" time="2.404">
    <system-out><![CDATA[12:31:49.937 [main] INFO  apiTest.DDTest - *********************************************************************************************************************************************************
12:31:49.937 [main] INFO  apiTest.DDTest - Starting testPostUser with username: bob.taylor
POST User name is :bob.taylor
{
    "code": 200,
    "type": "unknown",
    "message": "29"
}
12:31:52.281 [main] INFO  apiTest.DDTest - Response: {"code":200,"type":"unknown","message":"29"}
]]></system-out>
  </testcase>
  <testcase name="testPostUser[30, jack.johnson, Jack, Johnson, jack.johnson@example.com, Johnson2779720070, 2779720070](30)" classname="apiTest.DDTest" time="2.424">
    <system-out><![CDATA[12:31:52.341 [main] INFO  apiTest.DDTest - *********************************************************************************************************************************************************
12:31:52.341 [main] INFO  apiTest.DDTest - Starting testPostUser with username: jack.johnson
POST User name is :jack.johnson
{
    "code": 200,
    "type": "unknown",
    "message": "30"
}
12:31:54.711 [main] INFO  apiTest.DDTest - Response: {"code":200,"type":"unknown","message":"30"}
]]></system-out>
  </testcase>
  <testcase name="testPostUser[31, alice.taylor, Alice, Taylor, alice.taylor@example.com, Taylor8345334873, 8345334873](31)" classname="apiTest.DDTest" time="2.366">
    <system-out><![CDATA[12:31:54.765 [main] INFO  apiTest.DDTest - *********************************************************************************************************************************************************
12:31:54.765 [main] INFO  apiTest.DDTest - Starting testPostUser with username: alice.taylor
POST User name is :alice.taylor
{
    "code": 200,
    "type": "unknown",
    "message": "31"
}
12:31:57.075 [main] INFO  apiTest.DDTest - Response: {"code":200,"type":"unknown","message":"31"}
]]></system-out>
  </testcase>
  <testcase name="testPostUser[32, ivy.miller, Ivy, Miller, ivy.miller@example.com, Miller7238264707, 7238264707](32)" classname="apiTest.DDTest" time="2.378">
    <system-out><![CDATA[12:31:57.133 [main] INFO  apiTest.DDTest - *********************************************************************************************************************************************************
12:31:57.133 [main] INFO  apiTest.DDTest - Starting testPostUser with username: ivy.miller
POST User name is :ivy.miller
{
    "code": 200,
    "type": "unknown",
    "message": "32"
}
12:31:59.460 [main] INFO  apiTest.DDTest - Response: {"code":200,"type":"unknown","message":"32"}
]]></system-out>
  </testcase>
  <testcase name="testPostUser[33, leo.anderson, Leo, Anderson, leo.anderson@example.com, Anderson7548814699, 7548814699](33)" classname="apiTest.DDTest" time="2.394">
    <system-out><![CDATA[12:31:59.511 [main] INFO  apiTest.DDTest - *********************************************************************************************************************************************************
12:31:59.512 [main] INFO  apiTest.DDTest - Starting testPostUser with username: leo.anderson
POST User name is :leo.anderson
{
    "code": 200,
    "type": "unknown",
    "message": "33"
}
12:32:01.857 [main] INFO  apiTest.DDTest - Response: {"code":200,"type":"unknown","message":"33"}
]]></system-out>
  </testcase>
  <testcase name="testPostUser[34, jane.davis, Jane, Davis, jane.davis@example.com, Davis2854311888, 2854311888](34)" classname="apiTest.DDTest" time="2.437">
    <system-out><![CDATA[12:32:01.905 [main] INFO  apiTest.DDTest - *********************************************************************************************************************************************************
12:32:01.905 [main] INFO  apiTest.DDTest - Starting testPostUser with username: jane.davis
POST User name is :jane.davis
{
    "code": 200,
    "type": "unknown",
    "message": "34"
}
12:32:04.260 [main] INFO  apiTest.DDTest - Response: {"code":200,"type":"unknown","message":"34"}
]]></system-out>
  </testcase>
  <testcase name="testPostUser[35, leo.moore, Leo, Moore, leo.moore@example.com, Moore4665172750, 4665172750](35)" classname="apiTest.DDTest" time="2.35">
    <system-out><![CDATA[12:32:04.343 [main] INFO  apiTest.DDTest - *********************************************************************************************************************************************************
12:32:04.343 [main] INFO  apiTest.DDTest - Starting testPostUser with username: leo.moore
POST User name is :leo.moore
{
    "code": 200,
    "type": "unknown",
    "message": "35"
}
12:32:06.626 [main] INFO  apiTest.DDTest - Response: {"code":200,"type":"unknown","message":"35"}
]]></system-out>
  </testcase>
  <testcase name="testPostUser[36, grace.johnson, Grace, Johnson, grace.johnson@example.com, Johnson6311367111, 6311367111](36)" classname="apiTest.DDTest" time="2.392">
    <system-out><![CDATA[12:32:06.693 [main] INFO  apiTest.DDTest - *********************************************************************************************************************************************************
12:32:06.693 [main] INFO  apiTest.DDTest - Starting testPostUser with username: grace.johnson
POST User name is :grace.johnson
{
    "code": 200,
    "type": "unknown",
    "message": "36"
}
12:32:09.024 [main] INFO  apiTest.DDTest - Response: {"code":200,"type":"unknown","message":"36"}
]]></system-out>
  </testcase>
  <testcase name="testPostUser[37, frank.taylor, Frank, Taylor, frank.taylor@example.com, Taylor7884542152, 7884542152](37)" classname="apiTest.DDTest" time="2.319">
    <system-out><![CDATA[12:32:09.085 [main] INFO  apiTest.DDTest - *********************************************************************************************************************************************************
12:32:09.086 [main] INFO  apiTest.DDTest - Starting testPostUser with username: frank.taylor
POST User name is :frank.taylor
{
    "code": 200,
    "type": "unknown",
    "message": "37"
}
12:32:11.359 [main] INFO  apiTest.DDTest - Response: {"code":200,"type":"unknown","message":"37"}
]]></system-out>
  </testcase>
  <testcase name="testPostUser[38, ivy.smith, Ivy, Smith, ivy.smith@example.com, Smith3759188003, 3759188003](38)" classname="apiTest.DDTest" time="2.331">
    <system-out><![CDATA[12:32:11.406 [main] INFO  apiTest.DDTest - *********************************************************************************************************************************************************
12:32:11.406 [main] INFO  apiTest.DDTest - Starting testPostUser with username: ivy.smith
POST User name is :ivy.smith
{
    "code": 200,
    "type": "unknown",
    "message": "38"
}
12:32:13.686 [main] INFO  apiTest.DDTest - Response: {"code":200,"type":"unknown","message":"38"}
]]></system-out>
  </testcase>
  <testcase name="testPostUser[39, jane.davis, Jane, Davis, jane.davis@example.com, Davis7081118774, 7081118774](39)" classname="apiTest.DDTest" time="2.329">
    <system-out><![CDATA[12:32:13.737 [main] INFO  apiTest.DDTest - *********************************************************************************************************************************************************
12:32:13.737 [main] INFO  apiTest.DDTest - Starting testPostUser with username: jane.davis
POST User name is :jane.davis
{
    "code": 200,
    "type": "unknown",
    "message": "39"
}
12:32:16.015 [main] INFO  apiTest.DDTest - Response: {"code":200,"type":"unknown","message":"39"}
]]></system-out>
  </testcase>
  <testcase name="testPostUser[40, nina.taylor, Nina, Taylor, nina.taylor@example.com, Taylor2140298639, 2140298639](40)" classname="apiTest.DDTest" time="2.35">
    <system-out><![CDATA[12:32:16.068 [main] INFO  apiTest.DDTest - *********************************************************************************************************************************************************
12:32:16.068 [main] INFO  apiTest.DDTest - Starting testPostUser with username: nina.taylor
POST User name is :nina.taylor
{
    "code": 200,
    "type": "unknown",
    "message": "40"
}
12:32:18.357 [main] INFO  apiTest.DDTest - Response: {"code":200,"type":"unknown","message":"40"}
]]></system-out>
  </testcase>
  <testcase name="testReadUser[alice.davis](1)" classname="apiTest.DDTest" time="1.808">
    <system-out><![CDATA[12:32:18.945 [main] INFO  apiTest.DDTest - *********************************************************************************************************************************************************
12:32:18.945 [main] INFO  apiTest.DDTest - Starting testReadUser with username: alice.davis
{
    "id": 1,
    "username": "alice.davis",
    "firstName": "Alice",
    "lastName": "Davis",
    "email": "alice.davis@example.com",
    "password": "Davis8578210314",
    "phone": "8578210314",
    "userStatus": 0
}
12:32:20.242 [main] INFO  apiTest.DDTest - Response: {"id":1,"username":"alice.davis","firstName":"Alice","lastName":"Davis","email":"alice.davis@example.com","password":"Davis8578210314","phone":"8578210314","userStatus":0}
]]></system-out>
  </testcase>
  <testcase name="testReadUser[alice.brown](2)" classname="apiTest.DDTest" time="1.383">
    <system-out><![CDATA[12:32:20.753 [main] INFO  apiTest.DDTest - *********************************************************************************************************************************************************
12:32:20.753 [main] INFO  apiTest.DDTest - Starting testReadUser with username: alice.brown
{
    "id": 2,
    "username": "alice.brown",
    "firstName": "Alice",
    "lastName": "Brown",
    "email": "alice.brown@example.com",
    "password": "Brown6664969873",
    "phone": "6664969873",
    "userStatus": 0
}
12:32:22.066 [main] INFO  apiTest.DDTest - Response: {"id":2,"username":"alice.brown","firstName":"Alice","lastName":"Brown","email":"alice.brown@example.com","password":"Brown6664969873","phone":"6664969873","userStatus":0}
]]></system-out>
  </testcase>
  <testcase name="testReadUser[bob.smith](3)" classname="apiTest.DDTest" time="1.335">
    <system-out><![CDATA[12:32:22.136 [main] INFO  apiTest.DDTest - *********************************************************************************************************************************************************
12:32:22.137 [main] INFO  apiTest.DDTest - Starting testReadUser with username: bob.smith
{
    "id": 3,
    "username": "bob.smith",
    "firstName": "Bob",
    "lastName": "Smith",
    "email": "bob.smith@example.com",
    "password": "Smith3540186118",
    "phone": "3540186118",
    "userStatus": 0
}
12:32:23.415 [main] INFO  apiTest.DDTest - Response: {"id":3,"username":"bob.smith","firstName":"Bob","lastName":"Smith","email":"bob.smith@example.com","password":"Smith3540186118","phone":"3540186118","userStatus":0}
]]></system-out>
  </testcase>
  <testcase name="testReadUser[ivy.wilson](4)" classname="apiTest.DDTest" time="1.324">
    <failure message="expected [null] but found [ivy.wilson]" type="java.lang.AssertionError"><![CDATA[java.lang.AssertionError: expected [null] but found [ivy.wilson]
	at org.testng.Assert.fail(Assert.java:111)
	at org.testng.Assert.failNotEquals(Assert.java:1590)
	at org.testng.Assert.assertEqualsImpl(Assert.java:150)
	at org.testng.Assert.assertEquals(Assert.java:132)
	at org.testng.Assert.assertEquals(Assert.java:656)
	at org.testng.Assert.assertEquals(Assert.java:666)
	at apiTest.DDTest.testReadUser(DDTest.java:100)
	at java.base/jdk.internal.reflect.DirectMethodHandleAccessor.invoke(DirectMethodHandleAccessor.java:103)
	at java.base/java.lang.reflect.Method.invoke(Method.java:580)
	at org.testng.internal.invokers.MethodInvocationHelper.invokeMethod(MethodInvocationHelper.java:141)
	at org.testng.internal.invokers.TestInvoker.invokeMethod(TestInvoker.java:687)
	at org.testng.internal.invokers.TestInvoker.invokeTestMethod(TestInvoker.java:230)
	at org.testng.internal.invokers.MethodRunner.runInSequence(MethodRunner.java:63)
	at org.testng.internal.invokers.TestInvoker$MethodInvocationAgent.invoke(TestInvoker.java:995)
	at org.testng.internal.invokers.TestInvoker.invokeTestMethods(TestInvoker.java:203)
	at org.testng.internal.invokers.TestMethodWorker.invokeTestMethods(TestMethodWorker.java:154)
	at org.testng.internal.invokers.TestMethodWorker.run(TestMethodWorker.java:134)
	at java.base/java.util.ArrayList.forEach(ArrayList.java:1596)
	at org.testng.TestRunner.privateRun(TestRunner.java:741)
	at org.testng.TestRunner.run(TestRunner.java:616)
	at org.testng.SuiteRunner.runTest(SuiteRunner.java:421)
	at org.testng.SuiteRunner.runSequentially(SuiteRunner.java:413)
	at org.testng.SuiteRunner.privateRun(SuiteRunner.java:373)
	at org.testng.SuiteRunner.run(SuiteRunner.java:312)
	at org.testng.SuiteRunnerWorker.runSuite(SuiteRunnerWorker.java:52)
	at org.testng.SuiteRunnerWorker.run(SuiteRunnerWorker.java:95)
	at org.testng.TestNG.runSuitesSequentially(TestNG.java:1274)
	at org.testng.TestNG.runSuitesLocally(TestNG.java:1208)
	at org.testng.TestNG.runSuites(TestNG.java:1112)
	at org.testng.TestNG.run(TestNG.java:1079)
	at org.apache.maven.surefire.testng.TestNGExecutor.run(TestNGExecutor.java:155)
	at org.apache.maven.surefire.testng.TestNGDirectoryTestSuite.executeMulti(TestNGDirectoryTestSuite.java:169)
	at org.apache.maven.surefire.testng.TestNGDirectoryTestSuite.execute(TestNGDirectoryTestSuite.java:88)
	at org.apache.maven.surefire.testng.TestNGProvider.invoke(TestNGProvider.java:137)
	at org.apache.maven.surefire.booter.ForkedBooter.runSuitesInProcess(ForkedBooter.java:385)
	at org.apache.maven.surefire.booter.ForkedBooter.execute(ForkedBooter.java:162)
	at org.apache.maven.surefire.booter.ForkedBooter.run(ForkedBooter.java:507)
	at org.apache.maven.surefire.booter.ForkedBooter.main(ForkedBooter.java:495)
]]></failure>
    <system-out><![CDATA[12:32:23.472 [main] INFO  apiTest.DDTest - *********************************************************************************************************************************************************
12:32:23.472 [main] INFO  apiTest.DDTest - Starting testReadUser with username: ivy.wilson
{
    "code": 1,
    "type": "error",
    "message": "User not found"
}
12:32:24.725 [main] INFO  apiTest.DDTest - Response: {"code":1,"type":"error","message":"User not found"}
12:32:24.782 [main] ERROR apiTest.DDTest - User read failed. Username: ivy.wilson. Status code: 404
]]></system-out>
  </testcase>
  <testcase name="testReadUser[bob.wilson](5)" classname="apiTest.DDTest" time="1.397">
    <failure message="expected [null] but found [bob.wilson]" type="java.lang.AssertionError"><![CDATA[java.lang.AssertionError: expected [null] but found [bob.wilson]
	at org.testng.Assert.fail(Assert.java:111)
	at org.testng.Assert.failNotEquals(Assert.java:1590)
	at org.testng.Assert.assertEqualsImpl(Assert.java:150)
	at org.testng.Assert.assertEquals(Assert.java:132)
	at org.testng.Assert.assertEquals(Assert.java:656)
	at org.testng.Assert.assertEquals(Assert.java:666)
	at apiTest.DDTest.testReadUser(DDTest.java:100)
	at java.base/jdk.internal.reflect.DirectMethodHandleAccessor.invoke(DirectMethodHandleAccessor.java:103)
	at java.base/java.lang.reflect.Method.invoke(Method.java:580)
	at org.testng.internal.invokers.MethodInvocationHelper.invokeMethod(MethodInvocationHelper.java:141)
	at org.testng.internal.invokers.TestInvoker.invokeMethod(TestInvoker.java:687)
	at org.testng.internal.invokers.TestInvoker.invokeTestMethod(TestInvoker.java:230)
	at org.testng.internal.invokers.MethodRunner.runInSequence(MethodRunner.java:63)
	at org.testng.internal.invokers.TestInvoker$MethodInvocationAgent.invoke(TestInvoker.java:995)
	at org.testng.internal.invokers.TestInvoker.invokeTestMethods(TestInvoker.java:203)
	at org.testng.internal.invokers.TestMethodWorker.invokeTestMethods(TestMethodWorker.java:154)
	at org.testng.internal.invokers.TestMethodWorker.run(TestMethodWorker.java:134)
	at java.base/java.util.ArrayList.forEach(ArrayList.java:1596)
	at org.testng.TestRunner.privateRun(TestRunner.java:741)
	at org.testng.TestRunner.run(TestRunner.java:616)
	at org.testng.SuiteRunner.runTest(SuiteRunner.java:421)
	at org.testng.SuiteRunner.runSequentially(SuiteRunner.java:413)
	at org.testng.SuiteRunner.privateRun(SuiteRunner.java:373)
	at org.testng.SuiteRunner.run(SuiteRunner.java:312)
	at org.testng.SuiteRunnerWorker.runSuite(SuiteRunnerWorker.java:52)
	at org.testng.SuiteRunnerWorker.run(SuiteRunnerWorker.java:95)
	at org.testng.TestNG.runSuitesSequentially(TestNG.java:1274)
	at org.testng.TestNG.runSuitesLocally(TestNG.java:1208)
	at org.testng.TestNG.runSuites(TestNG.java:1112)
	at org.testng.TestNG.run(TestNG.java:1079)
	at org.apache.maven.surefire.testng.TestNGExecutor.run(TestNGExecutor.java:155)
	at org.apache.maven.surefire.testng.TestNGDirectoryTestSuite.executeMulti(TestNGDirectoryTestSuite.java:169)
	at org.apache.maven.surefire.testng.TestNGDirectoryTestSuite.execute(TestNGDirectoryTestSuite.java:88)
	at org.apache.maven.surefire.testng.TestNGProvider.invoke(TestNGProvider.java:137)
	at org.apache.maven.surefire.booter.ForkedBooter.runSuitesInProcess(ForkedBooter.java:385)
	at org.apache.maven.surefire.booter.ForkedBooter.execute(ForkedBooter.java:162)
	at org.apache.maven.surefire.booter.ForkedBooter.run(ForkedBooter.java:507)
	at org.apache.maven.surefire.booter.ForkedBooter.main(ForkedBooter.java:495)
]]></failure>
    <system-out><![CDATA[12:32:24.796 [main] INFO  apiTest.DDTest - *********************************************************************************************************************************************************
12:32:24.796 [main] INFO  apiTest.DDTest - Starting testReadUser with username: bob.wilson
{
    "code": 1,
    "type": "error",
    "message": "User not found"
}
12:32:26.128 [main] INFO  apiTest.DDTest - Response: {"code":1,"type":"error","message":"User not found"}
12:32:26.185 [main] ERROR apiTest.DDTest - User read failed. Username: bob.wilson. Status code: 404
]]></system-out>
  </testcase>
  <testcase name="testReadUser[nina.miller](6)" classname="apiTest.DDTest" time="1.345">
    <system-out><![CDATA[12:32:26.192 [main] INFO  apiTest.DDTest - *********************************************************************************************************************************************************
12:32:26.192 [main] INFO  apiTest.DDTest - Starting testReadUser with username: nina.miller
{
    "id": 6,
    "username": "nina.miller",
    "firstName": "Nina",
    "lastName": "Miller",
    "email": "nina.miller@example.com",
    "password": "Miller8868129388",
    "phone": "8868129388",
    "userStatus": 0
}
12:32:27.486 [main] INFO  apiTest.DDTest - Response: {"id":6,"username":"nina.miller","firstName":"Nina","lastName":"Miller","email":"nina.miller@example.com","password":"Miller8868129388","phone":"8868129388","userStatus":0}
]]></system-out>
  </testcase>
  <testcase name="testReadUser[nina.wilson](7)" classname="apiTest.DDTest" time="1.361">
    <failure message="expected [null] but found [nina.wilson]" type="java.lang.AssertionError"><![CDATA[java.lang.AssertionError: expected [null] but found [nina.wilson]
	at org.testng.Assert.fail(Assert.java:111)
	at org.testng.Assert.failNotEquals(Assert.java:1590)
	at org.testng.Assert.assertEqualsImpl(Assert.java:150)
	at org.testng.Assert.assertEquals(Assert.java:132)
	at org.testng.Assert.assertEquals(Assert.java:656)
	at org.testng.Assert.assertEquals(Assert.java:666)
	at apiTest.DDTest.testReadUser(DDTest.java:100)
	at java.base/jdk.internal.reflect.DirectMethodHandleAccessor.invoke(DirectMethodHandleAccessor.java:103)
	at java.base/java.lang.reflect.Method.invoke(Method.java:580)
	at org.testng.internal.invokers.MethodInvocationHelper.invokeMethod(MethodInvocationHelper.java:141)
	at org.testng.internal.invokers.TestInvoker.invokeMethod(TestInvoker.java:687)
	at org.testng.internal.invokers.TestInvoker.invokeTestMethod(TestInvoker.java:230)
	at org.testng.internal.invokers.MethodRunner.runInSequence(MethodRunner.java:63)
	at org.testng.internal.invokers.TestInvoker$MethodInvocationAgent.invoke(TestInvoker.java:995)
	at org.testng.internal.invokers.TestInvoker.invokeTestMethods(TestInvoker.java:203)
	at org.testng.internal.invokers.TestMethodWorker.invokeTestMethods(TestMethodWorker.java:154)
	at org.testng.internal.invokers.TestMethodWorker.run(TestMethodWorker.java:134)
	at java.base/java.util.ArrayList.forEach(ArrayList.java:1596)
	at org.testng.TestRunner.privateRun(TestRunner.java:741)
	at org.testng.TestRunner.run(TestRunner.java:616)
	at org.testng.SuiteRunner.runTest(SuiteRunner.java:421)
	at org.testng.SuiteRunner.runSequentially(SuiteRunner.java:413)
	at org.testng.SuiteRunner.privateRun(SuiteRunner.java:373)
	at org.testng.SuiteRunner.run(SuiteRunner.java:312)
	at org.testng.SuiteRunnerWorker.runSuite(SuiteRunnerWorker.java:52)
	at org.testng.SuiteRunnerWorker.run(SuiteRunnerWorker.java:95)
	at org.testng.TestNG.runSuitesSequentially(TestNG.java:1274)
	at org.testng.TestNG.runSuitesLocally(TestNG.java:1208)
	at org.testng.TestNG.runSuites(TestNG.java:1112)
	at org.testng.TestNG.run(TestNG.java:1079)
	at org.apache.maven.surefire.testng.TestNGExecutor.run(TestNGExecutor.java:155)
	at org.apache.maven.surefire.testng.TestNGDirectoryTestSuite.executeMulti(TestNGDirectoryTestSuite.java:169)
	at org.apache.maven.surefire.testng.TestNGDirectoryTestSuite.execute(TestNGDirectoryTestSuite.java:88)
	at org.apache.maven.surefire.testng.TestNGProvider.invoke(TestNGProvider.java:137)
	at org.apache.maven.surefire.booter.ForkedBooter.runSuitesInProcess(ForkedBooter.java:385)
	at org.apache.maven.surefire.booter.ForkedBooter.execute(ForkedBooter.java:162)
	at org.apache.maven.surefire.booter.ForkedBooter.run(ForkedBooter.java:507)
	at org.apache.maven.surefire.booter.ForkedBooter.main(ForkedBooter.java:495)
]]></failure>
    <system-out><![CDATA[12:32:27.538 [main] INFO  apiTest.DDTest - *********************************************************************************************************************************************************
12:32:27.538 [main] INFO  apiTest.DDTest - Starting testReadUser with username: nina.wilson
{
    "code": 1,
    "type": "error",
    "message": "User not found"
}
12:32:28.844 [main] INFO  apiTest.DDTest - Response: {"code":1,"type":"error","message":"User not found"}
12:32:28.891 [main] ERROR apiTest.DDTest - User read failed. Username: nina.wilson. Status code: 404
]]></system-out>
  </testcase>
  <testcase name="testReadUser[frank.anderson](8)" classname="apiTest.DDTest" time="1.336">
    <failure message="expected [null] but found [frank.anderson]" type="java.lang.AssertionError"><![CDATA[java.lang.AssertionError: expected [null] but found [frank.anderson]
	at org.testng.Assert.fail(Assert.java:111)
	at org.testng.Assert.failNotEquals(Assert.java:1590)
	at org.testng.Assert.assertEqualsImpl(Assert.java:150)
	at org.testng.Assert.assertEquals(Assert.java:132)
	at org.testng.Assert.assertEquals(Assert.java:656)
	at org.testng.Assert.assertEquals(Assert.java:666)
	at apiTest.DDTest.testReadUser(DDTest.java:100)
	at java.base/jdk.internal.reflect.DirectMethodHandleAccessor.invoke(DirectMethodHandleAccessor.java:103)
	at java.base/java.lang.reflect.Method.invoke(Method.java:580)
	at org.testng.internal.invokers.MethodInvocationHelper.invokeMethod(MethodInvocationHelper.java:141)
	at org.testng.internal.invokers.TestInvoker.invokeMethod(TestInvoker.java:687)
	at org.testng.internal.invokers.TestInvoker.invokeTestMethod(TestInvoker.java:230)
	at org.testng.internal.invokers.MethodRunner.runInSequence(MethodRunner.java:63)
	at org.testng.internal.invokers.TestInvoker$MethodInvocationAgent.invoke(TestInvoker.java:995)
	at org.testng.internal.invokers.TestInvoker.invokeTestMethods(TestInvoker.java:203)
	at org.testng.internal.invokers.TestMethodWorker.invokeTestMethods(TestMethodWorker.java:154)
	at org.testng.internal.invokers.TestMethodWorker.run(TestMethodWorker.java:134)
	at java.base/java.util.ArrayList.forEach(ArrayList.java:1596)
	at org.testng.TestRunner.privateRun(TestRunner.java:741)
	at org.testng.TestRunner.run(TestRunner.java:616)
	at org.testng.SuiteRunner.runTest(SuiteRunner.java:421)
	at org.testng.SuiteRunner.runSequentially(SuiteRunner.java:413)
	at org.testng.SuiteRunner.privateRun(SuiteRunner.java:373)
	at org.testng.SuiteRunner.run(SuiteRunner.java:312)
	at org.testng.SuiteRunnerWorker.runSuite(SuiteRunnerWorker.java:52)
	at org.testng.SuiteRunnerWorker.run(SuiteRunnerWorker.java:95)
	at org.testng.TestNG.runSuitesSequentially(TestNG.java:1274)
	at org.testng.TestNG.runSuitesLocally(TestNG.java:1208)
	at org.testng.TestNG.runSuites(TestNG.java:1112)
	at org.testng.TestNG.run(TestNG.java:1079)
	at org.apache.maven.surefire.testng.TestNGExecutor.run(TestNGExecutor.java:155)
	at org.apache.maven.surefire.testng.TestNGDirectoryTestSuite.executeMulti(TestNGDirectoryTestSuite.java:169)
	at org.apache.maven.surefire.testng.TestNGDirectoryTestSuite.execute(TestNGDirectoryTestSuite.java:88)
	at org.apache.maven.surefire.testng.TestNGProvider.invoke(TestNGProvider.java:137)
	at org.apache.maven.surefire.booter.ForkedBooter.runSuitesInProcess(ForkedBooter.java:385)
	at org.apache.maven.surefire.booter.ForkedBooter.execute(ForkedBooter.java:162)
	at org.apache.maven.surefire.booter.ForkedBooter.run(ForkedBooter.java:507)
	at org.apache.maven.surefire.booter.ForkedBooter.main(ForkedBooter.java:495)
]]></failure>
    <system-out><![CDATA[12:32:28.898 [main] INFO  apiTest.DDTest - *********************************************************************************************************************************************************
12:32:28.898 [main] INFO  apiTest.DDTest - Starting testReadUser with username: frank.anderson
{
    "code": 1,
    "type": "error",
    "message": "User not found"
}
12:32:30.186 [main] INFO  apiTest.DDTest - Response: {"code":1,"type":"error","message":"User not found"}
12:32:30.229 [main] ERROR apiTest.DDTest - User read failed. Username: frank.anderson. Status code: 404
]]></system-out>
  </testcase>
  <testcase name="testReadUser[jane.brown](9)" classname="apiTest.DDTest" time="1.344">
    <failure message="expected [null] but found [jane.brown]" type="java.lang.AssertionError"><![CDATA[java.lang.AssertionError: expected [null] but found [jane.brown]
	at org.testng.Assert.fail(Assert.java:111)
	at org.testng.Assert.failNotEquals(Assert.java:1590)
	at org.testng.Assert.assertEqualsImpl(Assert.java:150)
	at org.testng.Assert.assertEquals(Assert.java:132)
	at org.testng.Assert.assertEquals(Assert.java:656)
	at org.testng.Assert.assertEquals(Assert.java:666)
	at apiTest.DDTest.testReadUser(DDTest.java:100)
	at java.base/jdk.internal.reflect.DirectMethodHandleAccessor.invoke(DirectMethodHandleAccessor.java:103)
	at java.base/java.lang.reflect.Method.invoke(Method.java:580)
	at org.testng.internal.invokers.MethodInvocationHelper.invokeMethod(MethodInvocationHelper.java:141)
	at org.testng.internal.invokers.TestInvoker.invokeMethod(TestInvoker.java:687)
	at org.testng.internal.invokers.TestInvoker.invokeTestMethod(TestInvoker.java:230)
	at org.testng.internal.invokers.MethodRunner.runInSequence(MethodRunner.java:63)
	at org.testng.internal.invokers.TestInvoker$MethodInvocationAgent.invoke(TestInvoker.java:995)
	at org.testng.internal.invokers.TestInvoker.invokeTestMethods(TestInvoker.java:203)
	at org.testng.internal.invokers.TestMethodWorker.invokeTestMethods(TestMethodWorker.java:154)
	at org.testng.internal.invokers.TestMethodWorker.run(TestMethodWorker.java:134)
	at java.base/java.util.ArrayList.forEach(ArrayList.java:1596)
	at org.testng.TestRunner.privateRun(TestRunner.java:741)
	at org.testng.TestRunner.run(TestRunner.java:616)
	at org.testng.SuiteRunner.runTest(SuiteRunner.java:421)
	at org.testng.SuiteRunner.runSequentially(SuiteRunner.java:413)
	at org.testng.SuiteRunner.privateRun(SuiteRunner.java:373)
	at org.testng.SuiteRunner.run(SuiteRunner.java:312)
	at org.testng.SuiteRunnerWorker.runSuite(SuiteRunnerWorker.java:52)
	at org.testng.SuiteRunnerWorker.run(SuiteRunnerWorker.java:95)
	at org.testng.TestNG.runSuitesSequentially(TestNG.java:1274)
	at org.testng.TestNG.runSuitesLocally(TestNG.java:1208)
	at org.testng.TestNG.runSuites(TestNG.java:1112)
	at org.testng.TestNG.run(TestNG.java:1079)
	at org.apache.maven.surefire.testng.TestNGExecutor.run(TestNGExecutor.java:155)
	at org.apache.maven.surefire.testng.TestNGDirectoryTestSuite.executeMulti(TestNGDirectoryTestSuite.java:169)
	at org.apache.maven.surefire.testng.TestNGDirectoryTestSuite.execute(TestNGDirectoryTestSuite.java:88)
	at org.apache.maven.surefire.testng.TestNGProvider.invoke(TestNGProvider.java:137)
	at org.apache.maven.surefire.booter.ForkedBooter.runSuitesInProcess(ForkedBooter.java:385)
	at org.apache.maven.surefire.booter.ForkedBooter.execute(ForkedBooter.java:162)
	at org.apache.maven.surefire.booter.ForkedBooter.run(ForkedBooter.java:507)
	at org.apache.maven.surefire.booter.ForkedBooter.main(ForkedBooter.java:495)
]]></failure>
    <system-out><![CDATA[12:32:30.236 [main] INFO  apiTest.DDTest - *********************************************************************************************************************************************************
12:32:30.236 [main] INFO  apiTest.DDTest - Starting testReadUser with username: jane.brown
{
    "code": 1,
    "type": "error",
    "message": "User not found"
}
12:32:31.532 [main] INFO  apiTest.DDTest - Response: {"code":1,"type":"error","message":"User not found"}
12:32:31.574 [main] ERROR apiTest.DDTest - User read failed. Username: jane.brown. Status code: 404
]]></system-out>
  </testcase>
  <testcase name="testReadUser[jane.brown](10)" classname="apiTest.DDTest" time="1.396">
    <failure message="expected [null] but found [jane.brown]" type="java.lang.AssertionError"><![CDATA[java.lang.AssertionError: expected [null] but found [jane.brown]
	at org.testng.Assert.fail(Assert.java:111)
	at org.testng.Assert.failNotEquals(Assert.java:1590)
	at org.testng.Assert.assertEqualsImpl(Assert.java:150)
	at org.testng.Assert.assertEquals(Assert.java:132)
	at org.testng.Assert.assertEquals(Assert.java:656)
	at org.testng.Assert.assertEquals(Assert.java:666)
	at apiTest.DDTest.testReadUser(DDTest.java:100)
	at java.base/jdk.internal.reflect.DirectMethodHandleAccessor.invoke(DirectMethodHandleAccessor.java:103)
	at java.base/java.lang.reflect.Method.invoke(Method.java:580)
	at org.testng.internal.invokers.MethodInvocationHelper.invokeMethod(MethodInvocationHelper.java:141)
	at org.testng.internal.invokers.TestInvoker.invokeMethod(TestInvoker.java:687)
	at org.testng.internal.invokers.TestInvoker.invokeTestMethod(TestInvoker.java:230)
	at org.testng.internal.invokers.MethodRunner.runInSequence(MethodRunner.java:63)
	at org.testng.internal.invokers.TestInvoker$MethodInvocationAgent.invoke(TestInvoker.java:995)
	at org.testng.internal.invokers.TestInvoker.invokeTestMethods(TestInvoker.java:203)
	at org.testng.internal.invokers.TestMethodWorker.invokeTestMethods(TestMethodWorker.java:154)
	at org.testng.internal.invokers.TestMethodWorker.run(TestMethodWorker.java:134)
	at java.base/java.util.ArrayList.forEach(ArrayList.java:1596)
	at org.testng.TestRunner.privateRun(TestRunner.java:741)
	at org.testng.TestRunner.run(TestRunner.java:616)
	at org.testng.SuiteRunner.runTest(SuiteRunner.java:421)
	at org.testng.SuiteRunner.runSequentially(SuiteRunner.java:413)
	at org.testng.SuiteRunner.privateRun(SuiteRunner.java:373)
	at org.testng.SuiteRunner.run(SuiteRunner.java:312)
	at org.testng.SuiteRunnerWorker.runSuite(SuiteRunnerWorker.java:52)
	at org.testng.SuiteRunnerWorker.run(SuiteRunnerWorker.java:95)
	at org.testng.TestNG.runSuitesSequentially(TestNG.java:1274)
	at org.testng.TestNG.runSuitesLocally(TestNG.java:1208)
	at org.testng.TestNG.runSuites(TestNG.java:1112)
	at org.testng.TestNG.run(TestNG.java:1079)
	at org.apache.maven.surefire.testng.TestNGExecutor.run(TestNGExecutor.java:155)
	at org.apache.maven.surefire.testng.TestNGDirectoryTestSuite.executeMulti(TestNGDirectoryTestSuite.java:169)
	at org.apache.maven.surefire.testng.TestNGDirectoryTestSuite.execute(TestNGDirectoryTestSuite.java:88)
	at org.apache.maven.surefire.testng.TestNGProvider.invoke(TestNGProvider.java:137)
	at org.apache.maven.surefire.booter.ForkedBooter.runSuitesInProcess(ForkedBooter.java:385)
	at org.apache.maven.surefire.booter.ForkedBooter.execute(ForkedBooter.java:162)
	at org.apache.maven.surefire.booter.ForkedBooter.run(ForkedBooter.java:507)
	at org.apache.maven.surefire.booter.ForkedBooter.main(ForkedBooter.java:495)
]]></failure>
    <system-out><![CDATA[12:32:31.580 [main] INFO  apiTest.DDTest - *********************************************************************************************************************************************************
12:32:31.580 [main] INFO  apiTest.DDTest - Starting testReadUser with username: jane.brown
{
    "code": 1,
    "type": "error",
    "message": "User not found"
}
12:32:32.917 [main] INFO  apiTest.DDTest - Response: {"code":1,"type":"error","message":"User not found"}
12:32:32.968 [main] ERROR apiTest.DDTest - User read failed. Username: jane.brown. Status code: 404
]]></system-out>
  </testcase>
  <testcase name="testReadUser[hank.anderson](11)" classname="apiTest.DDTest" time="1.386">
    <failure message="expected [null] but found [hank.anderson]" type="java.lang.AssertionError"><![CDATA[java.lang.AssertionError: expected [null] but found [hank.anderson]
	at org.testng.Assert.fail(Assert.java:111)
	at org.testng.Assert.failNotEquals(Assert.java:1590)
	at org.testng.Assert.assertEqualsImpl(Assert.java:150)
	at org.testng.Assert.assertEquals(Assert.java:132)
	at org.testng.Assert.assertEquals(Assert.java:656)
	at org.testng.Assert.assertEquals(Assert.java:666)
	at apiTest.DDTest.testReadUser(DDTest.java:100)
	at java.base/jdk.internal.reflect.DirectMethodHandleAccessor.invoke(DirectMethodHandleAccessor.java:103)
	at java.base/java.lang.reflect.Method.invoke(Method.java:580)
	at org.testng.internal.invokers.MethodInvocationHelper.invokeMethod(MethodInvocationHelper.java:141)
	at org.testng.internal.invokers.TestInvoker.invokeMethod(TestInvoker.java:687)
	at org.testng.internal.invokers.TestInvoker.invokeTestMethod(TestInvoker.java:230)
	at org.testng.internal.invokers.MethodRunner.runInSequence(MethodRunner.java:63)
	at org.testng.internal.invokers.TestInvoker$MethodInvocationAgent.invoke(TestInvoker.java:995)
	at org.testng.internal.invokers.TestInvoker.invokeTestMethods(TestInvoker.java:203)
	at org.testng.internal.invokers.TestMethodWorker.invokeTestMethods(TestMethodWorker.java:154)
	at org.testng.internal.invokers.TestMethodWorker.run(TestMethodWorker.java:134)
	at java.base/java.util.ArrayList.forEach(ArrayList.java:1596)
	at org.testng.TestRunner.privateRun(TestRunner.java:741)
	at org.testng.TestRunner.run(TestRunner.java:616)
	at org.testng.SuiteRunner.runTest(SuiteRunner.java:421)
	at org.testng.SuiteRunner.runSequentially(SuiteRunner.java:413)
	at org.testng.SuiteRunner.privateRun(SuiteRunner.java:373)
	at org.testng.SuiteRunner.run(SuiteRunner.java:312)
	at org.testng.SuiteRunnerWorker.runSuite(SuiteRunnerWorker.java:52)
	at org.testng.SuiteRunnerWorker.run(SuiteRunnerWorker.java:95)
	at org.testng.TestNG.runSuitesSequentially(TestNG.java:1274)
	at org.testng.TestNG.runSuitesLocally(TestNG.java:1208)
	at org.testng.TestNG.runSuites(TestNG.java:1112)
	at org.testng.TestNG.run(TestNG.java:1079)
	at org.apache.maven.surefire.testng.TestNGExecutor.run(TestNGExecutor.java:155)
	at org.apache.maven.surefire.testng.TestNGDirectoryTestSuite.executeMulti(TestNGDirectoryTestSuite.java:169)
	at org.apache.maven.surefire.testng.TestNGDirectoryTestSuite.execute(TestNGDirectoryTestSuite.java:88)
	at org.apache.maven.surefire.testng.TestNGProvider.invoke(TestNGProvider.java:137)
	at org.apache.maven.surefire.booter.ForkedBooter.runSuitesInProcess(ForkedBooter.java:385)
	at org.apache.maven.surefire.booter.ForkedBooter.execute(ForkedBooter.java:162)
	at org.apache.maven.surefire.booter.ForkedBooter.run(ForkedBooter.java:507)
	at org.apache.maven.surefire.booter.ForkedBooter.main(ForkedBooter.java:495)
]]></failure>
    <system-out><![CDATA[12:32:32.976 [main] INFO  apiTest.DDTest - *********************************************************************************************************************************************************
12:32:32.976 [main] INFO  apiTest.DDTest - Starting testReadUser with username: hank.anderson
{
    "code": 1,
    "type": "error",
    "message": "User not found"
}
12:32:34.308 [main] INFO  apiTest.DDTest - Response: {"code":1,"type":"error","message":"User not found"}
12:32:34.353 [main] ERROR apiTest.DDTest - User read failed. Username: hank.anderson. Status code: 404
]]></system-out>
  </testcase>
  <testcase name="testReadUser[frank.moore](12)" classname="apiTest.DDTest" time="1.356">
    <failure message="expected [null] but found [frank.moore]" type="java.lang.AssertionError"><![CDATA[java.lang.AssertionError: expected [null] but found [frank.moore]
	at org.testng.Assert.fail(Assert.java:111)
	at org.testng.Assert.failNotEquals(Assert.java:1590)
	at org.testng.Assert.assertEqualsImpl(Assert.java:150)
	at org.testng.Assert.assertEquals(Assert.java:132)
	at org.testng.Assert.assertEquals(Assert.java:656)
	at org.testng.Assert.assertEquals(Assert.java:666)
	at apiTest.DDTest.testReadUser(DDTest.java:100)
	at java.base/jdk.internal.reflect.DirectMethodHandleAccessor.invoke(DirectMethodHandleAccessor.java:103)
	at java.base/java.lang.reflect.Method.invoke(Method.java:580)
	at org.testng.internal.invokers.MethodInvocationHelper.invokeMethod(MethodInvocationHelper.java:141)
	at org.testng.internal.invokers.TestInvoker.invokeMethod(TestInvoker.java:687)
	at org.testng.internal.invokers.TestInvoker.invokeTestMethod(TestInvoker.java:230)
	at org.testng.internal.invokers.MethodRunner.runInSequence(MethodRunner.java:63)
	at org.testng.internal.invokers.TestInvoker$MethodInvocationAgent.invoke(TestInvoker.java:995)
	at org.testng.internal.invokers.TestInvoker.invokeTestMethods(TestInvoker.java:203)
	at org.testng.internal.invokers.TestMethodWorker.invokeTestMethods(TestMethodWorker.java:154)
	at org.testng.internal.invokers.TestMethodWorker.run(TestMethodWorker.java:134)
	at java.base/java.util.ArrayList.forEach(ArrayList.java:1596)
	at org.testng.TestRunner.privateRun(TestRunner.java:741)
	at org.testng.TestRunner.run(TestRunner.java:616)
	at org.testng.SuiteRunner.runTest(SuiteRunner.java:421)
	at org.testng.SuiteRunner.runSequentially(SuiteRunner.java:413)
	at org.testng.SuiteRunner.privateRun(SuiteRunner.java:373)
	at org.testng.SuiteRunner.run(SuiteRunner.java:312)
	at org.testng.SuiteRunnerWorker.runSuite(SuiteRunnerWorker.java:52)
	at org.testng.SuiteRunnerWorker.run(SuiteRunnerWorker.java:95)
	at org.testng.TestNG.runSuitesSequentially(TestNG.java:1274)
	at org.testng.TestNG.runSuitesLocally(TestNG.java:1208)
	at org.testng.TestNG.runSuites(TestNG.java:1112)
	at org.testng.TestNG.run(TestNG.java:1079)
	at org.apache.maven.surefire.testng.TestNGExecutor.run(TestNGExecutor.java:155)
	at org.apache.maven.surefire.testng.TestNGDirectoryTestSuite.executeMulti(TestNGDirectoryTestSuite.java:169)
	at org.apache.maven.surefire.testng.TestNGDirectoryTestSuite.execute(TestNGDirectoryTestSuite.java:88)
	at org.apache.maven.surefire.testng.TestNGProvider.invoke(TestNGProvider.java:137)
	at org.apache.maven.surefire.booter.ForkedBooter.runSuitesInProcess(ForkedBooter.java:385)
	at org.apache.maven.surefire.booter.ForkedBooter.execute(ForkedBooter.java:162)
	at org.apache.maven.surefire.booter.ForkedBooter.run(ForkedBooter.java:507)
	at org.apache.maven.surefire.booter.ForkedBooter.main(ForkedBooter.java:495)
]]></failure>
    <system-out><![CDATA[12:32:34.362 [main] INFO  apiTest.DDTest - *********************************************************************************************************************************************************
12:32:34.362 [main] INFO  apiTest.DDTest - Starting testReadUser with username: frank.moore
{
    "code": 1,
    "type": "error",
    "message": "User not found"
}
12:32:35.670 [main] INFO  apiTest.DDTest - Response: {"code":1,"type":"error","message":"User not found"}
12:32:35.719 [main] ERROR apiTest.DDTest - User read failed. Username: frank.moore. Status code: 404
]]></system-out>
  </testcase>
  <testcase name="testReadUser[charlie.brown](13)" classname="apiTest.DDTest" time="1.41">
    <failure message="expected [null] but found [charlie.brown]" type="java.lang.AssertionError"><![CDATA[java.lang.AssertionError: expected [null] but found [charlie.brown]
	at org.testng.Assert.fail(Assert.java:111)
	at org.testng.Assert.failNotEquals(Assert.java:1590)
	at org.testng.Assert.assertEqualsImpl(Assert.java:150)
	at org.testng.Assert.assertEquals(Assert.java:132)
	at org.testng.Assert.assertEquals(Assert.java:656)
	at org.testng.Assert.assertEquals(Assert.java:666)
	at apiTest.DDTest.testReadUser(DDTest.java:100)
	at java.base/jdk.internal.reflect.DirectMethodHandleAccessor.invoke(DirectMethodHandleAccessor.java:103)
	at java.base/java.lang.reflect.Method.invoke(Method.java:580)
	at org.testng.internal.invokers.MethodInvocationHelper.invokeMethod(MethodInvocationHelper.java:141)
	at org.testng.internal.invokers.TestInvoker.invokeMethod(TestInvoker.java:687)
	at org.testng.internal.invokers.TestInvoker.invokeTestMethod(TestInvoker.java:230)
	at org.testng.internal.invokers.MethodRunner.runInSequence(MethodRunner.java:63)
	at org.testng.internal.invokers.TestInvoker$MethodInvocationAgent.invoke(TestInvoker.java:995)
	at org.testng.internal.invokers.TestInvoker.invokeTestMethods(TestInvoker.java:203)
	at org.testng.internal.invokers.TestMethodWorker.invokeTestMethods(TestMethodWorker.java:154)
	at org.testng.internal.invokers.TestMethodWorker.run(TestMethodWorker.java:134)
	at java.base/java.util.ArrayList.forEach(ArrayList.java:1596)
	at org.testng.TestRunner.privateRun(TestRunner.java:741)
	at org.testng.TestRunner.run(TestRunner.java:616)
	at org.testng.SuiteRunner.runTest(SuiteRunner.java:421)
	at org.testng.SuiteRunner.runSequentially(SuiteRunner.java:413)
	at org.testng.SuiteRunner.privateRun(SuiteRunner.java:373)
	at org.testng.SuiteRunner.run(SuiteRunner.java:312)
	at org.testng.SuiteRunnerWorker.runSuite(SuiteRunnerWorker.java:52)
	at org.testng.SuiteRunnerWorker.run(SuiteRunnerWorker.java:95)
	at org.testng.TestNG.runSuitesSequentially(TestNG.java:1274)
	at org.testng.TestNG.runSuitesLocally(TestNG.java:1208)
	at org.testng.TestNG.runSuites(TestNG.java:1112)
	at org.testng.TestNG.run(TestNG.java:1079)
	at org.apache.maven.surefire.testng.TestNGExecutor.run(TestNGExecutor.java:155)
	at org.apache.maven.surefire.testng.TestNGDirectoryTestSuite.executeMulti(TestNGDirectoryTestSuite.java:169)
	at org.apache.maven.surefire.testng.TestNGDirectoryTestSuite.execute(TestNGDirectoryTestSuite.java:88)
	at org.apache.maven.surefire.testng.TestNGProvider.invoke(TestNGProvider.java:137)
	at org.apache.maven.surefire.booter.ForkedBooter.runSuitesInProcess(ForkedBooter.java:385)
	at org.apache.maven.surefire.booter.ForkedBooter.execute(ForkedBooter.java:162)
	at org.apache.maven.surefire.booter.ForkedBooter.run(ForkedBooter.java:507)
	at org.apache.maven.surefire.booter.ForkedBooter.main(ForkedBooter.java:495)
]]></failure>
    <system-out><![CDATA[12:32:35.728 [main] INFO  apiTest.DDTest - *********************************************************************************************************************************************************
12:32:35.728 [main] INFO  apiTest.DDTest - Starting testReadUser with username: charlie.brown
{
    "code": 1,
    "type": "error",
    "message": "User not found"
}
12:32:37.059 [main] INFO  apiTest.DDTest - Response: {"code":1,"type":"error","message":"User not found"}
12:32:37.133 [main] ERROR apiTest.DDTest - User read failed. Username: charlie.brown. Status code: 404
]]></system-out>
  </testcase>
  <testcase name="testReadUser[bob.anderson](14)" classname="apiTest.DDTest" time="1.38">
    <failure message="expected [null] but found [bob.anderson]" type="java.lang.AssertionError"><![CDATA[java.lang.AssertionError: expected [null] but found [bob.anderson]
	at org.testng.Assert.fail(Assert.java:111)
	at org.testng.Assert.failNotEquals(Assert.java:1590)
	at org.testng.Assert.assertEqualsImpl(Assert.java:150)
	at org.testng.Assert.assertEquals(Assert.java:132)
	at org.testng.Assert.assertEquals(Assert.java:656)
	at org.testng.Assert.assertEquals(Assert.java:666)
	at apiTest.DDTest.testReadUser(DDTest.java:100)
	at java.base/jdk.internal.reflect.DirectMethodHandleAccessor.invoke(DirectMethodHandleAccessor.java:103)
	at java.base/java.lang.reflect.Method.invoke(Method.java:580)
	at org.testng.internal.invokers.MethodInvocationHelper.invokeMethod(MethodInvocationHelper.java:141)
	at org.testng.internal.invokers.TestInvoker.invokeMethod(TestInvoker.java:687)
	at org.testng.internal.invokers.TestInvoker.invokeTestMethod(TestInvoker.java:230)
	at org.testng.internal.invokers.MethodRunner.runInSequence(MethodRunner.java:63)
	at org.testng.internal.invokers.TestInvoker$MethodInvocationAgent.invoke(TestInvoker.java:995)
	at org.testng.internal.invokers.TestInvoker.invokeTestMethods(TestInvoker.java:203)
	at org.testng.internal.invokers.TestMethodWorker.invokeTestMethods(TestMethodWorker.java:154)
	at org.testng.internal.invokers.TestMethodWorker.run(TestMethodWorker.java:134)
	at java.base/java.util.ArrayList.forEach(ArrayList.java:1596)
	at org.testng.TestRunner.privateRun(TestRunner.java:741)
	at org.testng.TestRunner.run(TestRunner.java:616)
	at org.testng.SuiteRunner.runTest(SuiteRunner.java:421)
	at org.testng.SuiteRunner.runSequentially(SuiteRunner.java:413)
	at org.testng.SuiteRunner.privateRun(SuiteRunner.java:373)
	at org.testng.SuiteRunner.run(SuiteRunner.java:312)
	at org.testng.SuiteRunnerWorker.runSuite(SuiteRunnerWorker.java:52)
	at org.testng.SuiteRunnerWorker.run(SuiteRunnerWorker.java:95)
	at org.testng.TestNG.runSuitesSequentially(TestNG.java:1274)
	at org.testng.TestNG.runSuitesLocally(TestNG.java:1208)
	at org.testng.TestNG.runSuites(TestNG.java:1112)
	at org.testng.TestNG.run(TestNG.java:1079)
	at org.apache.maven.surefire.testng.TestNGExecutor.run(TestNGExecutor.java:155)
	at org.apache.maven.surefire.testng.TestNGDirectoryTestSuite.executeMulti(TestNGDirectoryTestSuite.java:169)
	at org.apache.maven.surefire.testng.TestNGDirectoryTestSuite.execute(TestNGDirectoryTestSuite.java:88)
	at org.apache.maven.surefire.testng.TestNGProvider.invoke(TestNGProvider.java:137)
	at org.apache.maven.surefire.booter.ForkedBooter.runSuitesInProcess(ForkedBooter.java:385)
	at org.apache.maven.surefire.booter.ForkedBooter.execute(ForkedBooter.java:162)
	at org.apache.maven.surefire.booter.ForkedBooter.run(ForkedBooter.java:507)
	at org.apache.maven.surefire.booter.ForkedBooter.main(ForkedBooter.java:495)
]]></failure>
    <system-out><![CDATA[12:32:37.138 [main] INFO  apiTest.DDTest - *********************************************************************************************************************************************************
12:32:37.138 [main] INFO  apiTest.DDTest - Starting testReadUser with username: bob.anderson
{
    "code": 1,
    "type": "error",
    "message": "User not found"
}
12:32:38.468 [main] INFO  apiTest.DDTest - Response: {"code":1,"type":"error","message":"User not found"}
12:32:38.508 [main] ERROR apiTest.DDTest - User read failed. Username: bob.anderson. Status code: 404
]]></system-out>
  </testcase>
  <testcase name="testReadUser[jane.brown](15)" classname="apiTest.DDTest" time="1.321">
    <failure message="expected [null] but found [jane.brown]" type="java.lang.AssertionError"><![CDATA[java.lang.AssertionError: expected [null] but found [jane.brown]
	at org.testng.Assert.fail(Assert.java:111)
	at org.testng.Assert.failNotEquals(Assert.java:1590)
	at org.testng.Assert.assertEqualsImpl(Assert.java:150)
	at org.testng.Assert.assertEquals(Assert.java:132)
	at org.testng.Assert.assertEquals(Assert.java:656)
	at org.testng.Assert.assertEquals(Assert.java:666)
	at apiTest.DDTest.testReadUser(DDTest.java:100)
	at java.base/jdk.internal.reflect.DirectMethodHandleAccessor.invoke(DirectMethodHandleAccessor.java:103)
	at java.base/java.lang.reflect.Method.invoke(Method.java:580)
	at org.testng.internal.invokers.MethodInvocationHelper.invokeMethod(MethodInvocationHelper.java:141)
	at org.testng.internal.invokers.TestInvoker.invokeMethod(TestInvoker.java:687)
	at org.testng.internal.invokers.TestInvoker.invokeTestMethod(TestInvoker.java:230)
	at org.testng.internal.invokers.MethodRunner.runInSequence(MethodRunner.java:63)
	at org.testng.internal.invokers.TestInvoker$MethodInvocationAgent.invoke(TestInvoker.java:995)
	at org.testng.internal.invokers.TestInvoker.invokeTestMethods(TestInvoker.java:203)
	at org.testng.internal.invokers.TestMethodWorker.invokeTestMethods(TestMethodWorker.java:154)
	at org.testng.internal.invokers.TestMethodWorker.run(TestMethodWorker.java:134)
	at java.base/java.util.ArrayList.forEach(ArrayList.java:1596)
	at org.testng.TestRunner.privateRun(TestRunner.java:741)
	at org.testng.TestRunner.run(TestRunner.java:616)
	at org.testng.SuiteRunner.runTest(SuiteRunner.java:421)
	at org.testng.SuiteRunner.runSequentially(SuiteRunner.java:413)
	at org.testng.SuiteRunner.privateRun(SuiteRunner.java:373)
	at org.testng.SuiteRunner.run(SuiteRunner.java:312)
	at org.testng.SuiteRunnerWorker.runSuite(SuiteRunnerWorker.java:52)
	at org.testng.SuiteRunnerWorker.run(SuiteRunnerWorker.java:95)
	at org.testng.TestNG.runSuitesSequentially(TestNG.java:1274)
	at org.testng.TestNG.runSuitesLocally(TestNG.java:1208)
	at org.testng.TestNG.runSuites(TestNG.java:1112)
	at org.testng.TestNG.run(TestNG.java:1079)
	at org.apache.maven.surefire.testng.TestNGExecutor.run(TestNGExecutor.java:155)
	at org.apache.maven.surefire.testng.TestNGDirectoryTestSuite.executeMulti(TestNGDirectoryTestSuite.java:169)
	at org.apache.maven.surefire.testng.TestNGDirectoryTestSuite.execute(TestNGDirectoryTestSuite.java:88)
	at org.apache.maven.surefire.testng.TestNGProvider.invoke(TestNGProvider.java:137)
	at org.apache.maven.surefire.booter.ForkedBooter.runSuitesInProcess(ForkedBooter.java:385)
	at org.apache.maven.surefire.booter.ForkedBooter.execute(ForkedBooter.java:162)
	at org.apache.maven.surefire.booter.ForkedBooter.run(ForkedBooter.java:507)
	at org.apache.maven.surefire.booter.ForkedBooter.main(ForkedBooter.java:495)
]]></failure>
    <system-out><![CDATA[12:32:38.518 [main] INFO  apiTest.DDTest - *********************************************************************************************************************************************************
12:32:38.518 [main] INFO  apiTest.DDTest - Starting testReadUser with username: jane.brown
{
    "code": 1,
    "type": "error",
    "message": "User not found"
}
12:32:39.778 [main] INFO  apiTest.DDTest - Response: {"code":1,"type":"error","message":"User not found"}
12:32:39.833 [main] ERROR apiTest.DDTest - User read failed. Username: jane.brown. Status code: 404
]]></system-out>
  </testcase>
  <testcase name="testReadUser[mia.moore](16)" classname="apiTest.DDTest" time="1.339">
    <system-out><![CDATA[12:32:39.839 [main] INFO  apiTest.DDTest - *********************************************************************************************************************************************************
12:32:39.839 [main] INFO  apiTest.DDTest - Starting testReadUser with username: mia.moore
{
    "id": 16,
    "username": "mia.moore",
    "firstName": "Mia",
    "lastName": "Moore",
    "email": "mia.moore@example.com",
    "password": "Moore5037278668",
    "phone": "5037278668",
    "userStatus": 0
}
12:32:41.118 [main] INFO  apiTest.DDTest - Response: {"id":16,"username":"mia.moore","firstName":"Mia","lastName":"Moore","email":"mia.moore@example.com","password":"Moore5037278668","phone":"5037278668","userStatus":0}
]]></system-out>
  </testcase>
  <testcase name="testReadUser[nina.brown](17)" classname="apiTest.DDTest" time="1.392">
    <failure message="expected [null] but found [nina.brown]" type="java.lang.AssertionError"><![CDATA[java.lang.AssertionError: expected [null] but found [nina.brown]
	at org.testng.Assert.fail(Assert.java:111)
	at org.testng.Assert.failNotEquals(Assert.java:1590)
	at org.testng.Assert.assertEqualsImpl(Assert.java:150)
	at org.testng.Assert.assertEquals(Assert.java:132)
	at org.testng.Assert.assertEquals(Assert.java:656)
	at org.testng.Assert.assertEquals(Assert.java:666)
	at apiTest.DDTest.testReadUser(DDTest.java:100)
	at java.base/jdk.internal.reflect.DirectMethodHandleAccessor.invoke(DirectMethodHandleAccessor.java:103)
	at java.base/java.lang.reflect.Method.invoke(Method.java:580)
	at org.testng.internal.invokers.MethodInvocationHelper.invokeMethod(MethodInvocationHelper.java:141)
	at org.testng.internal.invokers.TestInvoker.invokeMethod(TestInvoker.java:687)
	at org.testng.internal.invokers.TestInvoker.invokeTestMethod(TestInvoker.java:230)
	at org.testng.internal.invokers.MethodRunner.runInSequence(MethodRunner.java:63)
	at org.testng.internal.invokers.TestInvoker$MethodInvocationAgent.invoke(TestInvoker.java:995)
	at org.testng.internal.invokers.TestInvoker.invokeTestMethods(TestInvoker.java:203)
	at org.testng.internal.invokers.TestMethodWorker.invokeTestMethods(TestMethodWorker.java:154)
	at org.testng.internal.invokers.TestMethodWorker.run(TestMethodWorker.java:134)
	at java.base/java.util.ArrayList.forEach(ArrayList.java:1596)
	at org.testng.TestRunner.privateRun(TestRunner.java:741)
	at org.testng.TestRunner.run(TestRunner.java:616)
	at org.testng.SuiteRunner.runTest(SuiteRunner.java:421)
	at org.testng.SuiteRunner.runSequentially(SuiteRunner.java:413)
	at org.testng.SuiteRunner.privateRun(SuiteRunner.java:373)
	at org.testng.SuiteRunner.run(SuiteRunner.java:312)
	at org.testng.SuiteRunnerWorker.runSuite(SuiteRunnerWorker.java:52)
	at org.testng.SuiteRunnerWorker.run(SuiteRunnerWorker.java:95)
	at org.testng.TestNG.runSuitesSequentially(TestNG.java:1274)
	at org.testng.TestNG.runSuitesLocally(TestNG.java:1208)
	at org.testng.TestNG.runSuites(TestNG.java:1112)
	at org.testng.TestNG.run(TestNG.java:1079)
	at org.apache.maven.surefire.testng.TestNGExecutor.run(TestNGExecutor.java:155)
	at org.apache.maven.surefire.testng.TestNGDirectoryTestSuite.executeMulti(TestNGDirectoryTestSuite.java:169)
	at org.apache.maven.surefire.testng.TestNGDirectoryTestSuite.execute(TestNGDirectoryTestSuite.java:88)
	at org.apache.maven.surefire.testng.TestNGProvider.invoke(TestNGProvider.java:137)
	at org.apache.maven.surefire.booter.ForkedBooter.runSuitesInProcess(ForkedBooter.java:385)
	at org.apache.maven.surefire.booter.ForkedBooter.execute(ForkedBooter.java:162)
	at org.apache.maven.surefire.booter.ForkedBooter.run(ForkedBooter.java:507)
	at org.apache.maven.surefire.booter.ForkedBooter.main(ForkedBooter.java:495)
]]></failure>
    <system-out><![CDATA[12:32:41.178 [main] INFO  apiTest.DDTest - *********************************************************************************************************************************************************
12:32:41.178 [main] INFO  apiTest.DDTest - Starting testReadUser with username: nina.brown
{
    "code": 1,
    "type": "error",
    "message": "User not found"
}
12:32:42.519 [main] INFO  apiTest.DDTest - Response: {"code":1,"type":"error","message":"User not found"}
12:32:42.558 [main] ERROR apiTest.DDTest - User read failed. Username: nina.brown. Status code: 404
]]></system-out>
  </testcase>
  <testcase name="testReadUser[jack.anderson](18)" classname="apiTest.DDTest" time="1.407">
    <system-out><![CDATA[12:32:42.569 [main] INFO  apiTest.DDTest - *********************************************************************************************************************************************************
12:32:42.570 [main] INFO  apiTest.DDTest - Starting testReadUser with username: jack.anderson
{
    "id": 18,
    "username": "jack.anderson",
    "firstName": "Jack",
    "lastName": "Anderson",
    "email": "jack.anderson@example.com",
    "password": "Anderson7249669002",
    "phone": "7249669002",
    "userStatus": 0
}
12:32:43.918 [main] INFO  apiTest.DDTest - Response: {"id":18,"username":"jack.anderson","firstName":"Jack","lastName":"Anderson","email":"jack.anderson@example.com","password":"Anderson7249669002","phone":"7249669002","userStatus":0}
]]></system-out>
  </testcase>
  <testcase name="testReadUser[kate.taylor](19)" classname="apiTest.DDTest" time="1.366">
    <failure message="expected [null] but found [kate.taylor]" type="java.lang.AssertionError"><![CDATA[java.lang.AssertionError: expected [null] but found [kate.taylor]
	at org.testng.Assert.fail(Assert.java:111)
	at org.testng.Assert.failNotEquals(Assert.java:1590)
	at org.testng.Assert.assertEqualsImpl(Assert.java:150)
	at org.testng.Assert.assertEquals(Assert.java:132)
	at org.testng.Assert.assertEquals(Assert.java:656)
	at org.testng.Assert.assertEquals(Assert.java:666)
	at apiTest.DDTest.testReadUser(DDTest.java:100)
	at java.base/jdk.internal.reflect.DirectMethodHandleAccessor.invoke(DirectMethodHandleAccessor.java:103)
	at java.base/java.lang.reflect.Method.invoke(Method.java:580)
	at org.testng.internal.invokers.MethodInvocationHelper.invokeMethod(MethodInvocationHelper.java:141)
	at org.testng.internal.invokers.TestInvoker.invokeMethod(TestInvoker.java:687)
	at org.testng.internal.invokers.TestInvoker.invokeTestMethod(TestInvoker.java:230)
	at org.testng.internal.invokers.MethodRunner.runInSequence(MethodRunner.java:63)
	at org.testng.internal.invokers.TestInvoker$MethodInvocationAgent.invoke(TestInvoker.java:995)
	at org.testng.internal.invokers.TestInvoker.invokeTestMethods(TestInvoker.java:203)
	at org.testng.internal.invokers.TestMethodWorker.invokeTestMethods(TestMethodWorker.java:154)
	at org.testng.internal.invokers.TestMethodWorker.run(TestMethodWorker.java:134)
	at java.base/java.util.ArrayList.forEach(ArrayList.java:1596)
	at org.testng.TestRunner.privateRun(TestRunner.java:741)
	at org.testng.TestRunner.run(TestRunner.java:616)
	at org.testng.SuiteRunner.runTest(SuiteRunner.java:421)
	at org.testng.SuiteRunner.runSequentially(SuiteRunner.java:413)
	at org.testng.SuiteRunner.privateRun(SuiteRunner.java:373)
	at org.testng.SuiteRunner.run(SuiteRunner.java:312)
	at org.testng.SuiteRunnerWorker.runSuite(SuiteRunnerWorker.java:52)
	at org.testng.SuiteRunnerWorker.run(SuiteRunnerWorker.java:95)
	at org.testng.TestNG.runSuitesSequentially(TestNG.java:1274)
	at org.testng.TestNG.runSuitesLocally(TestNG.java:1208)
	at org.testng.TestNG.runSuites(TestNG.java:1112)
	at org.testng.TestNG.run(TestNG.java:1079)
	at org.apache.maven.surefire.testng.TestNGExecutor.run(TestNGExecutor.java:155)
	at org.apache.maven.surefire.testng.TestNGDirectoryTestSuite.executeMulti(TestNGDirectoryTestSuite.java:169)
	at org.apache.maven.surefire.testng.TestNGDirectoryTestSuite.execute(TestNGDirectoryTestSuite.java:88)
	at org.apache.maven.surefire.testng.TestNGProvider.invoke(TestNGProvider.java:137)
	at org.apache.maven.surefire.booter.ForkedBooter.runSuitesInProcess(ForkedBooter.java:385)
	at org.apache.maven.surefire.booter.ForkedBooter.execute(ForkedBooter.java:162)
	at org.apache.maven.surefire.booter.ForkedBooter.run(ForkedBooter.java:507)
	at org.apache.maven.surefire.booter.ForkedBooter.main(ForkedBooter.java:495)
]]></failure>
    <system-out><![CDATA[12:32:43.977 [main] INFO  apiTest.DDTest - *********************************************************************************************************************************************************
12:32:43.977 [main] INFO  apiTest.DDTest - Starting testReadUser with username: kate.taylor
{
    "code": 1,
    "type": "error",
    "message": "User not found"
}
12:32:45.288 [main] INFO  apiTest.DDTest - Response: {"code":1,"type":"error","message":"User not found"}
12:32:45.328 [main] ERROR apiTest.DDTest - User read failed. Username: kate.taylor. Status code: 404
]]></system-out>
  </testcase>
  <testcase name="testReadUser[hank.davis](20)" classname="apiTest.DDTest" time="1.305">
    <failure message="expected [null] but found [hank.davis]" type="java.lang.AssertionError"><![CDATA[java.lang.AssertionError: expected [null] but found [hank.davis]
	at org.testng.Assert.fail(Assert.java:111)
	at org.testng.Assert.failNotEquals(Assert.java:1590)
	at org.testng.Assert.assertEqualsImpl(Assert.java:150)
	at org.testng.Assert.assertEquals(Assert.java:132)
	at org.testng.Assert.assertEquals(Assert.java:656)
	at org.testng.Assert.assertEquals(Assert.java:666)
	at apiTest.DDTest.testReadUser(DDTest.java:100)
	at java.base/jdk.internal.reflect.DirectMethodHandleAccessor.invoke(DirectMethodHandleAccessor.java:103)
	at java.base/java.lang.reflect.Method.invoke(Method.java:580)
	at org.testng.internal.invokers.MethodInvocationHelper.invokeMethod(MethodInvocationHelper.java:141)
	at org.testng.internal.invokers.TestInvoker.invokeMethod(TestInvoker.java:687)
	at org.testng.internal.invokers.TestInvoker.invokeTestMethod(TestInvoker.java:230)
	at org.testng.internal.invokers.MethodRunner.runInSequence(MethodRunner.java:63)
	at org.testng.internal.invokers.TestInvoker$MethodInvocationAgent.invoke(TestInvoker.java:995)
	at org.testng.internal.invokers.TestInvoker.invokeTestMethods(TestInvoker.java:203)
	at org.testng.internal.invokers.TestMethodWorker.invokeTestMethods(TestMethodWorker.java:154)
	at org.testng.internal.invokers.TestMethodWorker.run(TestMethodWorker.java:134)
	at java.base/java.util.ArrayList.forEach(ArrayList.java:1596)
	at org.testng.TestRunner.privateRun(TestRunner.java:741)
	at org.testng.TestRunner.run(TestRunner.java:616)
	at org.testng.SuiteRunner.runTest(SuiteRunner.java:421)
	at org.testng.SuiteRunner.runSequentially(SuiteRunner.java:413)
	at org.testng.SuiteRunner.privateRun(SuiteRunner.java:373)
	at org.testng.SuiteRunner.run(SuiteRunner.java:312)
	at org.testng.SuiteRunnerWorker.runSuite(SuiteRunnerWorker.java:52)
	at org.testng.SuiteRunnerWorker.run(SuiteRunnerWorker.java:95)
	at org.testng.TestNG.runSuitesSequentially(TestNG.java:1274)
	at org.testng.TestNG.runSuitesLocally(TestNG.java:1208)
	at org.testng.TestNG.runSuites(TestNG.java:1112)
	at org.testng.TestNG.run(TestNG.java:1079)
	at org.apache.maven.surefire.testng.TestNGExecutor.run(TestNGExecutor.java:155)
	at org.apache.maven.surefire.testng.TestNGDirectoryTestSuite.executeMulti(TestNGDirectoryTestSuite.java:169)
	at org.apache.maven.surefire.testng.TestNGDirectoryTestSuite.execute(TestNGDirectoryTestSuite.java:88)
	at org.apache.maven.surefire.testng.TestNGProvider.invoke(TestNGProvider.java:137)
	at org.apache.maven.surefire.booter.ForkedBooter.runSuitesInProcess(ForkedBooter.java:385)
	at org.apache.maven.surefire.booter.ForkedBooter.execute(ForkedBooter.java:162)
	at org.apache.maven.surefire.booter.ForkedBooter.run(ForkedBooter.java:507)
	at org.apache.maven.surefire.booter.ForkedBooter.main(ForkedBooter.java:495)
]]></failure>
    <system-out><![CDATA[12:32:45.338 [main] INFO  apiTest.DDTest - *********************************************************************************************************************************************************
12:32:45.338 [main] INFO  apiTest.DDTest - Starting testReadUser with username: hank.davis
{
    "code": 1,
    "type": "error",
    "message": "User not found"
}
12:32:46.606 [main] INFO  apiTest.DDTest - Response: {"code":1,"type":"error","message":"User not found"}
12:32:46.643 [main] ERROR apiTest.DDTest - User read failed. Username: hank.davis. Status code: 404
]]></system-out>
  </testcase>
  <testcase name="testReadUser[charlie.wilson](21)" classname="apiTest.DDTest" time="1.36">
    <failure message="expected [null] but found [charlie.wilson]" type="java.lang.AssertionError"><![CDATA[java.lang.AssertionError: expected [null] but found [charlie.wilson]
	at org.testng.Assert.fail(Assert.java:111)
	at org.testng.Assert.failNotEquals(Assert.java:1590)
	at org.testng.Assert.assertEqualsImpl(Assert.java:150)
	at org.testng.Assert.assertEquals(Assert.java:132)
	at org.testng.Assert.assertEquals(Assert.java:656)
	at org.testng.Assert.assertEquals(Assert.java:666)
	at apiTest.DDTest.testReadUser(DDTest.java:100)
	at java.base/jdk.internal.reflect.DirectMethodHandleAccessor.invoke(DirectMethodHandleAccessor.java:103)
	at java.base/java.lang.reflect.Method.invoke(Method.java:580)
	at org.testng.internal.invokers.MethodInvocationHelper.invokeMethod(MethodInvocationHelper.java:141)
	at org.testng.internal.invokers.TestInvoker.invokeMethod(TestInvoker.java:687)
	at org.testng.internal.invokers.TestInvoker.invokeTestMethod(TestInvoker.java:230)
	at org.testng.internal.invokers.MethodRunner.runInSequence(MethodRunner.java:63)
	at org.testng.internal.invokers.TestInvoker$MethodInvocationAgent.invoke(TestInvoker.java:995)
	at org.testng.internal.invokers.TestInvoker.invokeTestMethods(TestInvoker.java:203)
	at org.testng.internal.invokers.TestMethodWorker.invokeTestMethods(TestMethodWorker.java:154)
	at org.testng.internal.invokers.TestMethodWorker.run(TestMethodWorker.java:134)
	at java.base/java.util.ArrayList.forEach(ArrayList.java:1596)
	at org.testng.TestRunner.privateRun(TestRunner.java:741)
	at org.testng.TestRunner.run(TestRunner.java:616)
	at org.testng.SuiteRunner.runTest(SuiteRunner.java:421)
	at org.testng.SuiteRunner.runSequentially(SuiteRunner.java:413)
	at org.testng.SuiteRunner.privateRun(SuiteRunner.java:373)
	at org.testng.SuiteRunner.run(SuiteRunner.java:312)
	at org.testng.SuiteRunnerWorker.runSuite(SuiteRunnerWorker.java:52)
	at org.testng.SuiteRunnerWorker.run(SuiteRunnerWorker.java:95)
	at org.testng.TestNG.runSuitesSequentially(TestNG.java:1274)
	at org.testng.TestNG.runSuitesLocally(TestNG.java:1208)
	at org.testng.TestNG.runSuites(TestNG.java:1112)
	at org.testng.TestNG.run(TestNG.java:1079)
	at org.apache.maven.surefire.testng.TestNGExecutor.run(TestNGExecutor.java:155)
	at org.apache.maven.surefire.testng.TestNGDirectoryTestSuite.executeMulti(TestNGDirectoryTestSuite.java:169)
	at org.apache.maven.surefire.testng.TestNGDirectoryTestSuite.execute(TestNGDirectoryTestSuite.java:88)
	at org.apache.maven.surefire.testng.TestNGProvider.invoke(TestNGProvider.java:137)
	at org.apache.maven.surefire.booter.ForkedBooter.runSuitesInProcess(ForkedBooter.java:385)
	at org.apache.maven.surefire.booter.ForkedBooter.execute(ForkedBooter.java:162)
	at org.apache.maven.surefire.booter.ForkedBooter.run(ForkedBooter.java:507)
	at org.apache.maven.surefire.booter.ForkedBooter.main(ForkedBooter.java:495)
]]></failure>
    <system-out><![CDATA[12:32:46.648 [main] INFO  apiTest.DDTest - *********************************************************************************************************************************************************
12:32:46.648 [main] INFO  apiTest.DDTest - Starting testReadUser with username: charlie.wilson
{
    "code": 1,
    "type": "error",
    "message": "User not found"
}
12:32:47.960 [main] INFO  apiTest.DDTest - Response: {"code":1,"type":"error","message":"User not found"}
12:32:48.008 [main] ERROR apiTest.DDTest - User read failed. Username: charlie.wilson. Status code: 404
]]></system-out>
  </testcase>
  <testcase name="testReadUser[charlie.doe](22)" classname="apiTest.DDTest" time="1.363">
    <system-out><![CDATA[12:32:48.008 [main] INFO  apiTest.DDTest - *********************************************************************************************************************************************************
12:32:48.008 [main] INFO  apiTest.DDTest - Starting testReadUser with username: charlie.doe
{
    "id": 22,
    "username": "charlie.doe",
    "firstName": "Charlie",
    "lastName": "Doe",
    "email": "charlie.doe@example.com",
    "password": "Doe7935167948",
    "phone": "7935167948",
    "userStatus": 0
}
12:32:49.332 [main] INFO  apiTest.DDTest - Response: {"id":22,"username":"charlie.doe","firstName":"Charlie","lastName":"Doe","email":"charlie.doe@example.com","password":"Doe7935167948","phone":"7935167948","userStatus":0}
]]></system-out>
  </testcase>
  <testcase name="testReadUser[mia.wilson](23)" classname="apiTest.DDTest" time="1.361">
    <system-out><![CDATA[12:32:49.381 [main] INFO  apiTest.DDTest - *********************************************************************************************************************************************************
12:32:49.381 [main] INFO  apiTest.DDTest - Starting testReadUser with username: mia.wilson
{
    "id": 23,
    "username": "mia.wilson",
    "firstName": "Mia",
    "lastName": "Wilson",
    "email": "mia.wilson@example.com",
    "password": "Wilson2354947364",
    "phone": "2354947364",
    "userStatus": 0
}
12:32:50.670 [main] INFO  apiTest.DDTest - Response: {"id":23,"username":"mia.wilson","firstName":"Mia","lastName":"Wilson","email":"mia.wilson@example.com","password":"Wilson2354947364","phone":"2354947364","userStatus":0}
]]></system-out>
  </testcase>
  <testcase name="testReadUser[kate.johnson](24)" classname="apiTest.DDTest" time="1.377">
    <failure message="expected [null] but found [kate.johnson]" type="java.lang.AssertionError"><![CDATA[java.lang.AssertionError: expected [null] but found [kate.johnson]
	at org.testng.Assert.fail(Assert.java:111)
	at org.testng.Assert.failNotEquals(Assert.java:1590)
	at org.testng.Assert.assertEqualsImpl(Assert.java:150)
	at org.testng.Assert.assertEquals(Assert.java:132)
	at org.testng.Assert.assertEquals(Assert.java:656)
	at org.testng.Assert.assertEquals(Assert.java:666)
	at apiTest.DDTest.testReadUser(DDTest.java:100)
	at java.base/jdk.internal.reflect.DirectMethodHandleAccessor.invoke(DirectMethodHandleAccessor.java:103)
	at java.base/java.lang.reflect.Method.invoke(Method.java:580)
	at org.testng.internal.invokers.MethodInvocationHelper.invokeMethod(MethodInvocationHelper.java:141)
	at org.testng.internal.invokers.TestInvoker.invokeMethod(TestInvoker.java:687)
	at org.testng.internal.invokers.TestInvoker.invokeTestMethod(TestInvoker.java:230)
	at org.testng.internal.invokers.MethodRunner.runInSequence(MethodRunner.java:63)
	at org.testng.internal.invokers.TestInvoker$MethodInvocationAgent.invoke(TestInvoker.java:995)
	at org.testng.internal.invokers.TestInvoker.invokeTestMethods(TestInvoker.java:203)
	at org.testng.internal.invokers.TestMethodWorker.invokeTestMethods(TestMethodWorker.java:154)
	at org.testng.internal.invokers.TestMethodWorker.run(TestMethodWorker.java:134)
	at java.base/java.util.ArrayList.forEach(ArrayList.java:1596)
	at org.testng.TestRunner.privateRun(TestRunner.java:741)
	at org.testng.TestRunner.run(TestRunner.java:616)
	at org.testng.SuiteRunner.runTest(SuiteRunner.java:421)
	at org.testng.SuiteRunner.runSequentially(SuiteRunner.java:413)
	at org.testng.SuiteRunner.privateRun(SuiteRunner.java:373)
	at org.testng.SuiteRunner.run(SuiteRunner.java:312)
	at org.testng.SuiteRunnerWorker.runSuite(SuiteRunnerWorker.java:52)
	at org.testng.SuiteRunnerWorker.run(SuiteRunnerWorker.java:95)
	at org.testng.TestNG.runSuitesSequentially(TestNG.java:1274)
	at org.testng.TestNG.runSuitesLocally(TestNG.java:1208)
	at org.testng.TestNG.runSuites(TestNG.java:1112)
	at org.testng.TestNG.run(TestNG.java:1079)
	at org.apache.maven.surefire.testng.TestNGExecutor.run(TestNGExecutor.java:155)
	at org.apache.maven.surefire.testng.TestNGDirectoryTestSuite.executeMulti(TestNGDirectoryTestSuite.java:169)
	at org.apache.maven.surefire.testng.TestNGDirectoryTestSuite.execute(TestNGDirectoryTestSuite.java:88)
	at org.apache.maven.surefire.testng.TestNGProvider.invoke(TestNGProvider.java:137)
	at org.apache.maven.surefire.booter.ForkedBooter.runSuitesInProcess(ForkedBooter.java:385)
	at org.apache.maven.surefire.booter.ForkedBooter.execute(ForkedBooter.java:162)
	at org.apache.maven.surefire.booter.ForkedBooter.run(ForkedBooter.java:507)
	at org.apache.maven.surefire.booter.ForkedBooter.main(ForkedBooter.java:495)
]]></failure>
    <system-out><![CDATA[12:32:50.742 [main] INFO  apiTest.DDTest - *********************************************************************************************************************************************************
12:32:50.742 [main] INFO  apiTest.DDTest - Starting testReadUser with username: kate.johnson
{
    "code": 1,
    "type": "error",
    "message": "User not found"
}
12:32:52.067 [main] INFO  apiTest.DDTest - Response: {"code":1,"type":"error","message":"User not found"}
12:32:52.118 [main] ERROR apiTest.DDTest - User read failed. Username: kate.johnson. Status code: 404
]]></system-out>
  </testcase>
  <testcase name="testReadUser[grace.doe](25)" classname="apiTest.DDTest" time="1.389">
    <failure message="expected [null] but found [grace.doe]" type="java.lang.AssertionError"><![CDATA[java.lang.AssertionError: expected [null] but found [grace.doe]
	at org.testng.Assert.fail(Assert.java:111)
	at org.testng.Assert.failNotEquals(Assert.java:1590)
	at org.testng.Assert.assertEqualsImpl(Assert.java:150)
	at org.testng.Assert.assertEquals(Assert.java:132)
	at org.testng.Assert.assertEquals(Assert.java:656)
	at org.testng.Assert.assertEquals(Assert.java:666)
	at apiTest.DDTest.testReadUser(DDTest.java:100)
	at java.base/jdk.internal.reflect.DirectMethodHandleAccessor.invoke(DirectMethodHandleAccessor.java:103)
	at java.base/java.lang.reflect.Method.invoke(Method.java:580)
	at org.testng.internal.invokers.MethodInvocationHelper.invokeMethod(MethodInvocationHelper.java:141)
	at org.testng.internal.invokers.TestInvoker.invokeMethod(TestInvoker.java:687)
	at org.testng.internal.invokers.TestInvoker.invokeTestMethod(TestInvoker.java:230)
	at org.testng.internal.invokers.MethodRunner.runInSequence(MethodRunner.java:63)
	at org.testng.internal.invokers.TestInvoker$MethodInvocationAgent.invoke(TestInvoker.java:995)
	at org.testng.internal.invokers.TestInvoker.invokeTestMethods(TestInvoker.java:203)
	at org.testng.internal.invokers.TestMethodWorker.invokeTestMethods(TestMethodWorker.java:154)
	at org.testng.internal.invokers.TestMethodWorker.run(TestMethodWorker.java:134)
	at java.base/java.util.ArrayList.forEach(ArrayList.java:1596)
	at org.testng.TestRunner.privateRun(TestRunner.java:741)
	at org.testng.TestRunner.run(TestRunner.java:616)
	at org.testng.SuiteRunner.runTest(SuiteRunner.java:421)
	at org.testng.SuiteRunner.runSequentially(SuiteRunner.java:413)
	at org.testng.SuiteRunner.privateRun(SuiteRunner.java:373)
	at org.testng.SuiteRunner.run(SuiteRunner.java:312)
	at org.testng.SuiteRunnerWorker.runSuite(SuiteRunnerWorker.java:52)
	at org.testng.SuiteRunnerWorker.run(SuiteRunnerWorker.java:95)
	at org.testng.TestNG.runSuitesSequentially(TestNG.java:1274)
	at org.testng.TestNG.runSuitesLocally(TestNG.java:1208)
	at org.testng.TestNG.runSuites(TestNG.java:1112)
	at org.testng.TestNG.run(TestNG.java:1079)
	at org.apache.maven.surefire.testng.TestNGExecutor.run(TestNGExecutor.java:155)
	at org.apache.maven.surefire.testng.TestNGDirectoryTestSuite.executeMulti(TestNGDirectoryTestSuite.java:169)
	at org.apache.maven.surefire.testng.TestNGDirectoryTestSuite.execute(TestNGDirectoryTestSuite.java:88)
	at org.apache.maven.surefire.testng.TestNGProvider.invoke(TestNGProvider.java:137)
	at org.apache.maven.surefire.booter.ForkedBooter.runSuitesInProcess(ForkedBooter.java:385)
	at org.apache.maven.surefire.booter.ForkedBooter.execute(ForkedBooter.java:162)
	at org.apache.maven.surefire.booter.ForkedBooter.run(ForkedBooter.java:507)
	at org.apache.maven.surefire.booter.ForkedBooter.main(ForkedBooter.java:495)
]]></failure>
    <system-out><![CDATA[12:32:52.119 [main] INFO  apiTest.DDTest - *********************************************************************************************************************************************************
12:32:52.119 [main] INFO  apiTest.DDTest - Starting testReadUser with username: grace.doe
{
    "code": 1,
    "type": "error",
    "message": "User not found"
}
12:32:53.463 [main] INFO  apiTest.DDTest - Response: {"code":1,"type":"error","message":"User not found"}
12:32:53.508 [main] ERROR apiTest.DDTest - User read failed. Username: grace.doe. Status code: 404
]]></system-out>
  </testcase>
  <testcase name="testReadUser[jane.miller](26)" classname="apiTest.DDTest" time="1.335">
    <failure message="expected [null] but found [jane.miller]" type="java.lang.AssertionError"><![CDATA[java.lang.AssertionError: expected [null] but found [jane.miller]
	at org.testng.Assert.fail(Assert.java:111)
	at org.testng.Assert.failNotEquals(Assert.java:1590)
	at org.testng.Assert.assertEqualsImpl(Assert.java:150)
	at org.testng.Assert.assertEquals(Assert.java:132)
	at org.testng.Assert.assertEquals(Assert.java:656)
	at org.testng.Assert.assertEquals(Assert.java:666)
	at apiTest.DDTest.testReadUser(DDTest.java:100)
	at java.base/jdk.internal.reflect.DirectMethodHandleAccessor.invoke(DirectMethodHandleAccessor.java:103)
	at java.base/java.lang.reflect.Method.invoke(Method.java:580)
	at org.testng.internal.invokers.MethodInvocationHelper.invokeMethod(MethodInvocationHelper.java:141)
	at org.testng.internal.invokers.TestInvoker.invokeMethod(TestInvoker.java:687)
	at org.testng.internal.invokers.TestInvoker.invokeTestMethod(TestInvoker.java:230)
	at org.testng.internal.invokers.MethodRunner.runInSequence(MethodRunner.java:63)
	at org.testng.internal.invokers.TestInvoker$MethodInvocationAgent.invoke(TestInvoker.java:995)
	at org.testng.internal.invokers.TestInvoker.invokeTestMethods(TestInvoker.java:203)
	at org.testng.internal.invokers.TestMethodWorker.invokeTestMethods(TestMethodWorker.java:154)
	at org.testng.internal.invokers.TestMethodWorker.run(TestMethodWorker.java:134)
	at java.base/java.util.ArrayList.forEach(ArrayList.java:1596)
	at org.testng.TestRunner.privateRun(TestRunner.java:741)
	at org.testng.TestRunner.run(TestRunner.java:616)
	at org.testng.SuiteRunner.runTest(SuiteRunner.java:421)
	at org.testng.SuiteRunner.runSequentially(SuiteRunner.java:413)
	at org.testng.SuiteRunner.privateRun(SuiteRunner.java:373)
	at org.testng.SuiteRunner.run(SuiteRunner.java:312)
	at org.testng.SuiteRunnerWorker.runSuite(SuiteRunnerWorker.java:52)
	at org.testng.SuiteRunnerWorker.run(SuiteRunnerWorker.java:95)
	at org.testng.TestNG.runSuitesSequentially(TestNG.java:1274)
	at org.testng.TestNG.runSuitesLocally(TestNG.java:1208)
	at org.testng.TestNG.runSuites(TestNG.java:1112)
	at org.testng.TestNG.run(TestNG.java:1079)
	at org.apache.maven.surefire.testng.TestNGExecutor.run(TestNGExecutor.java:155)
	at org.apache.maven.surefire.testng.TestNGDirectoryTestSuite.executeMulti(TestNGDirectoryTestSuite.java:169)
	at org.apache.maven.surefire.testng.TestNGDirectoryTestSuite.execute(TestNGDirectoryTestSuite.java:88)
	at org.apache.maven.surefire.testng.TestNGProvider.invoke(TestNGProvider.java:137)
	at org.apache.maven.surefire.booter.ForkedBooter.runSuitesInProcess(ForkedBooter.java:385)
	at org.apache.maven.surefire.booter.ForkedBooter.execute(ForkedBooter.java:162)
	at org.apache.maven.surefire.booter.ForkedBooter.run(ForkedBooter.java:507)
	at org.apache.maven.surefire.booter.ForkedBooter.main(ForkedBooter.java:495)
]]></failure>
    <system-out><![CDATA[12:32:53.508 [main] INFO  apiTest.DDTest - *********************************************************************************************************************************************************
12:32:53.508 [main] INFO  apiTest.DDTest - Starting testReadUser with username: jane.miller
{
    "code": 1,
    "type": "error",
    "message": "User not found"
}
12:32:54.792 [main] INFO  apiTest.DDTest - Response: {"code":1,"type":"error","message":"User not found"}
12:32:54.833 [main] ERROR apiTest.DDTest - User read failed. Username: jane.miller. Status code: 404
]]></system-out>
  </testcase>
  <testcase name="testReadUser[grace.brown](27)" classname="apiTest.DDTest" time="1.379">
    <system-out><![CDATA[12:32:54.843 [main] INFO  apiTest.DDTest - *********************************************************************************************************************************************************
12:32:54.843 [main] INFO  apiTest.DDTest - Starting testReadUser with username: grace.brown
{
    "id": 27,
    "username": "grace.brown",
    "firstName": "Grace",
    "lastName": "Brown",
    "email": "grace.brown@example.com",
    "password": "Brown6061752178",
    "phone": "6061752178",
    "userStatus": 0
}
12:32:56.168 [main] INFO  apiTest.DDTest - Response: {"id":27,"username":"grace.brown","firstName":"Grace","lastName":"Brown","email":"grace.brown@example.com","password":"Brown6061752178","phone":"6061752178","userStatus":0}
]]></system-out>
  </testcase>
  <testcase name="testReadUser[frank.johnson](28)" classname="apiTest.DDTest" time="1.376">
    <system-out><![CDATA[12:32:56.222 [main] INFO  apiTest.DDTest - *********************************************************************************************************************************************************
12:32:56.222 [main] INFO  apiTest.DDTest - Starting testReadUser with username: frank.johnson
{
    "id": 28,
    "username": "frank.johnson",
    "firstName": "Frank",
    "lastName": "Johnson",
    "email": "frank.johnson@example.com",
    "password": "Johnson9309561735",
    "phone": "9309561735",
    "userStatus": 0
}
12:32:57.528 [main] INFO  apiTest.DDTest - Response: {"id":28,"username":"frank.johnson","firstName":"Frank","lastName":"Johnson","email":"frank.johnson@example.com","password":"Johnson9309561735","phone":"9309561735","userStatus":0}
]]></system-out>
  </testcase>
  <testcase name="testReadUser[bob.taylor](29)" classname="apiTest.DDTest" time="1.334">
    <system-out><![CDATA[12:32:57.592 [main] INFO  apiTest.DDTest - *********************************************************************************************************************************************************
12:32:57.592 [main] INFO  apiTest.DDTest - Starting testReadUser with username: bob.taylor
{
    "id": 29,
    "username": "bob.taylor",
    "firstName": "Bob",
    "lastName": "Taylor",
    "email": "bob.taylor@example.com",
    "password": "Taylor7237237955",
    "phone": "7237237955",
    "userStatus": 0
}
12:32:58.879 [main] INFO  apiTest.DDTest - Response: {"id":29,"username":"bob.taylor","firstName":"Bob","lastName":"Taylor","email":"bob.taylor@example.com","password":"Taylor7237237955","phone":"7237237955","userStatus":0}
]]></system-out>
  </testcase>
  <testcase name="testReadUser[jack.johnson](30)" classname="apiTest.DDTest" time="1.347">
    <failure message="expected [null] but found [jack.johnson]" type="java.lang.AssertionError"><![CDATA[java.lang.AssertionError: expected [null] but found [jack.johnson]
	at org.testng.Assert.fail(Assert.java:111)
	at org.testng.Assert.failNotEquals(Assert.java:1590)
	at org.testng.Assert.assertEqualsImpl(Assert.java:150)
	at org.testng.Assert.assertEquals(Assert.java:132)
	at org.testng.Assert.assertEquals(Assert.java:656)
	at org.testng.Assert.assertEquals(Assert.java:666)
	at apiTest.DDTest.testReadUser(DDTest.java:100)
	at java.base/jdk.internal.reflect.DirectMethodHandleAccessor.invoke(DirectMethodHandleAccessor.java:103)
	at java.base/java.lang.reflect.Method.invoke(Method.java:580)
	at org.testng.internal.invokers.MethodInvocationHelper.invokeMethod(MethodInvocationHelper.java:141)
	at org.testng.internal.invokers.TestInvoker.invokeMethod(TestInvoker.java:687)
	at org.testng.internal.invokers.TestInvoker.invokeTestMethod(TestInvoker.java:230)
	at org.testng.internal.invokers.MethodRunner.runInSequence(MethodRunner.java:63)
	at org.testng.internal.invokers.TestInvoker$MethodInvocationAgent.invoke(TestInvoker.java:995)
	at org.testng.internal.invokers.TestInvoker.invokeTestMethods(TestInvoker.java:203)
	at org.testng.internal.invokers.TestMethodWorker.invokeTestMethods(TestMethodWorker.java:154)
	at org.testng.internal.invokers.TestMethodWorker.run(TestMethodWorker.java:134)
	at java.base/java.util.ArrayList.forEach(ArrayList.java:1596)
	at org.testng.TestRunner.privateRun(TestRunner.java:741)
	at org.testng.TestRunner.run(TestRunner.java:616)
	at org.testng.SuiteRunner.runTest(SuiteRunner.java:421)
	at org.testng.SuiteRunner.runSequentially(SuiteRunner.java:413)
	at org.testng.SuiteRunner.privateRun(SuiteRunner.java:373)
	at org.testng.SuiteRunner.run(SuiteRunner.java:312)
	at org.testng.SuiteRunnerWorker.runSuite(SuiteRunnerWorker.java:52)
	at org.testng.SuiteRunnerWorker.run(SuiteRunnerWorker.java:95)
	at org.testng.TestNG.runSuitesSequentially(TestNG.java:1274)
	at org.testng.TestNG.runSuitesLocally(TestNG.java:1208)
	at org.testng.TestNG.runSuites(TestNG.java:1112)
	at org.testng.TestNG.run(TestNG.java:1079)
	at org.apache.maven.surefire.testng.TestNGExecutor.run(TestNGExecutor.java:155)
	at org.apache.maven.surefire.testng.TestNGDirectoryTestSuite.executeMulti(TestNGDirectoryTestSuite.java:169)
	at org.apache.maven.surefire.testng.TestNGDirectoryTestSuite.execute(TestNGDirectoryTestSuite.java:88)
	at org.apache.maven.surefire.testng.TestNGProvider.invoke(TestNGProvider.java:137)
	at org.apache.maven.surefire.booter.ForkedBooter.runSuitesInProcess(ForkedBooter.java:385)
	at org.apache.maven.surefire.booter.ForkedBooter.execute(ForkedBooter.java:162)
	at org.apache.maven.surefire.booter.ForkedBooter.run(ForkedBooter.java:507)
	at org.apache.maven.surefire.booter.ForkedBooter.main(ForkedBooter.java:495)
]]></failure>
    <system-out><![CDATA[12:32:58.932 [main] INFO  apiTest.DDTest - *********************************************************************************************************************************************************
12:32:58.932 [main] INFO  apiTest.DDTest - Starting testReadUser with username: jack.johnson
{
    "code": 1,
    "type": "error",
    "message": "User not found"
}
12:33:00.228 [main] INFO  apiTest.DDTest - Response: {"code":1,"type":"error","message":"User not found"}
12:33:00.278 [main] ERROR apiTest.DDTest - User read failed. Username: jack.johnson. Status code: 404
]]></system-out>
  </testcase>
  <testcase name="testReadUser[alice.taylor](31)" classname="apiTest.DDTest" time="1.369">
    <system-out><![CDATA[12:33:00.279 [main] INFO  apiTest.DDTest - *********************************************************************************************************************************************************
12:33:00.279 [main] INFO  apiTest.DDTest - Starting testReadUser with username: alice.taylor
{
    "id": 31,
    "username": "alice.taylor",
    "firstName": "Alice",
    "lastName": "Taylor",
    "email": "alice.taylor@example.com",
    "password": "Taylor8345334873",
    "phone": "8345334873",
    "userStatus": 0
}
12:33:01.588 [main] INFO  apiTest.DDTest - Response: {"id":31,"username":"alice.taylor","firstName":"Alice","lastName":"Taylor","email":"alice.taylor@example.com","password":"Taylor8345334873","phone":"8345334873","userStatus":0}
]]></system-out>
  </testcase>
  <testcase name="testReadUser[ivy.miller](32)" classname="apiTest.DDTest" time="1.327">
    <system-out><![CDATA[12:33:01.648 [main] INFO  apiTest.DDTest - *********************************************************************************************************************************************************
12:33:01.648 [main] INFO  apiTest.DDTest - Starting testReadUser with username: ivy.miller
{
    "id": 32,
    "username": "ivy.miller",
    "firstName": "Ivy",
    "lastName": "Miller",
    "email": "ivy.miller@example.com",
    "password": "Miller7238264707",
    "phone": "7238264707",
    "userStatus": 0
}
12:33:02.908 [main] INFO  apiTest.DDTest - Response: {"id":32,"username":"ivy.miller","firstName":"Ivy","lastName":"Miller","email":"ivy.miller@example.com","password":"Miller7238264707","phone":"7238264707","userStatus":0}
]]></system-out>
  </testcase>
  <testcase name="testReadUser[leo.anderson](33)" classname="apiTest.DDTest" time="1.433">
    <failure message="expected [null] but found [leo.anderson]" type="java.lang.AssertionError"><![CDATA[java.lang.AssertionError: expected [null] but found [leo.anderson]
	at org.testng.Assert.fail(Assert.java:111)
	at org.testng.Assert.failNotEquals(Assert.java:1590)
	at org.testng.Assert.assertEqualsImpl(Assert.java:150)
	at org.testng.Assert.assertEquals(Assert.java:132)
	at org.testng.Assert.assertEquals(Assert.java:656)
	at org.testng.Assert.assertEquals(Assert.java:666)
	at apiTest.DDTest.testReadUser(DDTest.java:100)
	at java.base/jdk.internal.reflect.DirectMethodHandleAccessor.invoke(DirectMethodHandleAccessor.java:103)
	at java.base/java.lang.reflect.Method.invoke(Method.java:580)
	at org.testng.internal.invokers.MethodInvocationHelper.invokeMethod(MethodInvocationHelper.java:141)
	at org.testng.internal.invokers.TestInvoker.invokeMethod(TestInvoker.java:687)
	at org.testng.internal.invokers.TestInvoker.invokeTestMethod(TestInvoker.java:230)
	at org.testng.internal.invokers.MethodRunner.runInSequence(MethodRunner.java:63)
	at org.testng.internal.invokers.TestInvoker$MethodInvocationAgent.invoke(TestInvoker.java:995)
	at org.testng.internal.invokers.TestInvoker.invokeTestMethods(TestInvoker.java:203)
	at org.testng.internal.invokers.TestMethodWorker.invokeTestMethods(TestMethodWorker.java:154)
	at org.testng.internal.invokers.TestMethodWorker.run(TestMethodWorker.java:134)
	at java.base/java.util.ArrayList.forEach(ArrayList.java:1596)
	at org.testng.TestRunner.privateRun(TestRunner.java:741)
	at org.testng.TestRunner.run(TestRunner.java:616)
	at org.testng.SuiteRunner.runTest(SuiteRunner.java:421)
	at org.testng.SuiteRunner.runSequentially(SuiteRunner.java:413)
	at org.testng.SuiteRunner.privateRun(SuiteRunner.java:373)
	at org.testng.SuiteRunner.run(SuiteRunner.java:312)
	at org.testng.SuiteRunnerWorker.runSuite(SuiteRunnerWorker.java:52)
	at org.testng.SuiteRunnerWorker.run(SuiteRunnerWorker.java:95)
	at org.testng.TestNG.runSuitesSequentially(TestNG.java:1274)
	at org.testng.TestNG.runSuitesLocally(TestNG.java:1208)
	at org.testng.TestNG.runSuites(TestNG.java:1112)
	at org.testng.TestNG.run(TestNG.java:1079)
	at org.apache.maven.surefire.testng.TestNGExecutor.run(TestNGExecutor.java:155)
	at org.apache.maven.surefire.testng.TestNGDirectoryTestSuite.executeMulti(TestNGDirectoryTestSuite.java:169)
	at org.apache.maven.surefire.testng.TestNGDirectoryTestSuite.execute(TestNGDirectoryTestSuite.java:88)
	at org.apache.maven.surefire.testng.TestNGProvider.invoke(TestNGProvider.java:137)
	at org.apache.maven.surefire.booter.ForkedBooter.runSuitesInProcess(ForkedBooter.java:385)
	at org.apache.maven.surefire.booter.ForkedBooter.execute(ForkedBooter.java:162)
	at org.apache.maven.surefire.booter.ForkedBooter.run(ForkedBooter.java:507)
	at org.apache.maven.surefire.booter.ForkedBooter.main(ForkedBooter.java:495)
]]></failure>
    <system-out><![CDATA[12:33:02.979 [main] INFO  apiTest.DDTest - *********************************************************************************************************************************************************
12:33:02.979 [main] INFO  apiTest.DDTest - Starting testReadUser with username: leo.anderson
{
    "code": 1,
    "type": "error",
    "message": "User not found"
}
12:33:04.318 [main] INFO  apiTest.DDTest - Response: {"code":1,"type":"error","message":"User not found"}
12:33:04.400 [main] ERROR apiTest.DDTest - User read failed. Username: leo.anderson. Status code: 404
]]></system-out>
  </testcase>
  <testcase name="testReadUser[jane.davis](34)" classname="apiTest.DDTest" time="1.419">
    <system-out><![CDATA[12:33:04.412 [main] INFO  apiTest.DDTest - *********************************************************************************************************************************************************
12:33:04.412 [main] INFO  apiTest.DDTest - Starting testReadUser with username: jane.davis
{
    "id": 34,
    "username": "jane.davis",
    "firstName": "Jane",
    "lastName": "Davis",
    "email": "jane.davis@example.com",
    "password": "Davis2854311888",
    "phone": "2854311888",
    "userStatus": 0
}
12:33:05.750 [main] INFO  apiTest.DDTest - Response: {"id":34,"username":"jane.davis","firstName":"Jane","lastName":"Davis","email":"jane.davis@example.com","password":"Davis2854311888","phone":"2854311888","userStatus":0}
]]></system-out>
  </testcase>
  <testcase name="testReadUser[leo.moore](35)" classname="apiTest.DDTest" time="1.414">
    <system-out><![CDATA[12:33:05.832 [main] INFO  apiTest.DDTest - *********************************************************************************************************************************************************
12:33:05.832 [main] INFO  apiTest.DDTest - Starting testReadUser with username: leo.moore
{
    "id": 35,
    "username": "leo.moore",
    "firstName": "Leo",
    "lastName": "Moore",
    "email": "leo.moore@example.com",
    "password": "Moore4665172750",
    "phone": "4665172750",
    "userStatus": 0
}
12:33:07.162 [main] INFO  apiTest.DDTest - Response: {"id":35,"username":"leo.moore","firstName":"Leo","lastName":"Moore","email":"leo.moore@example.com","password":"Moore4665172750","phone":"4665172750","userStatus":0}
]]></system-out>
  </testcase>
  <testcase name="testReadUser[grace.johnson](36)" classname="apiTest.DDTest" time="1.442">
    <system-out><![CDATA[12:33:07.246 [main] INFO  apiTest.DDTest - *********************************************************************************************************************************************************
12:33:07.246 [main] INFO  apiTest.DDTest - Starting testReadUser with username: grace.johnson
{
    "id": 36,
    "username": "grace.johnson",
    "firstName": "Grace",
    "lastName": "Johnson",
    "email": "grace.johnson@example.com",
    "password": "Johnson6311367111",
    "phone": "6311367111",
    "userStatus": 0
}
12:33:08.605 [main] INFO  apiTest.DDTest - Response: {"id":36,"username":"grace.johnson","firstName":"Grace","lastName":"Johnson","email":"grace.johnson@example.com","password":"Johnson6311367111","phone":"6311367111","userStatus":0}
]]></system-out>
  </testcase>
  <testcase name="testReadUser[frank.taylor](37)" classname="apiTest.DDTest" time="1.356">
    <failure message="expected [null] but found [frank.taylor]" type="java.lang.AssertionError"><![CDATA[java.lang.AssertionError: expected [null] but found [frank.taylor]
	at org.testng.Assert.fail(Assert.java:111)
	at org.testng.Assert.failNotEquals(Assert.java:1590)
	at org.testng.Assert.assertEqualsImpl(Assert.java:150)
	at org.testng.Assert.assertEquals(Assert.java:132)
	at org.testng.Assert.assertEquals(Assert.java:656)
	at org.testng.Assert.assertEquals(Assert.java:666)
	at apiTest.DDTest.testReadUser(DDTest.java:100)
	at java.base/jdk.internal.reflect.DirectMethodHandleAccessor.invoke(DirectMethodHandleAccessor.java:103)
	at java.base/java.lang.reflect.Method.invoke(Method.java:580)
	at org.testng.internal.invokers.MethodInvocationHelper.invokeMethod(MethodInvocationHelper.java:141)
	at org.testng.internal.invokers.TestInvoker.invokeMethod(TestInvoker.java:687)
	at org.testng.internal.invokers.TestInvoker.invokeTestMethod(TestInvoker.java:230)
	at org.testng.internal.invokers.MethodRunner.runInSequence(MethodRunner.java:63)
	at org.testng.internal.invokers.TestInvoker$MethodInvocationAgent.invoke(TestInvoker.java:995)
	at org.testng.internal.invokers.TestInvoker.invokeTestMethods(TestInvoker.java:203)
	at org.testng.internal.invokers.TestMethodWorker.invokeTestMethods(TestMethodWorker.java:154)
	at org.testng.internal.invokers.TestMethodWorker.run(TestMethodWorker.java:134)
	at java.base/java.util.ArrayList.forEach(ArrayList.java:1596)
	at org.testng.TestRunner.privateRun(TestRunner.java:741)
	at org.testng.TestRunner.run(TestRunner.java:616)
	at org.testng.SuiteRunner.runTest(SuiteRunner.java:421)
	at org.testng.SuiteRunner.runSequentially(SuiteRunner.java:413)
	at org.testng.SuiteRunner.privateRun(SuiteRunner.java:373)
	at org.testng.SuiteRunner.run(SuiteRunner.java:312)
	at org.testng.SuiteRunnerWorker.runSuite(SuiteRunnerWorker.java:52)
	at org.testng.SuiteRunnerWorker.run(SuiteRunnerWorker.java:95)
	at org.testng.TestNG.runSuitesSequentially(TestNG.java:1274)
	at org.testng.TestNG.runSuitesLocally(TestNG.java:1208)
	at org.testng.TestNG.runSuites(TestNG.java:1112)
	at org.testng.TestNG.run(TestNG.java:1079)
	at org.apache.maven.surefire.testng.TestNGExecutor.run(TestNGExecutor.java:155)
	at org.apache.maven.surefire.testng.TestNGDirectoryTestSuite.executeMulti(TestNGDirectoryTestSuite.java:169)
	at org.apache.maven.surefire.testng.TestNGDirectoryTestSuite.execute(TestNGDirectoryTestSuite.java:88)
	at org.apache.maven.surefire.testng.TestNGProvider.invoke(TestNGProvider.java:137)
	at org.apache.maven.surefire.booter.ForkedBooter.runSuitesInProcess(ForkedBooter.java:385)
	at org.apache.maven.surefire.booter.ForkedBooter.execute(ForkedBooter.java:162)
	at org.apache.maven.surefire.booter.ForkedBooter.run(ForkedBooter.java:507)
	at org.apache.maven.surefire.booter.ForkedBooter.main(ForkedBooter.java:495)
]]></failure>
    <system-out><![CDATA[12:33:08.688 [main] INFO  apiTest.DDTest - *********************************************************************************************************************************************************
12:33:08.688 [main] INFO  apiTest.DDTest - Starting testReadUser with username: frank.taylor
{
    "code": 1,
    "type": "error",
    "message": "User not found"
}
12:33:09.969 [main] INFO  apiTest.DDTest - Response: {"code":1,"type":"error","message":"User not found"}
12:33:10.036 [main] ERROR apiTest.DDTest - User read failed. Username: frank.taylor. Status code: 404
]]></system-out>
  </testcase>
  <testcase name="testReadUser[ivy.smith](38)" classname="apiTest.DDTest" time="1.426">
    <system-out><![CDATA[12:33:10.044 [main] INFO  apiTest.DDTest - *********************************************************************************************************************************************************
12:33:10.045 [main] INFO  apiTest.DDTest - Starting testReadUser with username: ivy.smith
{
    "id": 38,
    "username": "ivy.smith",
    "firstName": "Ivy",
    "lastName": "Smith",
    "email": "ivy.smith@example.com",
    "password": "Smith3759188003",
    "phone": "3759188003",
    "userStatus": 0
}
12:33:11.370 [main] INFO  apiTest.DDTest - Response: {"id":38,"username":"ivy.smith","firstName":"Ivy","lastName":"Smith","email":"ivy.smith@example.com","password":"Smith3759188003","phone":"3759188003","userStatus":0}
]]></system-out>
  </testcase>
  <testcase name="testReadUser[jane.davis](39)" classname="apiTest.DDTest" time="1.405">
    <failure message="expected [null] but found [jane.davis]" type="java.lang.AssertionError"><![CDATA[java.lang.AssertionError: expected [null] but found [jane.davis]
	at org.testng.Assert.fail(Assert.java:111)
	at org.testng.Assert.failNotEquals(Assert.java:1590)
	at org.testng.Assert.assertEqualsImpl(Assert.java:150)
	at org.testng.Assert.assertEquals(Assert.java:132)
	at org.testng.Assert.assertEquals(Assert.java:656)
	at org.testng.Assert.assertEquals(Assert.java:666)
	at apiTest.DDTest.testReadUser(DDTest.java:100)
	at java.base/jdk.internal.reflect.DirectMethodHandleAccessor.invoke(DirectMethodHandleAccessor.java:103)
	at java.base/java.lang.reflect.Method.invoke(Method.java:580)
	at org.testng.internal.invokers.MethodInvocationHelper.invokeMethod(MethodInvocationHelper.java:141)
	at org.testng.internal.invokers.TestInvoker.invokeMethod(TestInvoker.java:687)
	at org.testng.internal.invokers.TestInvoker.invokeTestMethod(TestInvoker.java:230)
	at org.testng.internal.invokers.MethodRunner.runInSequence(MethodRunner.java:63)
	at org.testng.internal.invokers.TestInvoker$MethodInvocationAgent.invoke(TestInvoker.java:995)
	at org.testng.internal.invokers.TestInvoker.invokeTestMethods(TestInvoker.java:203)
	at org.testng.internal.invokers.TestMethodWorker.invokeTestMethods(TestMethodWorker.java:154)
	at org.testng.internal.invokers.TestMethodWorker.run(TestMethodWorker.java:134)
	at java.base/java.util.ArrayList.forEach(ArrayList.java:1596)
	at org.testng.TestRunner.privateRun(TestRunner.java:741)
	at org.testng.TestRunner.run(TestRunner.java:616)
	at org.testng.SuiteRunner.runTest(SuiteRunner.java:421)
	at org.testng.SuiteRunner.runSequentially(SuiteRunner.java:413)
	at org.testng.SuiteRunner.privateRun(SuiteRunner.java:373)
	at org.testng.SuiteRunner.run(SuiteRunner.java:312)
	at org.testng.SuiteRunnerWorker.runSuite(SuiteRunnerWorker.java:52)
	at org.testng.SuiteRunnerWorker.run(SuiteRunnerWorker.java:95)
	at org.testng.TestNG.runSuitesSequentially(TestNG.java:1274)
	at org.testng.TestNG.runSuitesLocally(TestNG.java:1208)
	at org.testng.TestNG.runSuites(TestNG.java:1112)
	at org.testng.TestNG.run(TestNG.java:1079)
	at org.apache.maven.surefire.testng.TestNGExecutor.run(TestNGExecutor.java:155)
	at org.apache.maven.surefire.testng.TestNGDirectoryTestSuite.executeMulti(TestNGDirectoryTestSuite.java:169)
	at org.apache.maven.surefire.testng.TestNGDirectoryTestSuite.execute(TestNGDirectoryTestSuite.java:88)
	at org.apache.maven.surefire.testng.TestNGProvider.invoke(TestNGProvider.java:137)
	at org.apache.maven.surefire.booter.ForkedBooter.runSuitesInProcess(ForkedBooter.java:385)
	at org.apache.maven.surefire.booter.ForkedBooter.execute(ForkedBooter.java:162)
	at org.apache.maven.surefire.booter.ForkedBooter.run(ForkedBooter.java:507)
	at org.apache.maven.surefire.booter.ForkedBooter.main(ForkedBooter.java:495)
]]></failure>
    <system-out><![CDATA[12:33:11.471 [main] INFO  apiTest.DDTest - *********************************************************************************************************************************************************
12:33:11.472 [main] INFO  apiTest.DDTest - Starting testReadUser with username: jane.davis
{
    "code": 1,
    "type": "error",
    "message": "User not found"
}
12:33:12.789 [main] INFO  apiTest.DDTest - Response: {"code":1,"type":"error","message":"User not found"}
12:33:12.870 [main] ERROR apiTest.DDTest - User read failed. Username: jane.davis. Status code: 404
]]></system-out>
  </testcase>
  <testcase name="testReadUser[nina.taylor](40)" classname="apiTest.DDTest" time="1.434">
    <failure message="expected [null] but found [nina.taylor]" type="java.lang.AssertionError"><![CDATA[java.lang.AssertionError: expected [null] but found [nina.taylor]
	at org.testng.Assert.fail(Assert.java:111)
	at org.testng.Assert.failNotEquals(Assert.java:1590)
	at org.testng.Assert.assertEqualsImpl(Assert.java:150)
	at org.testng.Assert.assertEquals(Assert.java:132)
	at org.testng.Assert.assertEquals(Assert.java:656)
	at org.testng.Assert.assertEquals(Assert.java:666)
	at apiTest.DDTest.testReadUser(DDTest.java:100)
	at java.base/jdk.internal.reflect.DirectMethodHandleAccessor.invoke(DirectMethodHandleAccessor.java:103)
	at java.base/java.lang.reflect.Method.invoke(Method.java:580)
	at org.testng.internal.invokers.MethodInvocationHelper.invokeMethod(MethodInvocationHelper.java:141)
	at org.testng.internal.invokers.TestInvoker.invokeMethod(TestInvoker.java:687)
	at org.testng.internal.invokers.TestInvoker.invokeTestMethod(TestInvoker.java:230)
	at org.testng.internal.invokers.MethodRunner.runInSequence(MethodRunner.java:63)
	at org.testng.internal.invokers.TestInvoker$MethodInvocationAgent.invoke(TestInvoker.java:995)
	at org.testng.internal.invokers.TestInvoker.invokeTestMethods(TestInvoker.java:203)
	at org.testng.internal.invokers.TestMethodWorker.invokeTestMethods(TestMethodWorker.java:154)
	at org.testng.internal.invokers.TestMethodWorker.run(TestMethodWorker.java:134)
	at java.base/java.util.ArrayList.forEach(ArrayList.java:1596)
	at org.testng.TestRunner.privateRun(TestRunner.java:741)
	at org.testng.TestRunner.run(TestRunner.java:616)
	at org.testng.SuiteRunner.runTest(SuiteRunner.java:421)
	at org.testng.SuiteRunner.runSequentially(SuiteRunner.java:413)
	at org.testng.SuiteRunner.privateRun(SuiteRunner.java:373)
	at org.testng.SuiteRunner.run(SuiteRunner.java:312)
	at org.testng.SuiteRunnerWorker.runSuite(SuiteRunnerWorker.java:52)
	at org.testng.SuiteRunnerWorker.run(SuiteRunnerWorker.java:95)
	at org.testng.TestNG.runSuitesSequentially(TestNG.java:1274)
	at org.testng.TestNG.runSuitesLocally(TestNG.java:1208)
	at org.testng.TestNG.runSuites(TestNG.java:1112)
	at org.testng.TestNG.run(TestNG.java:1079)
	at org.apache.maven.surefire.testng.TestNGExecutor.run(TestNGExecutor.java:155)
	at org.apache.maven.surefire.testng.TestNGDirectoryTestSuite.executeMulti(TestNGDirectoryTestSuite.java:169)
	at org.apache.maven.surefire.testng.TestNGDirectoryTestSuite.execute(TestNGDirectoryTestSuite.java:88)
	at org.apache.maven.surefire.testng.TestNGProvider.invoke(TestNGProvider.java:137)
	at org.apache.maven.surefire.booter.ForkedBooter.runSuitesInProcess(ForkedBooter.java:385)
	at org.apache.maven.surefire.booter.ForkedBooter.execute(ForkedBooter.java:162)
	at org.apache.maven.surefire.booter.ForkedBooter.run(ForkedBooter.java:507)
	at org.apache.maven.surefire.booter.ForkedBooter.main(ForkedBooter.java:495)
]]></failure>
    <system-out><![CDATA[12:33:12.876 [main] INFO  apiTest.DDTest - *********************************************************************************************************************************************************
12:33:12.878 [main] INFO  apiTest.DDTest - Starting testReadUser with username: nina.taylor
{
    "code": 1,
    "type": "error",
    "message": "User not found"
}
12:33:14.226 [main] INFO  apiTest.DDTest - Response: {"code":1,"type":"error","message":"User not found"}
12:33:14.305 [main] ERROR apiTest.DDTest - User read failed. Username: nina.taylor. Status code: 404
]]></system-out>
  </testcase>
  <testcase name="testDeleteUser[alice.davis](1)" classname="apiTest.DDTest" time="1.36">
    <failure message="expected [200] but found [404]" type="java.lang.AssertionError"><![CDATA[java.lang.AssertionError: expected [200] but found [404]
	at org.testng.Assert.fail(Assert.java:111)
	at org.testng.Assert.failNotEquals(Assert.java:1590)
	at org.testng.Assert.assertEqualsImpl(Assert.java:150)
	at org.testng.Assert.assertEquals(Assert.java:132)
	at org.testng.Assert.assertEquals(Assert.java:1431)
	at org.testng.Assert.assertEquals(Assert.java:1395)
	at org.testng.Assert.assertEquals(Assert.java:1441)
	at apiTest.DDTest.testDeleteUser(DDTest.java:122)
	at java.base/jdk.internal.reflect.DirectMethodHandleAccessor.invoke(DirectMethodHandleAccessor.java:103)
	at java.base/java.lang.reflect.Method.invoke(Method.java:580)
	at org.testng.internal.invokers.MethodInvocationHelper.invokeMethod(MethodInvocationHelper.java:141)
	at org.testng.internal.invokers.TestInvoker.invokeMethod(TestInvoker.java:687)
	at org.testng.internal.invokers.TestInvoker.invokeTestMethod(TestInvoker.java:230)
	at org.testng.internal.invokers.MethodRunner.runInSequence(MethodRunner.java:63)
	at org.testng.internal.invokers.TestInvoker$MethodInvocationAgent.invoke(TestInvoker.java:995)
	at org.testng.internal.invokers.TestInvoker.invokeTestMethods(TestInvoker.java:203)
	at org.testng.internal.invokers.TestMethodWorker.invokeTestMethods(TestMethodWorker.java:154)
	at org.testng.internal.invokers.TestMethodWorker.run(TestMethodWorker.java:134)
	at java.base/java.util.ArrayList.forEach(ArrayList.java:1596)
	at org.testng.TestRunner.privateRun(TestRunner.java:741)
	at org.testng.TestRunner.run(TestRunner.java:616)
	at org.testng.SuiteRunner.runTest(SuiteRunner.java:421)
	at org.testng.SuiteRunner.runSequentially(SuiteRunner.java:413)
	at org.testng.SuiteRunner.privateRun(SuiteRunner.java:373)
	at org.testng.SuiteRunner.run(SuiteRunner.java:312)
	at org.testng.SuiteRunnerWorker.runSuite(SuiteRunnerWorker.java:52)
	at org.testng.SuiteRunnerWorker.run(SuiteRunnerWorker.java:95)
	at org.testng.TestNG.runSuitesSequentially(TestNG.java:1274)
	at org.testng.TestNG.runSuitesLocally(TestNG.java:1208)
	at org.testng.TestNG.runSuites(TestNG.java:1112)
	at org.testng.TestNG.run(TestNG.java:1079)
	at org.apache.maven.surefire.testng.TestNGExecutor.run(TestNGExecutor.java:155)
	at org.apache.maven.surefire.testng.TestNGDirectoryTestSuite.executeMulti(TestNGDirectoryTestSuite.java:169)
	at org.apache.maven.surefire.testng.TestNGDirectoryTestSuite.execute(TestNGDirectoryTestSuite.java:88)
	at org.apache.maven.surefire.testng.TestNGProvider.invoke(TestNGProvider.java:137)
	at org.apache.maven.surefire.booter.ForkedBooter.runSuitesInProcess(ForkedBooter.java:385)
	at org.apache.maven.surefire.booter.ForkedBooter.execute(ForkedBooter.java:162)
	at org.apache.maven.surefire.booter.ForkedBooter.run(ForkedBooter.java:507)
	at org.apache.maven.surefire.booter.ForkedBooter.main(ForkedBooter.java:495)
]]></failure>
    <system-out><![CDATA[12:33:15.035 [main] INFO  apiTest.DDTest - *********************************************************************************************************************************************************
12:33:15.035 [main] INFO  apiTest.DDTest - Starting testDeleteUser with username: alice.davis

12:33:16.313 [main] INFO  apiTest.DDTest - Response: 
12:33:16.394 [main] ERROR apiTest.DDTest - User deletion failed. Username: alice.davis. Status code: 404
]]></system-out>
  </testcase>
  <testcase name="testDeleteUser[alice.brown](2)" classname="apiTest.DDTest" time="1.378">
    <failure message="expected [200] but found [404]" type="java.lang.AssertionError"><![CDATA[java.lang.AssertionError: expected [200] but found [404]
	at org.testng.Assert.fail(Assert.java:111)
	at org.testng.Assert.failNotEquals(Assert.java:1590)
	at org.testng.Assert.assertEqualsImpl(Assert.java:150)
	at org.testng.Assert.assertEquals(Assert.java:132)
	at org.testng.Assert.assertEquals(Assert.java:1431)
	at org.testng.Assert.assertEquals(Assert.java:1395)
	at org.testng.Assert.assertEquals(Assert.java:1441)
	at apiTest.DDTest.testDeleteUser(DDTest.java:122)
	at java.base/jdk.internal.reflect.DirectMethodHandleAccessor.invoke(DirectMethodHandleAccessor.java:103)
	at java.base/java.lang.reflect.Method.invoke(Method.java:580)
	at org.testng.internal.invokers.MethodInvocationHelper.invokeMethod(MethodInvocationHelper.java:141)
	at org.testng.internal.invokers.TestInvoker.invokeMethod(TestInvoker.java:687)
	at org.testng.internal.invokers.TestInvoker.invokeTestMethod(TestInvoker.java:230)
	at org.testng.internal.invokers.MethodRunner.runInSequence(MethodRunner.java:63)
	at org.testng.internal.invokers.TestInvoker$MethodInvocationAgent.invoke(TestInvoker.java:995)
	at org.testng.internal.invokers.TestInvoker.invokeTestMethods(TestInvoker.java:203)
	at org.testng.internal.invokers.TestMethodWorker.invokeTestMethods(TestMethodWorker.java:154)
	at org.testng.internal.invokers.TestMethodWorker.run(TestMethodWorker.java:134)
	at java.base/java.util.ArrayList.forEach(ArrayList.java:1596)
	at org.testng.TestRunner.privateRun(TestRunner.java:741)
	at org.testng.TestRunner.run(TestRunner.java:616)
	at org.testng.SuiteRunner.runTest(SuiteRunner.java:421)
	at org.testng.SuiteRunner.runSequentially(SuiteRunner.java:413)
	at org.testng.SuiteRunner.privateRun(SuiteRunner.java:373)
	at org.testng.SuiteRunner.run(SuiteRunner.java:312)
	at org.testng.SuiteRunnerWorker.runSuite(SuiteRunnerWorker.java:52)
	at org.testng.SuiteRunnerWorker.run(SuiteRunnerWorker.java:95)
	at org.testng.TestNG.runSuitesSequentially(TestNG.java:1274)
	at org.testng.TestNG.runSuitesLocally(TestNG.java:1208)
	at org.testng.TestNG.runSuites(TestNG.java:1112)
	at org.testng.TestNG.run(TestNG.java:1079)
	at org.apache.maven.surefire.testng.TestNGExecutor.run(TestNGExecutor.java:155)
	at org.apache.maven.surefire.testng.TestNGDirectoryTestSuite.executeMulti(TestNGDirectoryTestSuite.java:169)
	at org.apache.maven.surefire.testng.TestNGDirectoryTestSuite.execute(TestNGDirectoryTestSuite.java:88)
	at org.apache.maven.surefire.testng.TestNGProvider.invoke(TestNGProvider.java:137)
	at org.apache.maven.surefire.booter.ForkedBooter.runSuitesInProcess(ForkedBooter.java:385)
	at org.apache.maven.surefire.booter.ForkedBooter.execute(ForkedBooter.java:162)
	at org.apache.maven.surefire.booter.ForkedBooter.run(ForkedBooter.java:507)
	at org.apache.maven.surefire.booter.ForkedBooter.main(ForkedBooter.java:495)
]]></failure>
    <system-out><![CDATA[12:33:16.395 [main] INFO  apiTest.DDTest - *********************************************************************************************************************************************************
12:33:16.395 [main] INFO  apiTest.DDTest - Starting testDeleteUser with username: alice.brown

12:33:17.700 [main] INFO  apiTest.DDTest - Response: 
12:33:17.771 [main] ERROR apiTest.DDTest - User deletion failed. Username: alice.brown. Status code: 404
]]></system-out>
  </testcase>
  <testcase name="testDeleteUser[bob.smith](3)" classname="apiTest.DDTest" time="1.411">
    <failure message="expected [200] but found [404]" type="java.lang.AssertionError"><![CDATA[java.lang.AssertionError: expected [200] but found [404]
	at org.testng.Assert.fail(Assert.java:111)
	at org.testng.Assert.failNotEquals(Assert.java:1590)
	at org.testng.Assert.assertEqualsImpl(Assert.java:150)
	at org.testng.Assert.assertEquals(Assert.java:132)
	at org.testng.Assert.assertEquals(Assert.java:1431)
	at org.testng.Assert.assertEquals(Assert.java:1395)
	at org.testng.Assert.assertEquals(Assert.java:1441)
	at apiTest.DDTest.testDeleteUser(DDTest.java:122)
	at java.base/jdk.internal.reflect.DirectMethodHandleAccessor.invoke(DirectMethodHandleAccessor.java:103)
	at java.base/java.lang.reflect.Method.invoke(Method.java:580)
	at org.testng.internal.invokers.MethodInvocationHelper.invokeMethod(MethodInvocationHelper.java:141)
	at org.testng.internal.invokers.TestInvoker.invokeMethod(TestInvoker.java:687)
	at org.testng.internal.invokers.TestInvoker.invokeTestMethod(TestInvoker.java:230)
	at org.testng.internal.invokers.MethodRunner.runInSequence(MethodRunner.java:63)
	at org.testng.internal.invokers.TestInvoker$MethodInvocationAgent.invoke(TestInvoker.java:995)
	at org.testng.internal.invokers.TestInvoker.invokeTestMethods(TestInvoker.java:203)
	at org.testng.internal.invokers.TestMethodWorker.invokeTestMethods(TestMethodWorker.java:154)
	at org.testng.internal.invokers.TestMethodWorker.run(TestMethodWorker.java:134)
	at java.base/java.util.ArrayList.forEach(ArrayList.java:1596)
	at org.testng.TestRunner.privateRun(TestRunner.java:741)
	at org.testng.TestRunner.run(TestRunner.java:616)
	at org.testng.SuiteRunner.runTest(SuiteRunner.java:421)
	at org.testng.SuiteRunner.runSequentially(SuiteRunner.java:413)
	at org.testng.SuiteRunner.privateRun(SuiteRunner.java:373)
	at org.testng.SuiteRunner.run(SuiteRunner.java:312)
	at org.testng.SuiteRunnerWorker.runSuite(SuiteRunnerWorker.java:52)
	at org.testng.SuiteRunnerWorker.run(SuiteRunnerWorker.java:95)
	at org.testng.TestNG.runSuitesSequentially(TestNG.java:1274)
	at org.testng.TestNG.runSuitesLocally(TestNG.java:1208)
	at org.testng.TestNG.runSuites(TestNG.java:1112)
	at org.testng.TestNG.run(TestNG.java:1079)
	at org.apache.maven.surefire.testng.TestNGExecutor.run(TestNGExecutor.java:155)
	at org.apache.maven.surefire.testng.TestNGDirectoryTestSuite.executeMulti(TestNGDirectoryTestSuite.java:169)
	at org.apache.maven.surefire.testng.TestNGDirectoryTestSuite.execute(TestNGDirectoryTestSuite.java:88)
	at org.apache.maven.surefire.testng.TestNGProvider.invoke(TestNGProvider.java:137)
	at org.apache.maven.surefire.booter.ForkedBooter.runSuitesInProcess(ForkedBooter.java:385)
	at org.apache.maven.surefire.booter.ForkedBooter.execute(ForkedBooter.java:162)
	at org.apache.maven.surefire.booter.ForkedBooter.run(ForkedBooter.java:507)
	at org.apache.maven.surefire.booter.ForkedBooter.main(ForkedBooter.java:495)
]]></failure>
    <system-out><![CDATA[12:33:17.772 [main] INFO  apiTest.DDTest - *********************************************************************************************************************************************************
12:33:17.773 [main] INFO  apiTest.DDTest - Starting testDeleteUser with username: bob.smith

12:33:19.114 [main] INFO  apiTest.DDTest - Response: 
12:33:19.182 [main] ERROR apiTest.DDTest - User deletion failed. Username: bob.smith. Status code: 404
]]></system-out>
  </testcase>
  <testcase name="testDeleteUser[ivy.wilson](4)" classname="apiTest.DDTest" time="1.355">
    <failure message="expected [200] but found [404]" type="java.lang.AssertionError"><![CDATA[java.lang.AssertionError: expected [200] but found [404]
	at org.testng.Assert.fail(Assert.java:111)
	at org.testng.Assert.failNotEquals(Assert.java:1590)
	at org.testng.Assert.assertEqualsImpl(Assert.java:150)
	at org.testng.Assert.assertEquals(Assert.java:132)
	at org.testng.Assert.assertEquals(Assert.java:1431)
	at org.testng.Assert.assertEquals(Assert.java:1395)
	at org.testng.Assert.assertEquals(Assert.java:1441)
	at apiTest.DDTest.testDeleteUser(DDTest.java:122)
	at java.base/jdk.internal.reflect.DirectMethodHandleAccessor.invoke(DirectMethodHandleAccessor.java:103)
	at java.base/java.lang.reflect.Method.invoke(Method.java:580)
	at org.testng.internal.invokers.MethodInvocationHelper.invokeMethod(MethodInvocationHelper.java:141)
	at org.testng.internal.invokers.TestInvoker.invokeMethod(TestInvoker.java:687)
	at org.testng.internal.invokers.TestInvoker.invokeTestMethod(TestInvoker.java:230)
	at org.testng.internal.invokers.MethodRunner.runInSequence(MethodRunner.java:63)
	at org.testng.internal.invokers.TestInvoker$MethodInvocationAgent.invoke(TestInvoker.java:995)
	at org.testng.internal.invokers.TestInvoker.invokeTestMethods(TestInvoker.java:203)
	at org.testng.internal.invokers.TestMethodWorker.invokeTestMethods(TestMethodWorker.java:154)
	at org.testng.internal.invokers.TestMethodWorker.run(TestMethodWorker.java:134)
	at java.base/java.util.ArrayList.forEach(ArrayList.java:1596)
	at org.testng.TestRunner.privateRun(TestRunner.java:741)
	at org.testng.TestRunner.run(TestRunner.java:616)
	at org.testng.SuiteRunner.runTest(SuiteRunner.java:421)
	at org.testng.SuiteRunner.runSequentially(SuiteRunner.java:413)
	at org.testng.SuiteRunner.privateRun(SuiteRunner.java:373)
	at org.testng.SuiteRunner.run(SuiteRunner.java:312)
	at org.testng.SuiteRunnerWorker.runSuite(SuiteRunnerWorker.java:52)
	at org.testng.SuiteRunnerWorker.run(SuiteRunnerWorker.java:95)
	at org.testng.TestNG.runSuitesSequentially(TestNG.java:1274)
	at org.testng.TestNG.runSuitesLocally(TestNG.java:1208)
	at org.testng.TestNG.runSuites(TestNG.java:1112)
	at org.testng.TestNG.run(TestNG.java:1079)
	at org.apache.maven.surefire.testng.TestNGExecutor.run(TestNGExecutor.java:155)
	at org.apache.maven.surefire.testng.TestNGDirectoryTestSuite.executeMulti(TestNGDirectoryTestSuite.java:169)
	at org.apache.maven.surefire.testng.TestNGDirectoryTestSuite.execute(TestNGDirectoryTestSuite.java:88)
	at org.apache.maven.surefire.testng.TestNGProvider.invoke(TestNGProvider.java:137)
	at org.apache.maven.surefire.booter.ForkedBooter.runSuitesInProcess(ForkedBooter.java:385)
	at org.apache.maven.surefire.booter.ForkedBooter.execute(ForkedBooter.java:162)
	at org.apache.maven.surefire.booter.ForkedBooter.run(ForkedBooter.java:507)
	at org.apache.maven.surefire.booter.ForkedBooter.main(ForkedBooter.java:495)
]]></failure>
    <system-out><![CDATA[12:33:19.184 [main] INFO  apiTest.DDTest - *********************************************************************************************************************************************************
12:33:19.184 [main] INFO  apiTest.DDTest - Starting testDeleteUser with username: ivy.wilson

12:33:20.468 [main] INFO  apiTest.DDTest - Response: 
12:33:20.539 [main] ERROR apiTest.DDTest - User deletion failed. Username: ivy.wilson. Status code: 404
]]></system-out>
  </testcase>
  <testcase name="testDeleteUser[bob.wilson](5)" classname="apiTest.DDTest" time="1.357">
    <failure message="expected [200] but found [404]" type="java.lang.AssertionError"><![CDATA[java.lang.AssertionError: expected [200] but found [404]
	at org.testng.Assert.fail(Assert.java:111)
	at org.testng.Assert.failNotEquals(Assert.java:1590)
	at org.testng.Assert.assertEqualsImpl(Assert.java:150)
	at org.testng.Assert.assertEquals(Assert.java:132)
	at org.testng.Assert.assertEquals(Assert.java:1431)
	at org.testng.Assert.assertEquals(Assert.java:1395)
	at org.testng.Assert.assertEquals(Assert.java:1441)
	at apiTest.DDTest.testDeleteUser(DDTest.java:122)
	at java.base/jdk.internal.reflect.DirectMethodHandleAccessor.invoke(DirectMethodHandleAccessor.java:103)
	at java.base/java.lang.reflect.Method.invoke(Method.java:580)
	at org.testng.internal.invokers.MethodInvocationHelper.invokeMethod(MethodInvocationHelper.java:141)
	at org.testng.internal.invokers.TestInvoker.invokeMethod(TestInvoker.java:687)
	at org.testng.internal.invokers.TestInvoker.invokeTestMethod(TestInvoker.java:230)
	at org.testng.internal.invokers.MethodRunner.runInSequence(MethodRunner.java:63)
	at org.testng.internal.invokers.TestInvoker$MethodInvocationAgent.invoke(TestInvoker.java:995)
	at org.testng.internal.invokers.TestInvoker.invokeTestMethods(TestInvoker.java:203)
	at org.testng.internal.invokers.TestMethodWorker.invokeTestMethods(TestMethodWorker.java:154)
	at org.testng.internal.invokers.TestMethodWorker.run(TestMethodWorker.java:134)
	at java.base/java.util.ArrayList.forEach(ArrayList.java:1596)
	at org.testng.TestRunner.privateRun(TestRunner.java:741)
	at org.testng.TestRunner.run(TestRunner.java:616)
	at org.testng.SuiteRunner.runTest(SuiteRunner.java:421)
	at org.testng.SuiteRunner.runSequentially(SuiteRunner.java:413)
	at org.testng.SuiteRunner.privateRun(SuiteRunner.java:373)
	at org.testng.SuiteRunner.run(SuiteRunner.java:312)
	at org.testng.SuiteRunnerWorker.runSuite(SuiteRunnerWorker.java:52)
	at org.testng.SuiteRunnerWorker.run(SuiteRunnerWorker.java:95)
	at org.testng.TestNG.runSuitesSequentially(TestNG.java:1274)
	at org.testng.TestNG.runSuitesLocally(TestNG.java:1208)
	at org.testng.TestNG.runSuites(TestNG.java:1112)
	at org.testng.TestNG.run(TestNG.java:1079)
	at org.apache.maven.surefire.testng.TestNGExecutor.run(TestNGExecutor.java:155)
	at org.apache.maven.surefire.testng.TestNGDirectoryTestSuite.executeMulti(TestNGDirectoryTestSuite.java:169)
	at org.apache.maven.surefire.testng.TestNGDirectoryTestSuite.execute(TestNGDirectoryTestSuite.java:88)
	at org.apache.maven.surefire.testng.TestNGProvider.invoke(TestNGProvider.java:137)
	at org.apache.maven.surefire.booter.ForkedBooter.runSuitesInProcess(ForkedBooter.java:385)
	at org.apache.maven.surefire.booter.ForkedBooter.execute(ForkedBooter.java:162)
	at org.apache.maven.surefire.booter.ForkedBooter.run(ForkedBooter.java:507)
	at org.apache.maven.surefire.booter.ForkedBooter.main(ForkedBooter.java:495)
]]></failure>
    <system-out><![CDATA[12:33:20.540 [main] INFO  apiTest.DDTest - *********************************************************************************************************************************************************
12:33:20.540 [main] INFO  apiTest.DDTest - Starting testDeleteUser with username: bob.wilson

12:33:21.831 [main] INFO  apiTest.DDTest - Response: 
12:33:21.896 [main] ERROR apiTest.DDTest - User deletion failed. Username: bob.wilson. Status code: 404
]]></system-out>
  </testcase>
  <testcase name="testDeleteUser[nina.miller](6)" classname="apiTest.DDTest" time="1.395">
    <system-out><![CDATA[12:33:21.897 [main] INFO  apiTest.DDTest - *********************************************************************************************************************************************************
12:33:21.897 [main] INFO  apiTest.DDTest - Starting testDeleteUser with username: nina.miller
{
    "code": 200,
    "type": "unknown",
    "message": "nina.miller"
}
12:33:23.195 [main] INFO  apiTest.DDTest - Response: {"code":200,"type":"unknown","message":"nina.miller"}
]]></system-out>
  </testcase>
  <testcase name="testDeleteUser[nina.wilson](7)" classname="apiTest.DDTest" time="1.376">
    <failure message="expected [200] but found [404]" type="java.lang.AssertionError"><![CDATA[java.lang.AssertionError: expected [200] but found [404]
	at org.testng.Assert.fail(Assert.java:111)
	at org.testng.Assert.failNotEquals(Assert.java:1590)
	at org.testng.Assert.assertEqualsImpl(Assert.java:150)
	at org.testng.Assert.assertEquals(Assert.java:132)
	at org.testng.Assert.assertEquals(Assert.java:1431)
	at org.testng.Assert.assertEquals(Assert.java:1395)
	at org.testng.Assert.assertEquals(Assert.java:1441)
	at apiTest.DDTest.testDeleteUser(DDTest.java:122)
	at java.base/jdk.internal.reflect.DirectMethodHandleAccessor.invoke(DirectMethodHandleAccessor.java:103)
	at java.base/java.lang.reflect.Method.invoke(Method.java:580)
	at org.testng.internal.invokers.MethodInvocationHelper.invokeMethod(MethodInvocationHelper.java:141)
	at org.testng.internal.invokers.TestInvoker.invokeMethod(TestInvoker.java:687)
	at org.testng.internal.invokers.TestInvoker.invokeTestMethod(TestInvoker.java:230)
	at org.testng.internal.invokers.MethodRunner.runInSequence(MethodRunner.java:63)
	at org.testng.internal.invokers.TestInvoker$MethodInvocationAgent.invoke(TestInvoker.java:995)
	at org.testng.internal.invokers.TestInvoker.invokeTestMethods(TestInvoker.java:203)
	at org.testng.internal.invokers.TestMethodWorker.invokeTestMethods(TestMethodWorker.java:154)
	at org.testng.internal.invokers.TestMethodWorker.run(TestMethodWorker.java:134)
	at java.base/java.util.ArrayList.forEach(ArrayList.java:1596)
	at org.testng.TestRunner.privateRun(TestRunner.java:741)
	at org.testng.TestRunner.run(TestRunner.java:616)
	at org.testng.SuiteRunner.runTest(SuiteRunner.java:421)
	at org.testng.SuiteRunner.runSequentially(SuiteRunner.java:413)
	at org.testng.SuiteRunner.privateRun(SuiteRunner.java:373)
	at org.testng.SuiteRunner.run(SuiteRunner.java:312)
	at org.testng.SuiteRunnerWorker.runSuite(SuiteRunnerWorker.java:52)
	at org.testng.SuiteRunnerWorker.run(SuiteRunnerWorker.java:95)
	at org.testng.TestNG.runSuitesSequentially(TestNG.java:1274)
	at org.testng.TestNG.runSuitesLocally(TestNG.java:1208)
	at org.testng.TestNG.runSuites(TestNG.java:1112)
	at org.testng.TestNG.run(TestNG.java:1079)
	at org.apache.maven.surefire.testng.TestNGExecutor.run(TestNGExecutor.java:155)
	at org.apache.maven.surefire.testng.TestNGDirectoryTestSuite.executeMulti(TestNGDirectoryTestSuite.java:169)
	at org.apache.maven.surefire.testng.TestNGDirectoryTestSuite.execute(TestNGDirectoryTestSuite.java:88)
	at org.apache.maven.surefire.testng.TestNGProvider.invoke(TestNGProvider.java:137)
	at org.apache.maven.surefire.booter.ForkedBooter.runSuitesInProcess(ForkedBooter.java:385)
	at org.apache.maven.surefire.booter.ForkedBooter.execute(ForkedBooter.java:162)
	at org.apache.maven.surefire.booter.ForkedBooter.run(ForkedBooter.java:507)
	at org.apache.maven.surefire.booter.ForkedBooter.main(ForkedBooter.java:495)
]]></failure>
    <system-out><![CDATA[12:33:23.292 [main] INFO  apiTest.DDTest - *********************************************************************************************************************************************************
12:33:23.293 [main] INFO  apiTest.DDTest - Starting testDeleteUser with username: nina.wilson

12:33:24.588 [main] INFO  apiTest.DDTest - Response: 
12:33:24.666 [main] ERROR apiTest.DDTest - User deletion failed. Username: nina.wilson. Status code: 404
]]></system-out>
  </testcase>
  <testcase name="testDeleteUser[frank.anderson](8)" classname="apiTest.DDTest" time="1.382">
    <failure message="expected [200] but found [404]" type="java.lang.AssertionError"><![CDATA[java.lang.AssertionError: expected [200] but found [404]
	at org.testng.Assert.fail(Assert.java:111)
	at org.testng.Assert.failNotEquals(Assert.java:1590)
	at org.testng.Assert.assertEqualsImpl(Assert.java:150)
	at org.testng.Assert.assertEquals(Assert.java:132)
	at org.testng.Assert.assertEquals(Assert.java:1431)
	at org.testng.Assert.assertEquals(Assert.java:1395)
	at org.testng.Assert.assertEquals(Assert.java:1441)
	at apiTest.DDTest.testDeleteUser(DDTest.java:122)
	at java.base/jdk.internal.reflect.DirectMethodHandleAccessor.invoke(DirectMethodHandleAccessor.java:103)
	at java.base/java.lang.reflect.Method.invoke(Method.java:580)
	at org.testng.internal.invokers.MethodInvocationHelper.invokeMethod(MethodInvocationHelper.java:141)
	at org.testng.internal.invokers.TestInvoker.invokeMethod(TestInvoker.java:687)
	at org.testng.internal.invokers.TestInvoker.invokeTestMethod(TestInvoker.java:230)
	at org.testng.internal.invokers.MethodRunner.runInSequence(MethodRunner.java:63)
	at org.testng.internal.invokers.TestInvoker$MethodInvocationAgent.invoke(TestInvoker.java:995)
	at org.testng.internal.invokers.TestInvoker.invokeTestMethods(TestInvoker.java:203)
	at org.testng.internal.invokers.TestMethodWorker.invokeTestMethods(TestMethodWorker.java:154)
	at org.testng.internal.invokers.TestMethodWorker.run(TestMethodWorker.java:134)
	at java.base/java.util.ArrayList.forEach(ArrayList.java:1596)
	at org.testng.TestRunner.privateRun(TestRunner.java:741)
	at org.testng.TestRunner.run(TestRunner.java:616)
	at org.testng.SuiteRunner.runTest(SuiteRunner.java:421)
	at org.testng.SuiteRunner.runSequentially(SuiteRunner.java:413)
	at org.testng.SuiteRunner.privateRun(SuiteRunner.java:373)
	at org.testng.SuiteRunner.run(SuiteRunner.java:312)
	at org.testng.SuiteRunnerWorker.runSuite(SuiteRunnerWorker.java:52)
	at org.testng.SuiteRunnerWorker.run(SuiteRunnerWorker.java:95)
	at org.testng.TestNG.runSuitesSequentially(TestNG.java:1274)
	at org.testng.TestNG.runSuitesLocally(TestNG.java:1208)
	at org.testng.TestNG.runSuites(TestNG.java:1112)
	at org.testng.TestNG.run(TestNG.java:1079)
	at org.apache.maven.surefire.testng.TestNGExecutor.run(TestNGExecutor.java:155)
	at org.apache.maven.surefire.testng.TestNGDirectoryTestSuite.executeMulti(TestNGDirectoryTestSuite.java:169)
	at org.apache.maven.surefire.testng.TestNGDirectoryTestSuite.execute(TestNGDirectoryTestSuite.java:88)
	at org.apache.maven.surefire.testng.TestNGProvider.invoke(TestNGProvider.java:137)
	at org.apache.maven.surefire.booter.ForkedBooter.runSuitesInProcess(ForkedBooter.java:385)
	at org.apache.maven.surefire.booter.ForkedBooter.execute(ForkedBooter.java:162)
	at org.apache.maven.surefire.booter.ForkedBooter.run(ForkedBooter.java:507)
	at org.apache.maven.surefire.booter.ForkedBooter.main(ForkedBooter.java:495)
]]></failure>
    <system-out><![CDATA[12:33:24.668 [main] INFO  apiTest.DDTest - *********************************************************************************************************************************************************
12:33:24.668 [main] INFO  apiTest.DDTest - Starting testDeleteUser with username: frank.anderson

12:33:25.970 [main] INFO  apiTest.DDTest - Response: 
12:33:26.048 [main] ERROR apiTest.DDTest - User deletion failed. Username: frank.anderson. Status code: 404
]]></system-out>
  </testcase>
  <testcase name="testDeleteUser[jane.brown](9)" classname="apiTest.DDTest" time="1.352">
    <system-out><![CDATA[12:33:26.051 [main] INFO  apiTest.DDTest - *********************************************************************************************************************************************************
12:33:26.051 [main] INFO  apiTest.DDTest - Starting testDeleteUser with username: jane.brown
{
    "code": 200,
    "type": "unknown",
    "message": "jane.brown"
}
12:33:27.341 [main] INFO  apiTest.DDTest - Response: {"code":200,"type":"unknown","message":"jane.brown"}
]]></system-out>
  </testcase>
  <testcase name="testDeleteUser[jane.brown](10)" classname="apiTest.DDTest" time="1.335">
    <system-out><![CDATA[12:33:27.403 [main] INFO  apiTest.DDTest - *********************************************************************************************************************************************************
12:33:27.403 [main] INFO  apiTest.DDTest - Starting testDeleteUser with username: jane.brown
{
    "code": 200,
    "type": "unknown",
    "message": "jane.brown"
}
12:33:28.666 [main] INFO  apiTest.DDTest - Response: {"code":200,"type":"unknown","message":"jane.brown"}
]]></system-out>
  </testcase>
  <testcase name="testDeleteUser[hank.anderson](11)" classname="apiTest.DDTest" time="1.438">
    <failure message="expected [200] but found [404]" type="java.lang.AssertionError"><![CDATA[java.lang.AssertionError: expected [200] but found [404]
	at org.testng.Assert.fail(Assert.java:111)
	at org.testng.Assert.failNotEquals(Assert.java:1590)
	at org.testng.Assert.assertEqualsImpl(Assert.java:150)
	at org.testng.Assert.assertEquals(Assert.java:132)
	at org.testng.Assert.assertEquals(Assert.java:1431)
	at org.testng.Assert.assertEquals(Assert.java:1395)
	at org.testng.Assert.assertEquals(Assert.java:1441)
	at apiTest.DDTest.testDeleteUser(DDTest.java:122)
	at java.base/jdk.internal.reflect.DirectMethodHandleAccessor.invoke(DirectMethodHandleAccessor.java:103)
	at java.base/java.lang.reflect.Method.invoke(Method.java:580)
	at org.testng.internal.invokers.MethodInvocationHelper.invokeMethod(MethodInvocationHelper.java:141)
	at org.testng.internal.invokers.TestInvoker.invokeMethod(TestInvoker.java:687)
	at org.testng.internal.invokers.TestInvoker.invokeTestMethod(TestInvoker.java:230)
	at org.testng.internal.invokers.MethodRunner.runInSequence(MethodRunner.java:63)
	at org.testng.internal.invokers.TestInvoker$MethodInvocationAgent.invoke(TestInvoker.java:995)
	at org.testng.internal.invokers.TestInvoker.invokeTestMethods(TestInvoker.java:203)
	at org.testng.internal.invokers.TestMethodWorker.invokeTestMethods(TestMethodWorker.java:154)
	at org.testng.internal.invokers.TestMethodWorker.run(TestMethodWorker.java:134)
	at java.base/java.util.ArrayList.forEach(ArrayList.java:1596)
	at org.testng.TestRunner.privateRun(TestRunner.java:741)
	at org.testng.TestRunner.run(TestRunner.java:616)
	at org.testng.SuiteRunner.runTest(SuiteRunner.java:421)
	at org.testng.SuiteRunner.runSequentially(SuiteRunner.java:413)
	at org.testng.SuiteRunner.privateRun(SuiteRunner.java:373)
	at org.testng.SuiteRunner.run(SuiteRunner.java:312)
	at org.testng.SuiteRunnerWorker.runSuite(SuiteRunnerWorker.java:52)
	at org.testng.SuiteRunnerWorker.run(SuiteRunnerWorker.java:95)
	at org.testng.TestNG.runSuitesSequentially(TestNG.java:1274)
	at org.testng.TestNG.runSuitesLocally(TestNG.java:1208)
	at org.testng.TestNG.runSuites(TestNG.java:1112)
	at org.testng.TestNG.run(TestNG.java:1079)
	at org.apache.maven.surefire.testng.TestNGExecutor.run(TestNGExecutor.java:155)
	at org.apache.maven.surefire.testng.TestNGDirectoryTestSuite.executeMulti(TestNGDirectoryTestSuite.java:169)
	at org.apache.maven.surefire.testng.TestNGDirectoryTestSuite.execute(TestNGDirectoryTestSuite.java:88)
	at org.apache.maven.surefire.testng.TestNGProvider.invoke(TestNGProvider.java:137)
	at org.apache.maven.surefire.booter.ForkedBooter.runSuitesInProcess(ForkedBooter.java:385)
	at org.apache.maven.surefire.booter.ForkedBooter.execute(ForkedBooter.java:162)
	at org.apache.maven.surefire.booter.ForkedBooter.run(ForkedBooter.java:507)
	at org.apache.maven.surefire.booter.ForkedBooter.main(ForkedBooter.java:495)
]]></failure>
    <system-out><![CDATA[12:33:28.738 [main] INFO  apiTest.DDTest - *********************************************************************************************************************************************************
12:33:28.739 [main] INFO  apiTest.DDTest - Starting testDeleteUser with username: hank.anderson

12:33:30.065 [main] INFO  apiTest.DDTest - Response: 
12:33:30.175 [main] ERROR apiTest.DDTest - User deletion failed. Username: hank.anderson. Status code: 404
]]></system-out>
  </testcase>
  <testcase name="testDeleteUser[frank.moore](12)" classname="apiTest.DDTest" time="1.411">
    <failure message="expected [200] but found [404]" type="java.lang.AssertionError"><![CDATA[java.lang.AssertionError: expected [200] but found [404]
	at org.testng.Assert.fail(Assert.java:111)
	at org.testng.Assert.failNotEquals(Assert.java:1590)
	at org.testng.Assert.assertEqualsImpl(Assert.java:150)
	at org.testng.Assert.assertEquals(Assert.java:132)
	at org.testng.Assert.assertEquals(Assert.java:1431)
	at org.testng.Assert.assertEquals(Assert.java:1395)
	at org.testng.Assert.assertEquals(Assert.java:1441)
	at apiTest.DDTest.testDeleteUser(DDTest.java:122)
	at java.base/jdk.internal.reflect.DirectMethodHandleAccessor.invoke(DirectMethodHandleAccessor.java:103)
	at java.base/java.lang.reflect.Method.invoke(Method.java:580)
	at org.testng.internal.invokers.MethodInvocationHelper.invokeMethod(MethodInvocationHelper.java:141)
	at org.testng.internal.invokers.TestInvoker.invokeMethod(TestInvoker.java:687)
	at org.testng.internal.invokers.TestInvoker.invokeTestMethod(TestInvoker.java:230)
	at org.testng.internal.invokers.MethodRunner.runInSequence(MethodRunner.java:63)
	at org.testng.internal.invokers.TestInvoker$MethodInvocationAgent.invoke(TestInvoker.java:995)
	at org.testng.internal.invokers.TestInvoker.invokeTestMethods(TestInvoker.java:203)
	at org.testng.internal.invokers.TestMethodWorker.invokeTestMethods(TestMethodWorker.java:154)
	at org.testng.internal.invokers.TestMethodWorker.run(TestMethodWorker.java:134)
	at java.base/java.util.ArrayList.forEach(ArrayList.java:1596)
	at org.testng.TestRunner.privateRun(TestRunner.java:741)
	at org.testng.TestRunner.run(TestRunner.java:616)
	at org.testng.SuiteRunner.runTest(SuiteRunner.java:421)
	at org.testng.SuiteRunner.runSequentially(SuiteRunner.java:413)
	at org.testng.SuiteRunner.privateRun(SuiteRunner.java:373)
	at org.testng.SuiteRunner.run(SuiteRunner.java:312)
	at org.testng.SuiteRunnerWorker.runSuite(SuiteRunnerWorker.java:52)
	at org.testng.SuiteRunnerWorker.run(SuiteRunnerWorker.java:95)
	at org.testng.TestNG.runSuitesSequentially(TestNG.java:1274)
	at org.testng.TestNG.runSuitesLocally(TestNG.java:1208)
	at org.testng.TestNG.runSuites(TestNG.java:1112)
	at org.testng.TestNG.run(TestNG.java:1079)
	at org.apache.maven.surefire.testng.TestNGExecutor.run(TestNGExecutor.java:155)
	at org.apache.maven.surefire.testng.TestNGDirectoryTestSuite.executeMulti(TestNGDirectoryTestSuite.java:169)
	at org.apache.maven.surefire.testng.TestNGDirectoryTestSuite.execute(TestNGDirectoryTestSuite.java:88)
	at org.apache.maven.surefire.testng.TestNGProvider.invoke(TestNGProvider.java:137)
	at org.apache.maven.surefire.booter.ForkedBooter.runSuitesInProcess(ForkedBooter.java:385)
	at org.apache.maven.surefire.booter.ForkedBooter.execute(ForkedBooter.java:162)
	at org.apache.maven.surefire.booter.ForkedBooter.run(ForkedBooter.java:507)
	at org.apache.maven.surefire.booter.ForkedBooter.main(ForkedBooter.java:495)
]]></failure>
    <system-out><![CDATA[12:33:30.177 [main] INFO  apiTest.DDTest - *********************************************************************************************************************************************************
12:33:30.177 [main] INFO  apiTest.DDTest - Starting testDeleteUser with username: frank.moore

12:33:31.510 [main] INFO  apiTest.DDTest - Response: 
12:33:31.588 [main] ERROR apiTest.DDTest - User deletion failed. Username: frank.moore. Status code: 404
]]></system-out>
  </testcase>
  <testcase name="testDeleteUser[charlie.brown](13)" classname="apiTest.DDTest" time="1.367">
    <system-out><![CDATA[12:33:31.589 [main] INFO  apiTest.DDTest - *********************************************************************************************************************************************************
12:33:31.589 [main] INFO  apiTest.DDTest - Starting testDeleteUser with username: charlie.brown
{
    "code": 200,
    "type": "unknown",
    "message": "charlie.brown"
}
12:33:32.870 [main] INFO  apiTest.DDTest - Response: {"code":200,"type":"unknown","message":"charlie.brown"}
]]></system-out>
  </testcase>
  <testcase name="testDeleteUser[bob.anderson](14)" classname="apiTest.DDTest" time="1.395">
    <system-out><![CDATA[12:33:32.957 [main] INFO  apiTest.DDTest - *********************************************************************************************************************************************************
12:33:32.957 [main] INFO  apiTest.DDTest - Starting testDeleteUser with username: bob.anderson
{
    "code": 200,
    "type": "unknown",
    "message": "bob.anderson"
}
12:33:34.286 [main] INFO  apiTest.DDTest - Response: {"code":200,"type":"unknown","message":"bob.anderson"}
]]></system-out>
  </testcase>
  <testcase name="testDeleteUser[jane.brown](15)" classname="apiTest.DDTest" time="1.351">
    <failure message="expected [200] but found [404]" type="java.lang.AssertionError"><![CDATA[java.lang.AssertionError: expected [200] but found [404]
	at org.testng.Assert.fail(Assert.java:111)
	at org.testng.Assert.failNotEquals(Assert.java:1590)
	at org.testng.Assert.assertEqualsImpl(Assert.java:150)
	at org.testng.Assert.assertEquals(Assert.java:132)
	at org.testng.Assert.assertEquals(Assert.java:1431)
	at org.testng.Assert.assertEquals(Assert.java:1395)
	at org.testng.Assert.assertEquals(Assert.java:1441)
	at apiTest.DDTest.testDeleteUser(DDTest.java:122)
	at java.base/jdk.internal.reflect.DirectMethodHandleAccessor.invoke(DirectMethodHandleAccessor.java:103)
	at java.base/java.lang.reflect.Method.invoke(Method.java:580)
	at org.testng.internal.invokers.MethodInvocationHelper.invokeMethod(MethodInvocationHelper.java:141)
	at org.testng.internal.invokers.TestInvoker.invokeMethod(TestInvoker.java:687)
	at org.testng.internal.invokers.TestInvoker.invokeTestMethod(TestInvoker.java:230)
	at org.testng.internal.invokers.MethodRunner.runInSequence(MethodRunner.java:63)
	at org.testng.internal.invokers.TestInvoker$MethodInvocationAgent.invoke(TestInvoker.java:995)
	at org.testng.internal.invokers.TestInvoker.invokeTestMethods(TestInvoker.java:203)
	at org.testng.internal.invokers.TestMethodWorker.invokeTestMethods(TestMethodWorker.java:154)
	at org.testng.internal.invokers.TestMethodWorker.run(TestMethodWorker.java:134)
	at java.base/java.util.ArrayList.forEach(ArrayList.java:1596)
	at org.testng.TestRunner.privateRun(TestRunner.java:741)
	at org.testng.TestRunner.run(TestRunner.java:616)
	at org.testng.SuiteRunner.runTest(SuiteRunner.java:421)
	at org.testng.SuiteRunner.runSequentially(SuiteRunner.java:413)
	at org.testng.SuiteRunner.privateRun(SuiteRunner.java:373)
	at org.testng.SuiteRunner.run(SuiteRunner.java:312)
	at org.testng.SuiteRunnerWorker.runSuite(SuiteRunnerWorker.java:52)
	at org.testng.SuiteRunnerWorker.run(SuiteRunnerWorker.java:95)
	at org.testng.TestNG.runSuitesSequentially(TestNG.java:1274)
	at org.testng.TestNG.runSuitesLocally(TestNG.java:1208)
	at org.testng.TestNG.runSuites(TestNG.java:1112)
	at org.testng.TestNG.run(TestNG.java:1079)
	at org.apache.maven.surefire.testng.TestNGExecutor.run(TestNGExecutor.java:155)
	at org.apache.maven.surefire.testng.TestNGDirectoryTestSuite.executeMulti(TestNGDirectoryTestSuite.java:169)
	at org.apache.maven.surefire.testng.TestNGDirectoryTestSuite.execute(TestNGDirectoryTestSuite.java:88)
	at org.apache.maven.surefire.testng.TestNGProvider.invoke(TestNGProvider.java:137)
	at org.apache.maven.surefire.booter.ForkedBooter.runSuitesInProcess(ForkedBooter.java:385)
	at org.apache.maven.surefire.booter.ForkedBooter.execute(ForkedBooter.java:162)
	at org.apache.maven.surefire.booter.ForkedBooter.run(ForkedBooter.java:507)
	at org.apache.maven.surefire.booter.ForkedBooter.main(ForkedBooter.java:495)
]]></failure>
    <system-out><![CDATA[12:33:34.353 [main] INFO  apiTest.DDTest - *********************************************************************************************************************************************************
12:33:34.353 [main] INFO  apiTest.DDTest - Starting testDeleteUser with username: jane.brown

12:33:35.642 [main] INFO  apiTest.DDTest - Response: 
12:33:35.703 [main] ERROR apiTest.DDTest - User deletion failed. Username: jane.brown. Status code: 404
]]></system-out>
  </testcase>
  <testcase name="testDeleteUser[mia.moore](16)" classname="apiTest.DDTest" time="1.352">
    <failure message="expected [200] but found [404]" type="java.lang.AssertionError"><![CDATA[java.lang.AssertionError: expected [200] but found [404]
	at org.testng.Assert.fail(Assert.java:111)
	at org.testng.Assert.failNotEquals(Assert.java:1590)
	at org.testng.Assert.assertEqualsImpl(Assert.java:150)
	at org.testng.Assert.assertEquals(Assert.java:132)
	at org.testng.Assert.assertEquals(Assert.java:1431)
	at org.testng.Assert.assertEquals(Assert.java:1395)
	at org.testng.Assert.assertEquals(Assert.java:1441)
	at apiTest.DDTest.testDeleteUser(DDTest.java:122)
	at java.base/jdk.internal.reflect.DirectMethodHandleAccessor.invoke(DirectMethodHandleAccessor.java:103)
	at java.base/java.lang.reflect.Method.invoke(Method.java:580)
	at org.testng.internal.invokers.MethodInvocationHelper.invokeMethod(MethodInvocationHelper.java:141)
	at org.testng.internal.invokers.TestInvoker.invokeMethod(TestInvoker.java:687)
	at org.testng.internal.invokers.TestInvoker.invokeTestMethod(TestInvoker.java:230)
	at org.testng.internal.invokers.MethodRunner.runInSequence(MethodRunner.java:63)
	at org.testng.internal.invokers.TestInvoker$MethodInvocationAgent.invoke(TestInvoker.java:995)
	at org.testng.internal.invokers.TestInvoker.invokeTestMethods(TestInvoker.java:203)
	at org.testng.internal.invokers.TestMethodWorker.invokeTestMethods(TestMethodWorker.java:154)
	at org.testng.internal.invokers.TestMethodWorker.run(TestMethodWorker.java:134)
	at java.base/java.util.ArrayList.forEach(ArrayList.java:1596)
	at org.testng.TestRunner.privateRun(TestRunner.java:741)
	at org.testng.TestRunner.run(TestRunner.java:616)
	at org.testng.SuiteRunner.runTest(SuiteRunner.java:421)
	at org.testng.SuiteRunner.runSequentially(SuiteRunner.java:413)
	at org.testng.SuiteRunner.privateRun(SuiteRunner.java:373)
	at org.testng.SuiteRunner.run(SuiteRunner.java:312)
	at org.testng.SuiteRunnerWorker.runSuite(SuiteRunnerWorker.java:52)
	at org.testng.SuiteRunnerWorker.run(SuiteRunnerWorker.java:95)
	at org.testng.TestNG.runSuitesSequentially(TestNG.java:1274)
	at org.testng.TestNG.runSuitesLocally(TestNG.java:1208)
	at org.testng.TestNG.runSuites(TestNG.java:1112)
	at org.testng.TestNG.run(TestNG.java:1079)
	at org.apache.maven.surefire.testng.TestNGExecutor.run(TestNGExecutor.java:155)
	at org.apache.maven.surefire.testng.TestNGDirectoryTestSuite.executeMulti(TestNGDirectoryTestSuite.java:169)
	at org.apache.maven.surefire.testng.TestNGDirectoryTestSuite.execute(TestNGDirectoryTestSuite.java:88)
	at org.apache.maven.surefire.testng.TestNGProvider.invoke(TestNGProvider.java:137)
	at org.apache.maven.surefire.booter.ForkedBooter.runSuitesInProcess(ForkedBooter.java:385)
	at org.apache.maven.surefire.booter.ForkedBooter.execute(ForkedBooter.java:162)
	at org.apache.maven.surefire.booter.ForkedBooter.run(ForkedBooter.java:507)
	at org.apache.maven.surefire.booter.ForkedBooter.main(ForkedBooter.java:495)
]]></failure>
    <system-out><![CDATA[12:33:35.704 [main] INFO  apiTest.DDTest - *********************************************************************************************************************************************************
12:33:35.704 [main] INFO  apiTest.DDTest - Starting testDeleteUser with username: mia.moore

12:33:36.988 [main] INFO  apiTest.DDTest - Response: 
12:33:37.055 [main] ERROR apiTest.DDTest - User deletion failed. Username: mia.moore. Status code: 404
]]></system-out>
  </testcase>
  <testcase name="testDeleteUser[nina.brown](17)" classname="apiTest.DDTest" time="1.395">
    <failure message="expected [200] but found [404]" type="java.lang.AssertionError"><![CDATA[java.lang.AssertionError: expected [200] but found [404]
	at org.testng.Assert.fail(Assert.java:111)
	at org.testng.Assert.failNotEquals(Assert.java:1590)
	at org.testng.Assert.assertEqualsImpl(Assert.java:150)
	at org.testng.Assert.assertEquals(Assert.java:132)
	at org.testng.Assert.assertEquals(Assert.java:1431)
	at org.testng.Assert.assertEquals(Assert.java:1395)
	at org.testng.Assert.assertEquals(Assert.java:1441)
	at apiTest.DDTest.testDeleteUser(DDTest.java:122)
	at java.base/jdk.internal.reflect.DirectMethodHandleAccessor.invoke(DirectMethodHandleAccessor.java:103)
	at java.base/java.lang.reflect.Method.invoke(Method.java:580)
	at org.testng.internal.invokers.MethodInvocationHelper.invokeMethod(MethodInvocationHelper.java:141)
	at org.testng.internal.invokers.TestInvoker.invokeMethod(TestInvoker.java:687)
	at org.testng.internal.invokers.TestInvoker.invokeTestMethod(TestInvoker.java:230)
	at org.testng.internal.invokers.MethodRunner.runInSequence(MethodRunner.java:63)
	at org.testng.internal.invokers.TestInvoker$MethodInvocationAgent.invoke(TestInvoker.java:995)
	at org.testng.internal.invokers.TestInvoker.invokeTestMethods(TestInvoker.java:203)
	at org.testng.internal.invokers.TestMethodWorker.invokeTestMethods(TestMethodWorker.java:154)
	at org.testng.internal.invokers.TestMethodWorker.run(TestMethodWorker.java:134)
	at java.base/java.util.ArrayList.forEach(ArrayList.java:1596)
	at org.testng.TestRunner.privateRun(TestRunner.java:741)
	at org.testng.TestRunner.run(TestRunner.java:616)
	at org.testng.SuiteRunner.runTest(SuiteRunner.java:421)
	at org.testng.SuiteRunner.runSequentially(SuiteRunner.java:413)
	at org.testng.SuiteRunner.privateRun(SuiteRunner.java:373)
	at org.testng.SuiteRunner.run(SuiteRunner.java:312)
	at org.testng.SuiteRunnerWorker.runSuite(SuiteRunnerWorker.java:52)
	at org.testng.SuiteRunnerWorker.run(SuiteRunnerWorker.java:95)
	at org.testng.TestNG.runSuitesSequentially(TestNG.java:1274)
	at org.testng.TestNG.runSuitesLocally(TestNG.java:1208)
	at org.testng.TestNG.runSuites(TestNG.java:1112)
	at org.testng.TestNG.run(TestNG.java:1079)
	at org.apache.maven.surefire.testng.TestNGExecutor.run(TestNGExecutor.java:155)
	at org.apache.maven.surefire.testng.TestNGDirectoryTestSuite.executeMulti(TestNGDirectoryTestSuite.java:169)
	at org.apache.maven.surefire.testng.TestNGDirectoryTestSuite.execute(TestNGDirectoryTestSuite.java:88)
	at org.apache.maven.surefire.testng.TestNGProvider.invoke(TestNGProvider.java:137)
	at org.apache.maven.surefire.booter.ForkedBooter.runSuitesInProcess(ForkedBooter.java:385)
	at org.apache.maven.surefire.booter.ForkedBooter.execute(ForkedBooter.java:162)
	at org.apache.maven.surefire.booter.ForkedBooter.run(ForkedBooter.java:507)
	at org.apache.maven.surefire.booter.ForkedBooter.main(ForkedBooter.java:495)
]]></failure>
    <system-out><![CDATA[12:33:37.056 [main] INFO  apiTest.DDTest - *********************************************************************************************************************************************************
12:33:37.056 [main] INFO  apiTest.DDTest - Starting testDeleteUser with username: nina.brown

12:33:38.366 [main] INFO  apiTest.DDTest - Response: 
12:33:38.450 [main] ERROR apiTest.DDTest - User deletion failed. Username: nina.brown. Status code: 404
]]></system-out>
  </testcase>
  <testcase name="testDeleteUser[jack.anderson](18)" classname="apiTest.DDTest" time="1.39">
    <system-out><![CDATA[12:33:38.451 [main] INFO  apiTest.DDTest - *********************************************************************************************************************************************************
12:33:38.451 [main] INFO  apiTest.DDTest - Starting testDeleteUser with username: jack.anderson
{
    "code": 200,
    "type": "unknown",
    "message": "jack.anderson"
}
12:33:39.759 [main] INFO  apiTest.DDTest - Response: {"code":200,"type":"unknown","message":"jack.anderson"}
]]></system-out>
  </testcase>
  <testcase name="testDeleteUser[kate.taylor](19)" classname="apiTest.DDTest" time="1.385">
    <system-out><![CDATA[12:33:39.841 [main] INFO  apiTest.DDTest - *********************************************************************************************************************************************************
12:33:39.841 [main] INFO  apiTest.DDTest - Starting testDeleteUser with username: kate.taylor
{
    "code": 200,
    "type": "unknown",
    "message": "kate.taylor"
}
12:33:41.143 [main] INFO  apiTest.DDTest - Response: {"code":200,"type":"unknown","message":"kate.taylor"}
]]></system-out>
  </testcase>
  <testcase name="testDeleteUser[hank.davis](20)" classname="apiTest.DDTest" time="1.415">
    <system-out><![CDATA[12:33:41.225 [main] INFO  apiTest.DDTest - *********************************************************************************************************************************************************
12:33:41.226 [main] INFO  apiTest.DDTest - Starting testDeleteUser with username: hank.davis
{
    "code": 200,
    "type": "unknown",
    "message": "hank.davis"
}
12:33:42.587 [main] INFO  apiTest.DDTest - Response: {"code":200,"type":"unknown","message":"hank.davis"}
]]></system-out>
  </testcase>
  <testcase name="testDeleteUser[charlie.wilson](21)" classname="apiTest.DDTest" time="1.37">
    <system-out><![CDATA[12:33:42.641 [main] INFO  apiTest.DDTest - *********************************************************************************************************************************************************
12:33:42.641 [main] INFO  apiTest.DDTest - Starting testDeleteUser with username: charlie.wilson
{
    "code": 200,
    "type": "unknown",
    "message": "charlie.wilson"
}
12:33:43.943 [main] INFO  apiTest.DDTest - Response: {"code":200,"type":"unknown","message":"charlie.wilson"}
]]></system-out>
  </testcase>
  <testcase name="testDeleteUser[charlie.doe](22)" classname="apiTest.DDTest" time="1.353">
    <system-out><![CDATA[12:33:44.013 [main] INFO  apiTest.DDTest - *********************************************************************************************************************************************************
12:33:44.013 [main] INFO  apiTest.DDTest - Starting testDeleteUser with username: charlie.doe
{
    "code": 200,
    "type": "unknown",
    "message": "charlie.doe"
}
12:33:45.295 [main] INFO  apiTest.DDTest - Response: {"code":200,"type":"unknown","message":"charlie.doe"}
]]></system-out>
  </testcase>
  <testcase name="testDeleteUser[mia.wilson](23)" classname="apiTest.DDTest" time="1.406">
    <failure message="expected [200] but found [404]" type="java.lang.AssertionError"><![CDATA[java.lang.AssertionError: expected [200] but found [404]
	at org.testng.Assert.fail(Assert.java:111)
	at org.testng.Assert.failNotEquals(Assert.java:1590)
	at org.testng.Assert.assertEqualsImpl(Assert.java:150)
	at org.testng.Assert.assertEquals(Assert.java:132)
	at org.testng.Assert.assertEquals(Assert.java:1431)
	at org.testng.Assert.assertEquals(Assert.java:1395)
	at org.testng.Assert.assertEquals(Assert.java:1441)
	at apiTest.DDTest.testDeleteUser(DDTest.java:122)
	at java.base/jdk.internal.reflect.DirectMethodHandleAccessor.invoke(DirectMethodHandleAccessor.java:103)
	at java.base/java.lang.reflect.Method.invoke(Method.java:580)
	at org.testng.internal.invokers.MethodInvocationHelper.invokeMethod(MethodInvocationHelper.java:141)
	at org.testng.internal.invokers.TestInvoker.invokeMethod(TestInvoker.java:687)
	at org.testng.internal.invokers.TestInvoker.invokeTestMethod(TestInvoker.java:230)
	at org.testng.internal.invokers.MethodRunner.runInSequence(MethodRunner.java:63)
	at org.testng.internal.invokers.TestInvoker$MethodInvocationAgent.invoke(TestInvoker.java:995)
	at org.testng.internal.invokers.TestInvoker.invokeTestMethods(TestInvoker.java:203)
	at org.testng.internal.invokers.TestMethodWorker.invokeTestMethods(TestMethodWorker.java:154)
	at org.testng.internal.invokers.TestMethodWorker.run(TestMethodWorker.java:134)
	at java.base/java.util.ArrayList.forEach(ArrayList.java:1596)
	at org.testng.TestRunner.privateRun(TestRunner.java:741)
	at org.testng.TestRunner.run(TestRunner.java:616)
	at org.testng.SuiteRunner.runTest(SuiteRunner.java:421)
	at org.testng.SuiteRunner.runSequentially(SuiteRunner.java:413)
	at org.testng.SuiteRunner.privateRun(SuiteRunner.java:373)
	at org.testng.SuiteRunner.run(SuiteRunner.java:312)
	at org.testng.SuiteRunnerWorker.runSuite(SuiteRunnerWorker.java:52)
	at org.testng.SuiteRunnerWorker.run(SuiteRunnerWorker.java:95)
	at org.testng.TestNG.runSuitesSequentially(TestNG.java:1274)
	at org.testng.TestNG.runSuitesLocally(TestNG.java:1208)
	at org.testng.TestNG.runSuites(TestNG.java:1112)
	at org.testng.TestNG.run(TestNG.java:1079)
	at org.apache.maven.surefire.testng.TestNGExecutor.run(TestNGExecutor.java:155)
	at org.apache.maven.surefire.testng.TestNGDirectoryTestSuite.executeMulti(TestNGDirectoryTestSuite.java:169)
	at org.apache.maven.surefire.testng.TestNGDirectoryTestSuite.execute(TestNGDirectoryTestSuite.java:88)
	at org.apache.maven.surefire.testng.TestNGProvider.invoke(TestNGProvider.java:137)
	at org.apache.maven.surefire.booter.ForkedBooter.runSuitesInProcess(ForkedBooter.java:385)
	at org.apache.maven.surefire.booter.ForkedBooter.execute(ForkedBooter.java:162)
	at org.apache.maven.surefire.booter.ForkedBooter.run(ForkedBooter.java:507)
	at org.apache.maven.surefire.booter.ForkedBooter.main(ForkedBooter.java:495)
]]></failure>
    <system-out><![CDATA[12:33:45.366 [main] INFO  apiTest.DDTest - *********************************************************************************************************************************************************
12:33:45.366 [main] INFO  apiTest.DDTest - Starting testDeleteUser with username: mia.wilson

12:33:46.715 [main] INFO  apiTest.DDTest - Response: 
12:33:46.770 [main] ERROR apiTest.DDTest - User deletion failed. Username: mia.wilson. Status code: 404
]]></system-out>
  </testcase>
  <testcase name="testDeleteUser[kate.johnson](24)" classname="apiTest.DDTest" time="1.378">
    <system-out><![CDATA[12:33:46.771 [main] INFO  apiTest.DDTest - *********************************************************************************************************************************************************
12:33:46.771 [main] INFO  apiTest.DDTest - Starting testDeleteUser with username: kate.johnson
{
    "code": 200,
    "type": "unknown",
    "message": "kate.johnson"
}
12:33:48.054 [main] INFO  apiTest.DDTest - Response: {"code":200,"type":"unknown","message":"kate.johnson"}
]]></system-out>
  </testcase>
  <testcase name="testDeleteUser[grace.doe](25)" classname="apiTest.DDTest" time="1.358">
    <failure message="expected [200] but found [404]" type="java.lang.AssertionError"><![CDATA[java.lang.AssertionError: expected [200] but found [404]
	at org.testng.Assert.fail(Assert.java:111)
	at org.testng.Assert.failNotEquals(Assert.java:1590)
	at org.testng.Assert.assertEqualsImpl(Assert.java:150)
	at org.testng.Assert.assertEquals(Assert.java:132)
	at org.testng.Assert.assertEquals(Assert.java:1431)
	at org.testng.Assert.assertEquals(Assert.java:1395)
	at org.testng.Assert.assertEquals(Assert.java:1441)
	at apiTest.DDTest.testDeleteUser(DDTest.java:122)
	at java.base/jdk.internal.reflect.DirectMethodHandleAccessor.invoke(DirectMethodHandleAccessor.java:103)
	at java.base/java.lang.reflect.Method.invoke(Method.java:580)
	at org.testng.internal.invokers.MethodInvocationHelper.invokeMethod(MethodInvocationHelper.java:141)
	at org.testng.internal.invokers.TestInvoker.invokeMethod(TestInvoker.java:687)
	at org.testng.internal.invokers.TestInvoker.invokeTestMethod(TestInvoker.java:230)
	at org.testng.internal.invokers.MethodRunner.runInSequence(MethodRunner.java:63)
	at org.testng.internal.invokers.TestInvoker$MethodInvocationAgent.invoke(TestInvoker.java:995)
	at org.testng.internal.invokers.TestInvoker.invokeTestMethods(TestInvoker.java:203)
	at org.testng.internal.invokers.TestMethodWorker.invokeTestMethods(TestMethodWorker.java:154)
	at org.testng.internal.invokers.TestMethodWorker.run(TestMethodWorker.java:134)
	at java.base/java.util.ArrayList.forEach(ArrayList.java:1596)
	at org.testng.TestRunner.privateRun(TestRunner.java:741)
	at org.testng.TestRunner.run(TestRunner.java:616)
	at org.testng.SuiteRunner.runTest(SuiteRunner.java:421)
	at org.testng.SuiteRunner.runSequentially(SuiteRunner.java:413)
	at org.testng.SuiteRunner.privateRun(SuiteRunner.java:373)
	at org.testng.SuiteRunner.run(SuiteRunner.java:312)
	at org.testng.SuiteRunnerWorker.runSuite(SuiteRunnerWorker.java:52)
	at org.testng.SuiteRunnerWorker.run(SuiteRunnerWorker.java:95)
	at org.testng.TestNG.runSuitesSequentially(TestNG.java:1274)
	at org.testng.TestNG.runSuitesLocally(TestNG.java:1208)
	at org.testng.TestNG.runSuites(TestNG.java:1112)
	at org.testng.TestNG.run(TestNG.java:1079)
	at org.apache.maven.surefire.testng.TestNGExecutor.run(TestNGExecutor.java:155)
	at org.apache.maven.surefire.testng.TestNGDirectoryTestSuite.executeMulti(TestNGDirectoryTestSuite.java:169)
	at org.apache.maven.surefire.testng.TestNGDirectoryTestSuite.execute(TestNGDirectoryTestSuite.java:88)
	at org.apache.maven.surefire.testng.TestNGProvider.invoke(TestNGProvider.java:137)
	at org.apache.maven.surefire.booter.ForkedBooter.runSuitesInProcess(ForkedBooter.java:385)
	at org.apache.maven.surefire.booter.ForkedBooter.execute(ForkedBooter.java:162)
	at org.apache.maven.surefire.booter.ForkedBooter.run(ForkedBooter.java:507)
	at org.apache.maven.surefire.booter.ForkedBooter.main(ForkedBooter.java:495)
]]></failure>
    <system-out><![CDATA[12:33:48.150 [main] INFO  apiTest.DDTest - *********************************************************************************************************************************************************
12:33:48.150 [main] INFO  apiTest.DDTest - Starting testDeleteUser with username: grace.doe

12:33:49.442 [main] INFO  apiTest.DDTest - Response: 
12:33:49.506 [main] ERROR apiTest.DDTest - User deletion failed. Username: grace.doe. Status code: 404
]]></system-out>
  </testcase>
  <testcase name="testDeleteUser[jane.miller](26)" classname="apiTest.DDTest" time="1.346">
    <failure message="expected [200] but found [404]" type="java.lang.AssertionError"><![CDATA[java.lang.AssertionError: expected [200] but found [404]
	at org.testng.Assert.fail(Assert.java:111)
	at org.testng.Assert.failNotEquals(Assert.java:1590)
	at org.testng.Assert.assertEqualsImpl(Assert.java:150)
	at org.testng.Assert.assertEquals(Assert.java:132)
	at org.testng.Assert.assertEquals(Assert.java:1431)
	at org.testng.Assert.assertEquals(Assert.java:1395)
	at org.testng.Assert.assertEquals(Assert.java:1441)
	at apiTest.DDTest.testDeleteUser(DDTest.java:122)
	at java.base/jdk.internal.reflect.DirectMethodHandleAccessor.invoke(DirectMethodHandleAccessor.java:103)
	at java.base/java.lang.reflect.Method.invoke(Method.java:580)
	at org.testng.internal.invokers.MethodInvocationHelper.invokeMethod(MethodInvocationHelper.java:141)
	at org.testng.internal.invokers.TestInvoker.invokeMethod(TestInvoker.java:687)
	at org.testng.internal.invokers.TestInvoker.invokeTestMethod(TestInvoker.java:230)
	at org.testng.internal.invokers.MethodRunner.runInSequence(MethodRunner.java:63)
	at org.testng.internal.invokers.TestInvoker$MethodInvocationAgent.invoke(TestInvoker.java:995)
	at org.testng.internal.invokers.TestInvoker.invokeTestMethods(TestInvoker.java:203)
	at org.testng.internal.invokers.TestMethodWorker.invokeTestMethods(TestMethodWorker.java:154)
	at org.testng.internal.invokers.TestMethodWorker.run(TestMethodWorker.java:134)
	at java.base/java.util.ArrayList.forEach(ArrayList.java:1596)
	at org.testng.TestRunner.privateRun(TestRunner.java:741)
	at org.testng.TestRunner.run(TestRunner.java:616)
	at org.testng.SuiteRunner.runTest(SuiteRunner.java:421)
	at org.testng.SuiteRunner.runSequentially(SuiteRunner.java:413)
	at org.testng.SuiteRunner.privateRun(SuiteRunner.java:373)
	at org.testng.SuiteRunner.run(SuiteRunner.java:312)
	at org.testng.SuiteRunnerWorker.runSuite(SuiteRunnerWorker.java:52)
	at org.testng.SuiteRunnerWorker.run(SuiteRunnerWorker.java:95)
	at org.testng.TestNG.runSuitesSequentially(TestNG.java:1274)
	at org.testng.TestNG.runSuitesLocally(TestNG.java:1208)
	at org.testng.TestNG.runSuites(TestNG.java:1112)
	at org.testng.TestNG.run(TestNG.java:1079)
	at org.apache.maven.surefire.testng.TestNGExecutor.run(TestNGExecutor.java:155)
	at org.apache.maven.surefire.testng.TestNGDirectoryTestSuite.executeMulti(TestNGDirectoryTestSuite.java:169)
	at org.apache.maven.surefire.testng.TestNGDirectoryTestSuite.execute(TestNGDirectoryTestSuite.java:88)
	at org.apache.maven.surefire.testng.TestNGProvider.invoke(TestNGProvider.java:137)
	at org.apache.maven.surefire.booter.ForkedBooter.runSuitesInProcess(ForkedBooter.java:385)
	at org.apache.maven.surefire.booter.ForkedBooter.execute(ForkedBooter.java:162)
	at org.apache.maven.surefire.booter.ForkedBooter.run(ForkedBooter.java:507)
	at org.apache.maven.surefire.booter.ForkedBooter.main(ForkedBooter.java:495)
]]></failure>
    <system-out><![CDATA[12:33:49.507 [main] INFO  apiTest.DDTest - *********************************************************************************************************************************************************
12:33:49.508 [main] INFO  apiTest.DDTest - Starting testDeleteUser with username: jane.miller

12:33:50.788 [main] INFO  apiTest.DDTest - Response: 
12:33:50.853 [main] ERROR apiTest.DDTest - User deletion failed. Username: jane.miller. Status code: 404
]]></system-out>
  </testcase>
  <testcase name="testDeleteUser[grace.brown](27)" classname="apiTest.DDTest" time="1.37">
    <system-out><![CDATA[12:33:50.854 [main] INFO  apiTest.DDTest - *********************************************************************************************************************************************************
12:33:50.854 [main] INFO  apiTest.DDTest - Starting testDeleteUser with username: grace.brown
{
    "code": 200,
    "type": "unknown",
    "message": "grace.brown"
}
12:33:52.164 [main] INFO  apiTest.DDTest - Response: {"code":200,"type":"unknown","message":"grace.brown"}
]]></system-out>
  </testcase>
  <testcase name="testDeleteUser[frank.johnson](28)" classname="apiTest.DDTest" time="1.353">
    <failure message="expected [200] but found [404]" type="java.lang.AssertionError"><![CDATA[java.lang.AssertionError: expected [200] but found [404]
	at org.testng.Assert.fail(Assert.java:111)
	at org.testng.Assert.failNotEquals(Assert.java:1590)
	at org.testng.Assert.assertEqualsImpl(Assert.java:150)
	at org.testng.Assert.assertEquals(Assert.java:132)
	at org.testng.Assert.assertEquals(Assert.java:1431)
	at org.testng.Assert.assertEquals(Assert.java:1395)
	at org.testng.Assert.assertEquals(Assert.java:1441)
	at apiTest.DDTest.testDeleteUser(DDTest.java:122)
	at java.base/jdk.internal.reflect.DirectMethodHandleAccessor.invoke(DirectMethodHandleAccessor.java:103)
	at java.base/java.lang.reflect.Method.invoke(Method.java:580)
	at org.testng.internal.invokers.MethodInvocationHelper.invokeMethod(MethodInvocationHelper.java:141)
	at org.testng.internal.invokers.TestInvoker.invokeMethod(TestInvoker.java:687)
	at org.testng.internal.invokers.TestInvoker.invokeTestMethod(TestInvoker.java:230)
	at org.testng.internal.invokers.MethodRunner.runInSequence(MethodRunner.java:63)
	at org.testng.internal.invokers.TestInvoker$MethodInvocationAgent.invoke(TestInvoker.java:995)
	at org.testng.internal.invokers.TestInvoker.invokeTestMethods(TestInvoker.java:203)
	at org.testng.internal.invokers.TestMethodWorker.invokeTestMethods(TestMethodWorker.java:154)
	at org.testng.internal.invokers.TestMethodWorker.run(TestMethodWorker.java:134)
	at java.base/java.util.ArrayList.forEach(ArrayList.java:1596)
	at org.testng.TestRunner.privateRun(TestRunner.java:741)
	at org.testng.TestRunner.run(TestRunner.java:616)
	at org.testng.SuiteRunner.runTest(SuiteRunner.java:421)
	at org.testng.SuiteRunner.runSequentially(SuiteRunner.java:413)
	at org.testng.SuiteRunner.privateRun(SuiteRunner.java:373)
	at org.testng.SuiteRunner.run(SuiteRunner.java:312)
	at org.testng.SuiteRunnerWorker.runSuite(SuiteRunnerWorker.java:52)
	at org.testng.SuiteRunnerWorker.run(SuiteRunnerWorker.java:95)
	at org.testng.TestNG.runSuitesSequentially(TestNG.java:1274)
	at org.testng.TestNG.runSuitesLocally(TestNG.java:1208)
	at org.testng.TestNG.runSuites(TestNG.java:1112)
	at org.testng.TestNG.run(TestNG.java:1079)
	at org.apache.maven.surefire.testng.TestNGExecutor.run(TestNGExecutor.java:155)
	at org.apache.maven.surefire.testng.TestNGDirectoryTestSuite.executeMulti(TestNGDirectoryTestSuite.java:169)
	at org.apache.maven.surefire.testng.TestNGDirectoryTestSuite.execute(TestNGDirectoryTestSuite.java:88)
	at org.apache.maven.surefire.testng.TestNGProvider.invoke(TestNGProvider.java:137)
	at org.apache.maven.surefire.booter.ForkedBooter.runSuitesInProcess(ForkedBooter.java:385)
	at org.apache.maven.surefire.booter.ForkedBooter.execute(ForkedBooter.java:162)
	at org.apache.maven.surefire.booter.ForkedBooter.run(ForkedBooter.java:507)
	at org.apache.maven.surefire.booter.ForkedBooter.main(ForkedBooter.java:495)
]]></failure>
    <system-out><![CDATA[12:33:52.224 [main] INFO  apiTest.DDTest - *********************************************************************************************************************************************************
12:33:52.225 [main] INFO  apiTest.DDTest - Starting testDeleteUser with username: frank.johnson

12:33:53.502 [main] INFO  apiTest.DDTest - Response: 
12:33:53.577 [main] ERROR apiTest.DDTest - User deletion failed. Username: frank.johnson. Status code: 404
]]></system-out>
  </testcase>
  <testcase name="testDeleteUser[bob.taylor](29)" classname="apiTest.DDTest" time="1.373">
    <system-out><![CDATA[12:33:53.578 [main] INFO  apiTest.DDTest - *********************************************************************************************************************************************************
12:33:53.578 [main] INFO  apiTest.DDTest - Starting testDeleteUser with username: bob.taylor
{
    "code": 200,
    "type": "unknown",
    "message": "bob.taylor"
}
12:33:54.872 [main] INFO  apiTest.DDTest - Response: {"code":200,"type":"unknown","message":"bob.taylor"}
]]></system-out>
  </testcase>
  <testcase name="testDeleteUser[jack.johnson](30)" classname="apiTest.DDTest" time="1.358">
    <failure message="expected [200] but found [404]" type="java.lang.AssertionError"><![CDATA[java.lang.AssertionError: expected [200] but found [404]
	at org.testng.Assert.fail(Assert.java:111)
	at org.testng.Assert.failNotEquals(Assert.java:1590)
	at org.testng.Assert.assertEqualsImpl(Assert.java:150)
	at org.testng.Assert.assertEquals(Assert.java:132)
	at org.testng.Assert.assertEquals(Assert.java:1431)
	at org.testng.Assert.assertEquals(Assert.java:1395)
	at org.testng.Assert.assertEquals(Assert.java:1441)
	at apiTest.DDTest.testDeleteUser(DDTest.java:122)
	at java.base/jdk.internal.reflect.DirectMethodHandleAccessor.invoke(DirectMethodHandleAccessor.java:103)
	at java.base/java.lang.reflect.Method.invoke(Method.java:580)
	at org.testng.internal.invokers.MethodInvocationHelper.invokeMethod(MethodInvocationHelper.java:141)
	at org.testng.internal.invokers.TestInvoker.invokeMethod(TestInvoker.java:687)
	at org.testng.internal.invokers.TestInvoker.invokeTestMethod(TestInvoker.java:230)
	at org.testng.internal.invokers.MethodRunner.runInSequence(MethodRunner.java:63)
	at org.testng.internal.invokers.TestInvoker$MethodInvocationAgent.invoke(TestInvoker.java:995)
	at org.testng.internal.invokers.TestInvoker.invokeTestMethods(TestInvoker.java:203)
	at org.testng.internal.invokers.TestMethodWorker.invokeTestMethods(TestMethodWorker.java:154)
	at org.testng.internal.invokers.TestMethodWorker.run(TestMethodWorker.java:134)
	at java.base/java.util.ArrayList.forEach(ArrayList.java:1596)
	at org.testng.TestRunner.privateRun(TestRunner.java:741)
	at org.testng.TestRunner.run(TestRunner.java:616)
	at org.testng.SuiteRunner.runTest(SuiteRunner.java:421)
	at org.testng.SuiteRunner.runSequentially(SuiteRunner.java:413)
	at org.testng.SuiteRunner.privateRun(SuiteRunner.java:373)
	at org.testng.SuiteRunner.run(SuiteRunner.java:312)
	at org.testng.SuiteRunnerWorker.runSuite(SuiteRunnerWorker.java:52)
	at org.testng.SuiteRunnerWorker.run(SuiteRunnerWorker.java:95)
	at org.testng.TestNG.runSuitesSequentially(TestNG.java:1274)
	at org.testng.TestNG.runSuitesLocally(TestNG.java:1208)
	at org.testng.TestNG.runSuites(TestNG.java:1112)
	at org.testng.TestNG.run(TestNG.java:1079)
	at org.apache.maven.surefire.testng.TestNGExecutor.run(TestNGExecutor.java:155)
	at org.apache.maven.surefire.testng.TestNGDirectoryTestSuite.executeMulti(TestNGDirectoryTestSuite.java:169)
	at org.apache.maven.surefire.testng.TestNGDirectoryTestSuite.execute(TestNGDirectoryTestSuite.java:88)
	at org.apache.maven.surefire.testng.TestNGProvider.invoke(TestNGProvider.java:137)
	at org.apache.maven.surefire.booter.ForkedBooter.runSuitesInProcess(ForkedBooter.java:385)
	at org.apache.maven.surefire.booter.ForkedBooter.execute(ForkedBooter.java:162)
	at org.apache.maven.surefire.booter.ForkedBooter.run(ForkedBooter.java:507)
	at org.apache.maven.surefire.booter.ForkedBooter.main(ForkedBooter.java:495)
]]></failure>
    <system-out><![CDATA[12:33:54.952 [main] INFO  apiTest.DDTest - *********************************************************************************************************************************************************
12:33:54.952 [main] INFO  apiTest.DDTest - Starting testDeleteUser with username: jack.johnson

12:33:56.245 [main] INFO  apiTest.DDTest - Response: 
12:33:56.309 [main] ERROR apiTest.DDTest - User deletion failed. Username: jack.johnson. Status code: 404
]]></system-out>
  </testcase>
  <testcase name="testDeleteUser[alice.taylor](31)" classname="apiTest.DDTest" time="1.383">
    <failure message="expected [200] but found [404]" type="java.lang.AssertionError"><![CDATA[java.lang.AssertionError: expected [200] but found [404]
	at org.testng.Assert.fail(Assert.java:111)
	at org.testng.Assert.failNotEquals(Assert.java:1590)
	at org.testng.Assert.assertEqualsImpl(Assert.java:150)
	at org.testng.Assert.assertEquals(Assert.java:132)
	at org.testng.Assert.assertEquals(Assert.java:1431)
	at org.testng.Assert.assertEquals(Assert.java:1395)
	at org.testng.Assert.assertEquals(Assert.java:1441)
	at apiTest.DDTest.testDeleteUser(DDTest.java:122)
	at java.base/jdk.internal.reflect.DirectMethodHandleAccessor.invoke(DirectMethodHandleAccessor.java:103)
	at java.base/java.lang.reflect.Method.invoke(Method.java:580)
	at org.testng.internal.invokers.MethodInvocationHelper.invokeMethod(MethodInvocationHelper.java:141)
	at org.testng.internal.invokers.TestInvoker.invokeMethod(TestInvoker.java:687)
	at org.testng.internal.invokers.TestInvoker.invokeTestMethod(TestInvoker.java:230)
	at org.testng.internal.invokers.MethodRunner.runInSequence(MethodRunner.java:63)
	at org.testng.internal.invokers.TestInvoker$MethodInvocationAgent.invoke(TestInvoker.java:995)
	at org.testng.internal.invokers.TestInvoker.invokeTestMethods(TestInvoker.java:203)
	at org.testng.internal.invokers.TestMethodWorker.invokeTestMethods(TestMethodWorker.java:154)
	at org.testng.internal.invokers.TestMethodWorker.run(TestMethodWorker.java:134)
	at java.base/java.util.ArrayList.forEach(ArrayList.java:1596)
	at org.testng.TestRunner.privateRun(TestRunner.java:741)
	at org.testng.TestRunner.run(TestRunner.java:616)
	at org.testng.SuiteRunner.runTest(SuiteRunner.java:421)
	at org.testng.SuiteRunner.runSequentially(SuiteRunner.java:413)
	at org.testng.SuiteRunner.privateRun(SuiteRunner.java:373)
	at org.testng.SuiteRunner.run(SuiteRunner.java:312)
	at org.testng.SuiteRunnerWorker.runSuite(SuiteRunnerWorker.java:52)
	at org.testng.SuiteRunnerWorker.run(SuiteRunnerWorker.java:95)
	at org.testng.TestNG.runSuitesSequentially(TestNG.java:1274)
	at org.testng.TestNG.runSuitesLocally(TestNG.java:1208)
	at org.testng.TestNG.runSuites(TestNG.java:1112)
	at org.testng.TestNG.run(TestNG.java:1079)
	at org.apache.maven.surefire.testng.TestNGExecutor.run(TestNGExecutor.java:155)
	at org.apache.maven.surefire.testng.TestNGDirectoryTestSuite.executeMulti(TestNGDirectoryTestSuite.java:169)
	at org.apache.maven.surefire.testng.TestNGDirectoryTestSuite.execute(TestNGDirectoryTestSuite.java:88)
	at org.apache.maven.surefire.testng.TestNGProvider.invoke(TestNGProvider.java:137)
	at org.apache.maven.surefire.booter.ForkedBooter.runSuitesInProcess(ForkedBooter.java:385)
	at org.apache.maven.surefire.booter.ForkedBooter.execute(ForkedBooter.java:162)
	at org.apache.maven.surefire.booter.ForkedBooter.run(ForkedBooter.java:507)
	at org.apache.maven.surefire.booter.ForkedBooter.main(ForkedBooter.java:495)
]]></failure>
    <system-out><![CDATA[12:33:56.310 [main] INFO  apiTest.DDTest - *********************************************************************************************************************************************************
12:33:56.310 [main] INFO  apiTest.DDTest - Starting testDeleteUser with username: alice.taylor

12:33:57.626 [main] INFO  apiTest.DDTest - Response: 
12:33:57.692 [main] ERROR apiTest.DDTest - User deletion failed. Username: alice.taylor. Status code: 404
]]></system-out>
  </testcase>
  <testcase name="testDeleteUser[ivy.miller](32)" classname="apiTest.DDTest" time="1.375">
    <failure message="expected [200] but found [404]" type="java.lang.AssertionError"><![CDATA[java.lang.AssertionError: expected [200] but found [404]
	at org.testng.Assert.fail(Assert.java:111)
	at org.testng.Assert.failNotEquals(Assert.java:1590)
	at org.testng.Assert.assertEqualsImpl(Assert.java:150)
	at org.testng.Assert.assertEquals(Assert.java:132)
	at org.testng.Assert.assertEquals(Assert.java:1431)
	at org.testng.Assert.assertEquals(Assert.java:1395)
	at org.testng.Assert.assertEquals(Assert.java:1441)
	at apiTest.DDTest.testDeleteUser(DDTest.java:122)
	at java.base/jdk.internal.reflect.DirectMethodHandleAccessor.invoke(DirectMethodHandleAccessor.java:103)
	at java.base/java.lang.reflect.Method.invoke(Method.java:580)
	at org.testng.internal.invokers.MethodInvocationHelper.invokeMethod(MethodInvocationHelper.java:141)
	at org.testng.internal.invokers.TestInvoker.invokeMethod(TestInvoker.java:687)
	at org.testng.internal.invokers.TestInvoker.invokeTestMethod(TestInvoker.java:230)
	at org.testng.internal.invokers.MethodRunner.runInSequence(MethodRunner.java:63)
	at org.testng.internal.invokers.TestInvoker$MethodInvocationAgent.invoke(TestInvoker.java:995)
	at org.testng.internal.invokers.TestInvoker.invokeTestMethods(TestInvoker.java:203)
	at org.testng.internal.invokers.TestMethodWorker.invokeTestMethods(TestMethodWorker.java:154)
	at org.testng.internal.invokers.TestMethodWorker.run(TestMethodWorker.java:134)
	at java.base/java.util.ArrayList.forEach(ArrayList.java:1596)
	at org.testng.TestRunner.privateRun(TestRunner.java:741)
	at org.testng.TestRunner.run(TestRunner.java:616)
	at org.testng.SuiteRunner.runTest(SuiteRunner.java:421)
	at org.testng.SuiteRunner.runSequentially(SuiteRunner.java:413)
	at org.testng.SuiteRunner.privateRun(SuiteRunner.java:373)
	at org.testng.SuiteRunner.run(SuiteRunner.java:312)
	at org.testng.SuiteRunnerWorker.runSuite(SuiteRunnerWorker.java:52)
	at org.testng.SuiteRunnerWorker.run(SuiteRunnerWorker.java:95)
	at org.testng.TestNG.runSuitesSequentially(TestNG.java:1274)
	at org.testng.TestNG.runSuitesLocally(TestNG.java:1208)
	at org.testng.TestNG.runSuites(TestNG.java:1112)
	at org.testng.TestNG.run(TestNG.java:1079)
	at org.apache.maven.surefire.testng.TestNGExecutor.run(TestNGExecutor.java:155)
	at org.apache.maven.surefire.testng.TestNGDirectoryTestSuite.executeMulti(TestNGDirectoryTestSuite.java:169)
	at org.apache.maven.surefire.testng.TestNGDirectoryTestSuite.execute(TestNGDirectoryTestSuite.java:88)
	at org.apache.maven.surefire.testng.TestNGProvider.invoke(TestNGProvider.java:137)
	at org.apache.maven.surefire.booter.ForkedBooter.runSuitesInProcess(ForkedBooter.java:385)
	at org.apache.maven.surefire.booter.ForkedBooter.execute(ForkedBooter.java:162)
	at org.apache.maven.surefire.booter.ForkedBooter.run(ForkedBooter.java:507)
	at org.apache.maven.surefire.booter.ForkedBooter.main(ForkedBooter.java:495)
]]></failure>
    <system-out><![CDATA[12:33:57.692 [main] INFO  apiTest.DDTest - *********************************************************************************************************************************************************
12:33:57.692 [main] INFO  apiTest.DDTest - Starting testDeleteUser with username: ivy.miller

12:33:58.971 [main] INFO  apiTest.DDTest - Response: 
12:33:59.067 [main] ERROR apiTest.DDTest - User deletion failed. Username: ivy.miller. Status code: 404
]]></system-out>
  </testcase>
  <testcase name="testDeleteUser[leo.anderson](33)" classname="apiTest.DDTest" time="1.336">
    <system-out><![CDATA[12:33:59.068 [main] INFO  apiTest.DDTest - *********************************************************************************************************************************************************
12:33:59.068 [main] INFO  apiTest.DDTest - Starting testDeleteUser with username: leo.anderson
{
    "code": 200,
    "type": "unknown",
    "message": "leo.anderson"
}
12:34:00.328 [main] INFO  apiTest.DDTest - Response: {"code":200,"type":"unknown","message":"leo.anderson"}
]]></system-out>
  </testcase>
  <testcase name="testDeleteUser[jane.davis](34)" classname="apiTest.DDTest" time="1.42">
    <failure message="expected [200] but found [404]" type="java.lang.AssertionError"><![CDATA[java.lang.AssertionError: expected [200] but found [404]
	at org.testng.Assert.fail(Assert.java:111)
	at org.testng.Assert.failNotEquals(Assert.java:1590)
	at org.testng.Assert.assertEqualsImpl(Assert.java:150)
	at org.testng.Assert.assertEquals(Assert.java:132)
	at org.testng.Assert.assertEquals(Assert.java:1431)
	at org.testng.Assert.assertEquals(Assert.java:1395)
	at org.testng.Assert.assertEquals(Assert.java:1441)
	at apiTest.DDTest.testDeleteUser(DDTest.java:122)
	at java.base/jdk.internal.reflect.DirectMethodHandleAccessor.invoke(DirectMethodHandleAccessor.java:103)
	at java.base/java.lang.reflect.Method.invoke(Method.java:580)
	at org.testng.internal.invokers.MethodInvocationHelper.invokeMethod(MethodInvocationHelper.java:141)
	at org.testng.internal.invokers.TestInvoker.invokeMethod(TestInvoker.java:687)
	at org.testng.internal.invokers.TestInvoker.invokeTestMethod(TestInvoker.java:230)
	at org.testng.internal.invokers.MethodRunner.runInSequence(MethodRunner.java:63)
	at org.testng.internal.invokers.TestInvoker$MethodInvocationAgent.invoke(TestInvoker.java:995)
	at org.testng.internal.invokers.TestInvoker.invokeTestMethods(TestInvoker.java:203)
	at org.testng.internal.invokers.TestMethodWorker.invokeTestMethods(TestMethodWorker.java:154)
	at org.testng.internal.invokers.TestMethodWorker.run(TestMethodWorker.java:134)
	at java.base/java.util.ArrayList.forEach(ArrayList.java:1596)
	at org.testng.TestRunner.privateRun(TestRunner.java:741)
	at org.testng.TestRunner.run(TestRunner.java:616)
	at org.testng.SuiteRunner.runTest(SuiteRunner.java:421)
	at org.testng.SuiteRunner.runSequentially(SuiteRunner.java:413)
	at org.testng.SuiteRunner.privateRun(SuiteRunner.java:373)
	at org.testng.SuiteRunner.run(SuiteRunner.java:312)
	at org.testng.SuiteRunnerWorker.runSuite(SuiteRunnerWorker.java:52)
	at org.testng.SuiteRunnerWorker.run(SuiteRunnerWorker.java:95)
	at org.testng.TestNG.runSuitesSequentially(TestNG.java:1274)
	at org.testng.TestNG.runSuitesLocally(TestNG.java:1208)
	at org.testng.TestNG.runSuites(TestNG.java:1112)
	at org.testng.TestNG.run(TestNG.java:1079)
	at org.apache.maven.surefire.testng.TestNGExecutor.run(TestNGExecutor.java:155)
	at org.apache.maven.surefire.testng.TestNGDirectoryTestSuite.executeMulti(TestNGDirectoryTestSuite.java:169)
	at org.apache.maven.surefire.testng.TestNGDirectoryTestSuite.execute(TestNGDirectoryTestSuite.java:88)
	at org.apache.maven.surefire.testng.TestNGProvider.invoke(TestNGProvider.java:137)
	at org.apache.maven.surefire.booter.ForkedBooter.runSuitesInProcess(ForkedBooter.java:385)
	at org.apache.maven.surefire.booter.ForkedBooter.execute(ForkedBooter.java:162)
	at org.apache.maven.surefire.booter.ForkedBooter.run(ForkedBooter.java:507)
	at org.apache.maven.surefire.booter.ForkedBooter.main(ForkedBooter.java:495)
]]></failure>
    <system-out><![CDATA[12:34:00.403 [main] INFO  apiTest.DDTest - *********************************************************************************************************************************************************
12:34:00.404 [main] INFO  apiTest.DDTest - Starting testDeleteUser with username: jane.davis

12:34:01.747 [main] INFO  apiTest.DDTest - Response: 
12:34:01.825 [main] ERROR apiTest.DDTest - User deletion failed. Username: jane.davis. Status code: 404
]]></system-out>
  </testcase>
  <testcase name="testDeleteUser[leo.moore](35)" classname="apiTest.DDTest" time="1.374">
    <failure message="expected [200] but found [404]" type="java.lang.AssertionError"><![CDATA[java.lang.AssertionError: expected [200] but found [404]
	at org.testng.Assert.fail(Assert.java:111)
	at org.testng.Assert.failNotEquals(Assert.java:1590)
	at org.testng.Assert.assertEqualsImpl(Assert.java:150)
	at org.testng.Assert.assertEquals(Assert.java:132)
	at org.testng.Assert.assertEquals(Assert.java:1431)
	at org.testng.Assert.assertEquals(Assert.java:1395)
	at org.testng.Assert.assertEquals(Assert.java:1441)
	at apiTest.DDTest.testDeleteUser(DDTest.java:122)
	at java.base/jdk.internal.reflect.DirectMethodHandleAccessor.invoke(DirectMethodHandleAccessor.java:103)
	at java.base/java.lang.reflect.Method.invoke(Method.java:580)
	at org.testng.internal.invokers.MethodInvocationHelper.invokeMethod(MethodInvocationHelper.java:141)
	at org.testng.internal.invokers.TestInvoker.invokeMethod(TestInvoker.java:687)
	at org.testng.internal.invokers.TestInvoker.invokeTestMethod(TestInvoker.java:230)
	at org.testng.internal.invokers.MethodRunner.runInSequence(MethodRunner.java:63)
	at org.testng.internal.invokers.TestInvoker$MethodInvocationAgent.invoke(TestInvoker.java:995)
	at org.testng.internal.invokers.TestInvoker.invokeTestMethods(TestInvoker.java:203)
	at org.testng.internal.invokers.TestMethodWorker.invokeTestMethods(TestMethodWorker.java:154)
	at org.testng.internal.invokers.TestMethodWorker.run(TestMethodWorker.java:134)
	at java.base/java.util.ArrayList.forEach(ArrayList.java:1596)
	at org.testng.TestRunner.privateRun(TestRunner.java:741)
	at org.testng.TestRunner.run(TestRunner.java:616)
	at org.testng.SuiteRunner.runTest(SuiteRunner.java:421)
	at org.testng.SuiteRunner.runSequentially(SuiteRunner.java:413)
	at org.testng.SuiteRunner.privateRun(SuiteRunner.java:373)
	at org.testng.SuiteRunner.run(SuiteRunner.java:312)
	at org.testng.SuiteRunnerWorker.runSuite(SuiteRunnerWorker.java:52)
	at org.testng.SuiteRunnerWorker.run(SuiteRunnerWorker.java:95)
	at org.testng.TestNG.runSuitesSequentially(TestNG.java:1274)
	at org.testng.TestNG.runSuitesLocally(TestNG.java:1208)
	at org.testng.TestNG.runSuites(TestNG.java:1112)
	at org.testng.TestNG.run(TestNG.java:1079)
	at org.apache.maven.surefire.testng.TestNGExecutor.run(TestNGExecutor.java:155)
	at org.apache.maven.surefire.testng.TestNGDirectoryTestSuite.executeMulti(TestNGDirectoryTestSuite.java:169)
	at org.apache.maven.surefire.testng.TestNGDirectoryTestSuite.execute(TestNGDirectoryTestSuite.java:88)
	at org.apache.maven.surefire.testng.TestNGProvider.invoke(TestNGProvider.java:137)
	at org.apache.maven.surefire.booter.ForkedBooter.runSuitesInProcess(ForkedBooter.java:385)
	at org.apache.maven.surefire.booter.ForkedBooter.execute(ForkedBooter.java:162)
	at org.apache.maven.surefire.booter.ForkedBooter.run(ForkedBooter.java:507)
	at org.apache.maven.surefire.booter.ForkedBooter.main(ForkedBooter.java:495)
]]></failure>
    <system-out><![CDATA[12:34:01.826 [main] INFO  apiTest.DDTest - *********************************************************************************************************************************************************
12:34:01.826 [main] INFO  apiTest.DDTest - Starting testDeleteUser with username: leo.moore

12:34:03.123 [main] INFO  apiTest.DDTest - Response: 
12:34:03.198 [main] ERROR apiTest.DDTest - User deletion failed. Username: leo.moore. Status code: 404
]]></system-out>
  </testcase>
  <testcase name="testDeleteUser[grace.johnson](36)" classname="apiTest.DDTest" time="1.341">
    <failure message="expected [200] but found [404]" type="java.lang.AssertionError"><![CDATA[java.lang.AssertionError: expected [200] but found [404]
	at org.testng.Assert.fail(Assert.java:111)
	at org.testng.Assert.failNotEquals(Assert.java:1590)
	at org.testng.Assert.assertEqualsImpl(Assert.java:150)
	at org.testng.Assert.assertEquals(Assert.java:132)
	at org.testng.Assert.assertEquals(Assert.java:1431)
	at org.testng.Assert.assertEquals(Assert.java:1395)
	at org.testng.Assert.assertEquals(Assert.java:1441)
	at apiTest.DDTest.testDeleteUser(DDTest.java:122)
	at java.base/jdk.internal.reflect.DirectMethodHandleAccessor.invoke(DirectMethodHandleAccessor.java:103)
	at java.base/java.lang.reflect.Method.invoke(Method.java:580)
	at org.testng.internal.invokers.MethodInvocationHelper.invokeMethod(MethodInvocationHelper.java:141)
	at org.testng.internal.invokers.TestInvoker.invokeMethod(TestInvoker.java:687)
	at org.testng.internal.invokers.TestInvoker.invokeTestMethod(TestInvoker.java:230)
	at org.testng.internal.invokers.MethodRunner.runInSequence(MethodRunner.java:63)
	at org.testng.internal.invokers.TestInvoker$MethodInvocationAgent.invoke(TestInvoker.java:995)
	at org.testng.internal.invokers.TestInvoker.invokeTestMethods(TestInvoker.java:203)
	at org.testng.internal.invokers.TestMethodWorker.invokeTestMethods(TestMethodWorker.java:154)
	at org.testng.internal.invokers.TestMethodWorker.run(TestMethodWorker.java:134)
	at java.base/java.util.ArrayList.forEach(ArrayList.java:1596)
	at org.testng.TestRunner.privateRun(TestRunner.java:741)
	at org.testng.TestRunner.run(TestRunner.java:616)
	at org.testng.SuiteRunner.runTest(SuiteRunner.java:421)
	at org.testng.SuiteRunner.runSequentially(SuiteRunner.java:413)
	at org.testng.SuiteRunner.privateRun(SuiteRunner.java:373)
	at org.testng.SuiteRunner.run(SuiteRunner.java:312)
	at org.testng.SuiteRunnerWorker.runSuite(SuiteRunnerWorker.java:52)
	at org.testng.SuiteRunnerWorker.run(SuiteRunnerWorker.java:95)
	at org.testng.TestNG.runSuitesSequentially(TestNG.java:1274)
	at org.testng.TestNG.runSuitesLocally(TestNG.java:1208)
	at org.testng.TestNG.runSuites(TestNG.java:1112)
	at org.testng.TestNG.run(TestNG.java:1079)
	at org.apache.maven.surefire.testng.TestNGExecutor.run(TestNGExecutor.java:155)
	at org.apache.maven.surefire.testng.TestNGDirectoryTestSuite.executeMulti(TestNGDirectoryTestSuite.java:169)
	at org.apache.maven.surefire.testng.TestNGDirectoryTestSuite.execute(TestNGDirectoryTestSuite.java:88)
	at org.apache.maven.surefire.testng.TestNGProvider.invoke(TestNGProvider.java:137)
	at org.apache.maven.surefire.booter.ForkedBooter.runSuitesInProcess(ForkedBooter.java:385)
	at org.apache.maven.surefire.booter.ForkedBooter.execute(ForkedBooter.java:162)
	at org.apache.maven.surefire.booter.ForkedBooter.run(ForkedBooter.java:507)
	at org.apache.maven.surefire.booter.ForkedBooter.main(ForkedBooter.java:495)
]]></failure>
    <system-out><![CDATA[12:34:03.200 [main] INFO  apiTest.DDTest - *********************************************************************************************************************************************************
12:34:03.200 [main] INFO  apiTest.DDTest - Starting testDeleteUser with username: grace.johnson

12:34:04.477 [main] INFO  apiTest.DDTest - Response: 
12:34:04.539 [main] ERROR apiTest.DDTest - User deletion failed. Username: grace.johnson. Status code: 404
]]></system-out>
  </testcase>
  <testcase name="testDeleteUser[frank.taylor](37)" classname="apiTest.DDTest" time="1.396">
    <system-out><![CDATA[12:34:04.540 [main] INFO  apiTest.DDTest - *********************************************************************************************************************************************************
12:34:04.541 [main] INFO  apiTest.DDTest - Starting testDeleteUser with username: frank.taylor
{
    "code": 200,
    "type": "unknown",
    "message": "frank.taylor"
}
12:34:05.869 [main] INFO  apiTest.DDTest - Response: {"code":200,"type":"unknown","message":"frank.taylor"}
]]></system-out>
  </testcase>
  <testcase name="testDeleteUser[ivy.smith](38)" classname="apiTest.DDTest" time="1.349">
    <failure message="expected [200] but found [404]" type="java.lang.AssertionError"><![CDATA[java.lang.AssertionError: expected [200] but found [404]
	at org.testng.Assert.fail(Assert.java:111)
	at org.testng.Assert.failNotEquals(Assert.java:1590)
	at org.testng.Assert.assertEqualsImpl(Assert.java:150)
	at org.testng.Assert.assertEquals(Assert.java:132)
	at org.testng.Assert.assertEquals(Assert.java:1431)
	at org.testng.Assert.assertEquals(Assert.java:1395)
	at org.testng.Assert.assertEquals(Assert.java:1441)
	at apiTest.DDTest.testDeleteUser(DDTest.java:122)
	at java.base/jdk.internal.reflect.DirectMethodHandleAccessor.invoke(DirectMethodHandleAccessor.java:103)
	at java.base/java.lang.reflect.Method.invoke(Method.java:580)
	at org.testng.internal.invokers.MethodInvocationHelper.invokeMethod(MethodInvocationHelper.java:141)
	at org.testng.internal.invokers.TestInvoker.invokeMethod(TestInvoker.java:687)
	at org.testng.internal.invokers.TestInvoker.invokeTestMethod(TestInvoker.java:230)
	at org.testng.internal.invokers.MethodRunner.runInSequence(MethodRunner.java:63)
	at org.testng.internal.invokers.TestInvoker$MethodInvocationAgent.invoke(TestInvoker.java:995)
	at org.testng.internal.invokers.TestInvoker.invokeTestMethods(TestInvoker.java:203)
	at org.testng.internal.invokers.TestMethodWorker.invokeTestMethods(TestMethodWorker.java:154)
	at org.testng.internal.invokers.TestMethodWorker.run(TestMethodWorker.java:134)
	at java.base/java.util.ArrayList.forEach(ArrayList.java:1596)
	at org.testng.TestRunner.privateRun(TestRunner.java:741)
	at org.testng.TestRunner.run(TestRunner.java:616)
	at org.testng.SuiteRunner.runTest(SuiteRunner.java:421)
	at org.testng.SuiteRunner.runSequentially(SuiteRunner.java:413)
	at org.testng.SuiteRunner.privateRun(SuiteRunner.java:373)
	at org.testng.SuiteRunner.run(SuiteRunner.java:312)
	at org.testng.SuiteRunnerWorker.runSuite(SuiteRunnerWorker.java:52)
	at org.testng.SuiteRunnerWorker.run(SuiteRunnerWorker.java:95)
	at org.testng.TestNG.runSuitesSequentially(TestNG.java:1274)
	at org.testng.TestNG.runSuitesLocally(TestNG.java:1208)
	at org.testng.TestNG.runSuites(TestNG.java:1112)
	at org.testng.TestNG.run(TestNG.java:1079)
	at org.apache.maven.surefire.testng.TestNGExecutor.run(TestNGExecutor.java:155)
	at org.apache.maven.surefire.testng.TestNGDirectoryTestSuite.executeMulti(TestNGDirectoryTestSuite.java:169)
	at org.apache.maven.surefire.testng.TestNGDirectoryTestSuite.execute(TestNGDirectoryTestSuite.java:88)
	at org.apache.maven.surefire.testng.TestNGProvider.invoke(TestNGProvider.java:137)
	at org.apache.maven.surefire.booter.ForkedBooter.runSuitesInProcess(ForkedBooter.java:385)
	at org.apache.maven.surefire.booter.ForkedBooter.execute(ForkedBooter.java:162)
	at org.apache.maven.surefire.booter.ForkedBooter.run(ForkedBooter.java:507)
	at org.apache.maven.surefire.booter.ForkedBooter.main(ForkedBooter.java:495)
]]></failure>
    <system-out><![CDATA[12:34:05.937 [main] INFO  apiTest.DDTest - *********************************************************************************************************************************************************
12:34:05.937 [main] INFO  apiTest.DDTest - Starting testDeleteUser with username: ivy.smith

12:34:07.231 [main] INFO  apiTest.DDTest - Response: 
12:34:07.285 [main] ERROR apiTest.DDTest - User deletion failed. Username: ivy.smith. Status code: 404
]]></system-out>
  </testcase>
  <testcase name="testDeleteUser[jane.davis](39)" classname="apiTest.DDTest" time="1.384">
    <failure message="expected [200] but found [404]" type="java.lang.AssertionError"><![CDATA[java.lang.AssertionError: expected [200] but found [404]
	at org.testng.Assert.fail(Assert.java:111)
	at org.testng.Assert.failNotEquals(Assert.java:1590)
	at org.testng.Assert.assertEqualsImpl(Assert.java:150)
	at org.testng.Assert.assertEquals(Assert.java:132)
	at org.testng.Assert.assertEquals(Assert.java:1431)
	at org.testng.Assert.assertEquals(Assert.java:1395)
	at org.testng.Assert.assertEquals(Assert.java:1441)
	at apiTest.DDTest.testDeleteUser(DDTest.java:122)
	at java.base/jdk.internal.reflect.DirectMethodHandleAccessor.invoke(DirectMethodHandleAccessor.java:103)
	at java.base/java.lang.reflect.Method.invoke(Method.java:580)
	at org.testng.internal.invokers.MethodInvocationHelper.invokeMethod(MethodInvocationHelper.java:141)
	at org.testng.internal.invokers.TestInvoker.invokeMethod(TestInvoker.java:687)
	at org.testng.internal.invokers.TestInvoker.invokeTestMethod(TestInvoker.java:230)
	at org.testng.internal.invokers.MethodRunner.runInSequence(MethodRunner.java:63)
	at org.testng.internal.invokers.TestInvoker$MethodInvocationAgent.invoke(TestInvoker.java:995)
	at org.testng.internal.invokers.TestInvoker.invokeTestMethods(TestInvoker.java:203)
	at org.testng.internal.invokers.TestMethodWorker.invokeTestMethods(TestMethodWorker.java:154)
	at org.testng.internal.invokers.TestMethodWorker.run(TestMethodWorker.java:134)
	at java.base/java.util.ArrayList.forEach(ArrayList.java:1596)
	at org.testng.TestRunner.privateRun(TestRunner.java:741)
	at org.testng.TestRunner.run(TestRunner.java:616)
	at org.testng.SuiteRunner.runTest(SuiteRunner.java:421)
	at org.testng.SuiteRunner.runSequentially(SuiteRunner.java:413)
	at org.testng.SuiteRunner.privateRun(SuiteRunner.java:373)
	at org.testng.SuiteRunner.run(SuiteRunner.java:312)
	at org.testng.SuiteRunnerWorker.runSuite(SuiteRunnerWorker.java:52)
	at org.testng.SuiteRunnerWorker.run(SuiteRunnerWorker.java:95)
	at org.testng.TestNG.runSuitesSequentially(TestNG.java:1274)
	at org.testng.TestNG.runSuitesLocally(TestNG.java:1208)
	at org.testng.TestNG.runSuites(TestNG.java:1112)
	at org.testng.TestNG.run(TestNG.java:1079)
	at org.apache.maven.surefire.testng.TestNGExecutor.run(TestNGExecutor.java:155)
	at org.apache.maven.surefire.testng.TestNGDirectoryTestSuite.executeMulti(TestNGDirectoryTestSuite.java:169)
	at org.apache.maven.surefire.testng.TestNGDirectoryTestSuite.execute(TestNGDirectoryTestSuite.java:88)
	at org.apache.maven.surefire.testng.TestNGProvider.invoke(TestNGProvider.java:137)
	at org.apache.maven.surefire.booter.ForkedBooter.runSuitesInProcess(ForkedBooter.java:385)
	at org.apache.maven.surefire.booter.ForkedBooter.execute(ForkedBooter.java:162)
	at org.apache.maven.surefire.booter.ForkedBooter.run(ForkedBooter.java:507)
	at org.apache.maven.surefire.booter.ForkedBooter.main(ForkedBooter.java:495)
]]></failure>
    <system-out><![CDATA[12:34:07.287 [main] INFO  apiTest.DDTest - *********************************************************************************************************************************************************
12:34:07.287 [main] INFO  apiTest.DDTest - Starting testDeleteUser with username: jane.davis

12:34:08.600 [main] INFO  apiTest.DDTest - Response: 
12:34:08.669 [main] ERROR apiTest.DDTest - User deletion failed. Username: jane.davis. Status code: 404
]]></system-out>
  </testcase>
  <testcase name="testDeleteUser[nina.taylor](40)" classname="apiTest.DDTest" time="1.384">
    <failure message="expected [200] but found [404]" type="java.lang.AssertionError"><![CDATA[java.lang.AssertionError: expected [200] but found [404]
	at org.testng.Assert.fail(Assert.java:111)
	at org.testng.Assert.failNotEquals(Assert.java:1590)
	at org.testng.Assert.assertEqualsImpl(Assert.java:150)
	at org.testng.Assert.assertEquals(Assert.java:132)
	at org.testng.Assert.assertEquals(Assert.java:1431)
	at org.testng.Assert.assertEquals(Assert.java:1395)
	at org.testng.Assert.assertEquals(Assert.java:1441)
	at apiTest.DDTest.testDeleteUser(DDTest.java:122)
	at java.base/jdk.internal.reflect.DirectMethodHandleAccessor.invoke(DirectMethodHandleAccessor.java:103)
	at java.base/java.lang.reflect.Method.invoke(Method.java:580)
	at org.testng.internal.invokers.MethodInvocationHelper.invokeMethod(MethodInvocationHelper.java:141)
	at org.testng.internal.invokers.TestInvoker.invokeMethod(TestInvoker.java:687)
	at org.testng.internal.invokers.TestInvoker.invokeTestMethod(TestInvoker.java:230)
	at org.testng.internal.invokers.MethodRunner.runInSequence(MethodRunner.java:63)
	at org.testng.internal.invokers.TestInvoker$MethodInvocationAgent.invoke(TestInvoker.java:995)
	at org.testng.internal.invokers.TestInvoker.invokeTestMethods(TestInvoker.java:203)
	at org.testng.internal.invokers.TestMethodWorker.invokeTestMethods(TestMethodWorker.java:154)
	at org.testng.internal.invokers.TestMethodWorker.run(TestMethodWorker.java:134)
	at java.base/java.util.ArrayList.forEach(ArrayList.java:1596)
	at org.testng.TestRunner.privateRun(TestRunner.java:741)
	at org.testng.TestRunner.run(TestRunner.java:616)
	at org.testng.SuiteRunner.runTest(SuiteRunner.java:421)
	at org.testng.SuiteRunner.runSequentially(SuiteRunner.java:413)
	at org.testng.SuiteRunner.privateRun(SuiteRunner.java:373)
	at org.testng.SuiteRunner.run(SuiteRunner.java:312)
	at org.testng.SuiteRunnerWorker.runSuite(SuiteRunnerWorker.java:52)
	at org.testng.SuiteRunnerWorker.run(SuiteRunnerWorker.java:95)
	at org.testng.TestNG.runSuitesSequentially(TestNG.java:1274)
	at org.testng.TestNG.runSuitesLocally(TestNG.java:1208)
	at org.testng.TestNG.runSuites(TestNG.java:1112)
	at org.testng.TestNG.run(TestNG.java:1079)
	at org.apache.maven.surefire.testng.TestNGExecutor.run(TestNGExecutor.java:155)
	at org.apache.maven.surefire.testng.TestNGDirectoryTestSuite.executeMulti(TestNGDirectoryTestSuite.java:169)
	at org.apache.maven.surefire.testng.TestNGDirectoryTestSuite.execute(TestNGDirectoryTestSuite.java:88)
	at org.apache.maven.surefire.testng.TestNGProvider.invoke(TestNGProvider.java:137)
	at org.apache.maven.surefire.booter.ForkedBooter.runSuitesInProcess(ForkedBooter.java:385)
	at org.apache.maven.surefire.booter.ForkedBooter.execute(ForkedBooter.java:162)
	at org.apache.maven.surefire.booter.ForkedBooter.run(ForkedBooter.java:507)
	at org.apache.maven.surefire.booter.ForkedBooter.main(ForkedBooter.java:495)
]]></failure>
    <system-out><![CDATA[12:34:08.671 [main] INFO  apiTest.DDTest - *********************************************************************************************************************************************************
12:34:08.671 [main] INFO  apiTest.DDTest - Starting testDeleteUser with username: nina.taylor

12:34:09.979 [main] INFO  apiTest.DDTest - Response: 
12:34:10.053 [main] ERROR apiTest.DDTest - User deletion failed. Username: nina.taylor. Status code: 404
]]></system-out>
  </testcase>
  <testcase name="testUpdateUser[1, alice.davis, Alice, Davis, alice.davis@example.com, AlDa&amp;03147461, 8578210314](1)" classname="apiTest.DDTest" time="1.349">
    <system-out><![CDATA[12:34:14.701 [main] INFO  apiTest.DDTest - *********************************************************************************************************************************************************
12:34:14.702 [main] INFO  apiTest.DDTest - Starting testUpdateUser with username: alice.davis
HTTP/1.1 200 OK
Date: Thu, 10 Apr 2025 07:04:16 GMT
Content-Type: application/json
Transfer-Encoding: chunked
Connection: keep-alive
Access-Control-Allow-Origin: *
Access-Control-Allow-Methods: GET, POST, DELETE, PUT
Access-Control-Allow-Headers: Content-Type, api_key, Authorization
Server: Jetty(9.2.9.v20150224)

{
    "code": 200,
    "type": "unknown",
    "message": "1"
}
12:34:15.999 [main] INFO  apiTest.DDTest - Response: {"code":200,"type":"unknown","message":"1"}
]]></system-out>
  </testcase>
  <testcase name="testUpdateUser[2, alice.brown, Alice, Brown, alice.brown@example.com, AlBr*98738826, 6664969873](2)" classname="apiTest.DDTest" time="1.44">
    <system-out><![CDATA[12:34:16.050 [main] INFO  apiTest.DDTest - *********************************************************************************************************************************************************
12:34:16.050 [main] INFO  apiTest.DDTest - Starting testUpdateUser with username: alice.brown
HTTP/1.1 200 OK
Date: Thu, 10 Apr 2025 07:04:18 GMT
Content-Type: application/json
Transfer-Encoding: chunked
Connection: keep-alive
Access-Control-Allow-Origin: *
Access-Control-Allow-Methods: GET, POST, DELETE, PUT
Access-Control-Allow-Headers: Content-Type, api_key, Authorization
Server: Jetty(9.2.9.v20150224)

{
    "code": 200,
    "type": "unknown",
    "message": "2"
}
12:34:17.422 [main] INFO  apiTest.DDTest - Response: {"code":200,"type":"unknown","message":"2"}
]]></system-out>
  </testcase>
  <testcase name="testUpdateUser[3, bob.smith, Bob, Smith, bob.smith@example.com, BoSm*61189351, 3540186118](3)" classname="apiTest.DDTest" time="1.324">
    <system-out><![CDATA[12:34:17.491 [main] INFO  apiTest.DDTest - *********************************************************************************************************************************************************
12:34:17.491 [main] INFO  apiTest.DDTest - Starting testUpdateUser with username: bob.smith
HTTP/1.1 200 OK
Date: Thu, 10 Apr 2025 07:04:19 GMT
Content-Type: application/json
Transfer-Encoding: chunked
Connection: keep-alive
Access-Control-Allow-Origin: *
Access-Control-Allow-Methods: GET, POST, DELETE, PUT
Access-Control-Allow-Headers: Content-Type, api_key, Authorization
Server: Jetty(9.2.9.v20150224)

{
    "code": 200,
    "type": "unknown",
    "message": "3"
}
12:34:18.746 [main] INFO  apiTest.DDTest - Response: {"code":200,"type":"unknown","message":"3"}
]]></system-out>
  </testcase>
  <testcase name="testUpdateUser[4, ivy.wilson, Ivy, Wilson, ivy.wilson@example.com, IvWi^81476232, 7321838147](4)" classname="apiTest.DDTest" time="1.338">
    <system-out><![CDATA[12:34:18.815 [main] INFO  apiTest.DDTest - *********************************************************************************************************************************************************
12:34:18.815 [main] INFO  apiTest.DDTest - Starting testUpdateUser with username: ivy.wilson
HTTP/1.1 200 OK
Date: Thu, 10 Apr 2025 07:04:20 GMT
Content-Type: application/json
Transfer-Encoding: chunked
Connection: keep-alive
Access-Control-Allow-Origin: *
Access-Control-Allow-Methods: GET, POST, DELETE, PUT
Access-Control-Allow-Headers: Content-Type, api_key, Authorization
Server: Jetty(9.2.9.v20150224)

{
    "code": 200,
    "type": "unknown",
    "message": "4"
}
12:34:20.076 [main] INFO  apiTest.DDTest - Response: {"code":200,"type":"unknown","message":"4"}
]]></system-out>
  </testcase>
  <testcase name="testUpdateUser[5, bob.wilson, Bob, Wilson, bob.wilson@example.com, BoWi^86334524, 1111478633](5)" classname="apiTest.DDTest" time="1.386">
    <system-out><![CDATA[12:34:20.153 [main] INFO  apiTest.DDTest - *********************************************************************************************************************************************************
12:34:20.153 [main] INFO  apiTest.DDTest - Starting testUpdateUser with username: bob.wilson
HTTP/1.1 200 OK
Date: Thu, 10 Apr 2025 07:04:22 GMT
Content-Type: application/json
Transfer-Encoding: chunked
Connection: keep-alive
Access-Control-Allow-Origin: *
Access-Control-Allow-Methods: GET, POST, DELETE, PUT
Access-Control-Allow-Headers: Content-Type, api_key, Authorization
Server: Jetty(9.2.9.v20150224)

{
    "code": 200,
    "type": "unknown",
    "message": "5"
}
12:34:21.448 [main] INFO  apiTest.DDTest - Response: {"code":200,"type":"unknown","message":"5"}
]]></system-out>
  </testcase>
  <testcase name="testUpdateUser[6, nina.miller, Nina, Miller, nina.miller@example.com, NiMi&amp;93889941, 8868129388](6)" classname="apiTest.DDTest" time="1.378">
    <system-out><![CDATA[12:34:21.539 [main] INFO  apiTest.DDTest - *********************************************************************************************************************************************************
12:34:21.539 [main] INFO  apiTest.DDTest - Starting testUpdateUser with username: nina.miller
HTTP/1.1 200 OK
Date: Thu, 10 Apr 2025 07:04:23 GMT
Content-Type: application/json
Transfer-Encoding: chunked
Connection: keep-alive
Access-Control-Allow-Origin: *
Access-Control-Allow-Methods: GET, POST, DELETE, PUT
Access-Control-Allow-Headers: Content-Type, api_key, Authorization
Server: Jetty(9.2.9.v20150224)

{
    "code": 200,
    "type": "unknown",
    "message": "6"
}
12:34:22.835 [main] INFO  apiTest.DDTest - Response: {"code":200,"type":"unknown","message":"6"}
]]></system-out>
  </testcase>
  <testcase name="testUpdateUser[7, nina.wilson, Nina, Wilson, nina.wilson@example.com, NiWi!32963190, 3859783296](7)" classname="apiTest.DDTest" time="1.342">
    <system-out><![CDATA[12:34:22.918 [main] INFO  apiTest.DDTest - *********************************************************************************************************************************************************
12:34:22.919 [main] INFO  apiTest.DDTest - Starting testUpdateUser with username: nina.wilson
HTTP/1.1 200 OK
Date: Thu, 10 Apr 2025 07:04:24 GMT
Content-Type: application/json
Transfer-Encoding: chunked
Connection: keep-alive
Access-Control-Allow-Origin: *
Access-Control-Allow-Methods: GET, POST, DELETE, PUT
Access-Control-Allow-Headers: Content-Type, api_key, Authorization
Server: Jetty(9.2.9.v20150224)

{
    "code": 200,
    "type": "unknown",
    "message": "7"
}
12:34:24.193 [main] INFO  apiTest.DDTest - Response: {"code":200,"type":"unknown","message":"7"}
]]></system-out>
  </testcase>
  <testcase name="testUpdateUser[8, frank.anderson, Frank, Anderson, frank.anderson@example.com, FrAn$85745813, 1734188574](8)" classname="apiTest.DDTest" time="1.356">
    <system-out><![CDATA[12:34:24.260 [main] INFO  apiTest.DDTest - *********************************************************************************************************************************************************
12:34:24.260 [main] INFO  apiTest.DDTest - Starting testUpdateUser with username: frank.anderson
HTTP/1.1 200 OK
Date: Thu, 10 Apr 2025 07:04:26 GMT
Content-Type: application/json
Transfer-Encoding: chunked
Connection: keep-alive
Access-Control-Allow-Origin: *
Access-Control-Allow-Methods: GET, POST, DELETE, PUT
Access-Control-Allow-Headers: Content-Type, api_key, Authorization
Server: Jetty(9.2.9.v20150224)

{
    "code": 200,
    "type": "unknown",
    "message": "8"
}
12:34:25.542 [main] INFO  apiTest.DDTest - Response: {"code":200,"type":"unknown","message":"8"}
]]></system-out>
  </testcase>
  <testcase name="testUpdateUser[9, jane.brown, Jane, Brown, jane.brown@example.com, JaBr@06984093, 1732480698](9)" classname="apiTest.DDTest" time="1.337">
    <system-out><![CDATA[12:34:25.616 [main] INFO  apiTest.DDTest - *********************************************************************************************************************************************************
12:34:25.616 [main] INFO  apiTest.DDTest - Starting testUpdateUser with username: jane.brown
HTTP/1.1 200 OK
Date: Thu, 10 Apr 2025 07:04:27 GMT
Content-Type: application/json
Transfer-Encoding: chunked
Connection: keep-alive
Access-Control-Allow-Origin: *
Access-Control-Allow-Methods: GET, POST, DELETE, PUT
Access-Control-Allow-Headers: Content-Type, api_key, Authorization
Server: Jetty(9.2.9.v20150224)

{
    "code": 200,
    "type": "unknown",
    "message": "9"
}
12:34:26.892 [main] INFO  apiTest.DDTest - Response: {"code":200,"type":"unknown","message":"9"}
]]></system-out>
  </testcase>
  <testcase name="testUpdateUser[10, jane.brown, Jane, Brown, jane.brown@example.com, JaBr&amp;26041099, 7453082604](10)" classname="apiTest.DDTest" time="1.369">
    <system-out><![CDATA[12:34:26.953 [main] INFO  apiTest.DDTest - *********************************************************************************************************************************************************
12:34:26.953 [main] INFO  apiTest.DDTest - Starting testUpdateUser with username: jane.brown
HTTP/1.1 200 OK
Date: Thu, 10 Apr 2025 07:04:29 GMT
Content-Type: application/json
Transfer-Encoding: chunked
Connection: keep-alive
Access-Control-Allow-Origin: *
Access-Control-Allow-Methods: GET, POST, DELETE, PUT
Access-Control-Allow-Headers: Content-Type, api_key, Authorization
Server: Jetty(9.2.9.v20150224)

{
    "code": 200,
    "type": "unknown",
    "message": "10"
}
12:34:28.248 [main] INFO  apiTest.DDTest - Response: {"code":200,"type":"unknown","message":"10"}
]]></system-out>
  </testcase>
  <testcase name="testUpdateUser[11, hank.anderson, Hank, Anderson, hank.anderson@example.com, HaAn!82265196, 8983648226](11)" classname="apiTest.DDTest" time="1.344">
    <system-out><![CDATA[12:34:28.322 [main] INFO  apiTest.DDTest - *********************************************************************************************************************************************************
12:34:28.322 [main] INFO  apiTest.DDTest - Starting testUpdateUser with username: hank.anderson
HTTP/1.1 200 OK
Date: Thu, 10 Apr 2025 07:04:30 GMT
Content-Type: application/json
Transfer-Encoding: chunked
Connection: keep-alive
Access-Control-Allow-Origin: *
Access-Control-Allow-Methods: GET, POST, DELETE, PUT
Access-Control-Allow-Headers: Content-Type, api_key, Authorization
Server: Jetty(9.2.9.v20150224)

{
    "code": 200,
    "type": "unknown",
    "message": "11"
}
12:34:29.608 [main] INFO  apiTest.DDTest - Response: {"code":200,"type":"unknown","message":"11"}
]]></system-out>
  </testcase>
  <testcase name="testUpdateUser[12, frank.moore, Frank, Moore, frank.moore@example.com, FrMo$61433140, 4176216143](12)" classname="apiTest.DDTest" time="1.362">
    <system-out><![CDATA[12:34:29.666 [main] INFO  apiTest.DDTest - *********************************************************************************************************************************************************
12:34:29.666 [main] INFO  apiTest.DDTest - Starting testUpdateUser with username: frank.moore
HTTP/1.1 200 OK
Date: Thu, 10 Apr 2025 07:04:31 GMT
Content-Type: application/json
Transfer-Encoding: chunked
Connection: keep-alive
Access-Control-Allow-Origin: *
Access-Control-Allow-Methods: GET, POST, DELETE, PUT
Access-Control-Allow-Headers: Content-Type, api_key, Authorization
Server: Jetty(9.2.9.v20150224)

{
    "code": 200,
    "type": "unknown",
    "message": "12"
}
12:34:30.966 [main] INFO  apiTest.DDTest - Response: {"code":200,"type":"unknown","message":"12"}
]]></system-out>
  </testcase>
  <testcase name="testUpdateUser[13, charlie.brown, Charlie, Brown, charlie.brown@example.com, ChBr&amp;15403140, 9782431540](13)" classname="apiTest.DDTest" time="1.329">
    <system-out><![CDATA[12:34:31.027 [main] INFO  apiTest.DDTest - *********************************************************************************************************************************************************
12:34:31.028 [main] INFO  apiTest.DDTest - Starting testUpdateUser with username: charlie.brown
HTTP/1.1 200 OK
Date: Thu, 10 Apr 2025 07:04:33 GMT
Content-Type: application/json
Transfer-Encoding: chunked
Connection: keep-alive
Access-Control-Allow-Origin: *
Access-Control-Allow-Methods: GET, POST, DELETE, PUT
Access-Control-Allow-Headers: Content-Type, api_key, Authorization
Server: Jetty(9.2.9.v20150224)

{
    "code": 200,
    "type": "unknown",
    "message": "13"
}
12:34:32.294 [main] INFO  apiTest.DDTest - Response: {"code":200,"type":"unknown","message":"13"}
]]></system-out>
  </testcase>
  <testcase name="testUpdateUser[14, bob.anderson, Bob, Anderson, bob.anderson@example.com, BoAn@61034008, 3861296103](14)" classname="apiTest.DDTest" time="1.373">
    <system-out><![CDATA[12:34:32.357 [main] INFO  apiTest.DDTest - *********************************************************************************************************************************************************
12:34:32.357 [main] INFO  apiTest.DDTest - Starting testUpdateUser with username: bob.anderson
HTTP/1.1 200 OK
Date: Thu, 10 Apr 2025 07:04:34 GMT
Content-Type: application/json
Transfer-Encoding: chunked
Connection: keep-alive
Access-Control-Allow-Origin: *
Access-Control-Allow-Methods: GET, POST, DELETE, PUT
Access-Control-Allow-Headers: Content-Type, api_key, Authorization
Server: Jetty(9.2.9.v20150224)

{
    "code": 200,
    "type": "unknown",
    "message": "14"
}
12:34:33.661 [main] INFO  apiTest.DDTest - Response: {"code":200,"type":"unknown","message":"14"}
]]></system-out>
  </testcase>
  <testcase name="testUpdateUser[15, jane.brown, Jane, Brown, jane.brown@example.com, JaBr!18489859, 6280941848](15)" classname="apiTest.DDTest" time="1.401">
    <system-out><![CDATA[12:34:33.731 [main] INFO  apiTest.DDTest - *********************************************************************************************************************************************************
12:34:33.731 [main] INFO  apiTest.DDTest - Starting testUpdateUser with username: jane.brown
HTTP/1.1 200 OK
Date: Thu, 10 Apr 2025 07:04:35 GMT
Content-Type: application/json
Transfer-Encoding: chunked
Connection: keep-alive
Access-Control-Allow-Origin: *
Access-Control-Allow-Methods: GET, POST, DELETE, PUT
Access-Control-Allow-Headers: Content-Type, api_key, Authorization
Server: Jetty(9.2.9.v20150224)

{
    "code": 200,
    "type": "unknown",
    "message": "15"
}
12:34:35.051 [main] INFO  apiTest.DDTest - Response: {"code":200,"type":"unknown","message":"15"}
]]></system-out>
  </testcase>
  <testcase name="testUpdateUser[16, mia.moore, Mia, Moore, mia.moore@example.com, MiMo^86683260, 5037278668](16)" classname="apiTest.DDTest" time="1.345">
    <system-out><![CDATA[12:34:35.133 [main] INFO  apiTest.DDTest - *********************************************************************************************************************************************************
12:34:35.133 [main] INFO  apiTest.DDTest - Starting testUpdateUser with username: mia.moore
HTTP/1.1 200 OK
Date: Thu, 10 Apr 2025 07:04:37 GMT
Content-Type: application/json
Transfer-Encoding: chunked
Connection: keep-alive
Access-Control-Allow-Origin: *
Access-Control-Allow-Methods: GET, POST, DELETE, PUT
Access-Control-Allow-Headers: Content-Type, api_key, Authorization
Server: Jetty(9.2.9.v20150224)

{
    "code": 200,
    "type": "unknown",
    "message": "16"
}
12:34:36.406 [main] INFO  apiTest.DDTest - Response: {"code":200,"type":"unknown","message":"16"}
]]></system-out>
  </testcase>
  <testcase name="testUpdateUser[17, nina.brown, Nina, Brown, nina.brown@example.com, NiBr^56299767, 2664435629](17)" classname="apiTest.DDTest" time="1.311">
    <system-out><![CDATA[12:34:36.478 [main] INFO  apiTest.DDTest - *********************************************************************************************************************************************************
12:34:36.478 [main] INFO  apiTest.DDTest - Starting testUpdateUser with username: nina.brown
HTTP/1.1 200 OK
Date: Thu, 10 Apr 2025 07:04:38 GMT
Content-Type: application/json
Transfer-Encoding: chunked
Connection: keep-alive
Access-Control-Allow-Origin: *
Access-Control-Allow-Methods: GET, POST, DELETE, PUT
Access-Control-Allow-Headers: Content-Type, api_key, Authorization
Server: Jetty(9.2.9.v20150224)

{
    "code": 200,
    "type": "unknown",
    "message": "17"
}
12:34:37.719 [main] INFO  apiTest.DDTest - Response: {"code":200,"type":"unknown","message":"17"}
]]></system-out>
  </testcase>
  <testcase name="testUpdateUser[18, jack.anderson, Jack, Anderson, jack.anderson@example.com, JaAn*90020642, 7249669002](18)" classname="apiTest.DDTest" time="1.394">
    <system-out><![CDATA[12:34:37.789 [main] INFO  apiTest.DDTest - *********************************************************************************************************************************************************
12:34:37.789 [main] INFO  apiTest.DDTest - Starting testUpdateUser with username: jack.anderson
HTTP/1.1 200 OK
Date: Thu, 10 Apr 2025 07:04:39 GMT
Content-Type: application/json
Transfer-Encoding: chunked
Connection: keep-alive
Access-Control-Allow-Origin: *
Access-Control-Allow-Methods: GET, POST, DELETE, PUT
Access-Control-Allow-Headers: Content-Type, api_key, Authorization
Server: Jetty(9.2.9.v20150224)

{
    "code": 200,
    "type": "unknown",
    "message": "18"
}
12:34:39.103 [main] INFO  apiTest.DDTest - Response: {"code":200,"type":"unknown","message":"18"}
]]></system-out>
  </testcase>
  <testcase name="testUpdateUser[19, kate.taylor, Kate, Taylor, kate.taylor@example.com, KaTa@52096988, 8831565209](19)" classname="apiTest.DDTest" time="1.353">
    <system-out><![CDATA[12:34:39.183 [main] INFO  apiTest.DDTest - *********************************************************************************************************************************************************
12:34:39.183 [main] INFO  apiTest.DDTest - Starting testUpdateUser with username: kate.taylor
HTTP/1.1 200 OK
Date: Thu, 10 Apr 2025 07:04:41 GMT
Content-Type: application/json
Transfer-Encoding: chunked
Connection: keep-alive
Access-Control-Allow-Origin: *
Access-Control-Allow-Methods: GET, POST, DELETE, PUT
Access-Control-Allow-Headers: Content-Type, api_key, Authorization
Server: Jetty(9.2.9.v20150224)

{
    "code": 200,
    "type": "unknown",
    "message": "19"
}
12:34:40.467 [main] INFO  apiTest.DDTest - Response: {"code":200,"type":"unknown","message":"19"}
]]></system-out>
  </testcase>
  <testcase name="testUpdateUser[20, hank.davis, Hank, Davis, hank.davis@example.com, HaDa^25226094, 8511062522](20)" classname="apiTest.DDTest" time="1.363">
    <system-out><![CDATA[12:34:40.536 [main] INFO  apiTest.DDTest - *********************************************************************************************************************************************************
12:34:40.536 [main] INFO  apiTest.DDTest - Starting testUpdateUser with username: hank.davis
HTTP/1.1 200 OK
Date: Thu, 10 Apr 2025 07:04:42 GMT
Content-Type: application/json
Transfer-Encoding: chunked
Connection: keep-alive
Access-Control-Allow-Origin: *
Access-Control-Allow-Methods: GET, POST, DELETE, PUT
Access-Control-Allow-Headers: Content-Type, api_key, Authorization
Server: Jetty(9.2.9.v20150224)

{
    "code": 200,
    "type": "unknown",
    "message": "20"
}
12:34:41.829 [main] INFO  apiTest.DDTest - Response: {"code":200,"type":"unknown","message":"20"}
]]></system-out>
  </testcase>
  <testcase name="testUpdateUser[21, charlie.wilson, Charlie, Wilson, charlie.wilson@example.com, ChWi$09643776, 2239740964](21)" classname="apiTest.DDTest" time="1.374">
    <system-out><![CDATA[12:34:41.899 [main] INFO  apiTest.DDTest - *********************************************************************************************************************************************************
12:34:41.899 [main] INFO  apiTest.DDTest - Starting testUpdateUser with username: charlie.wilson
HTTP/1.1 200 OK
Date: Thu, 10 Apr 2025 07:04:43 GMT
Content-Type: application/json
Transfer-Encoding: chunked
Connection: keep-alive
Access-Control-Allow-Origin: *
Access-Control-Allow-Methods: GET, POST, DELETE, PUT
Access-Control-Allow-Headers: Content-Type, api_key, Authorization
Server: Jetty(9.2.9.v20150224)

{
    "code": 200,
    "type": "unknown",
    "message": "21"
}
12:34:43.203 [main] INFO  apiTest.DDTest - Response: {"code":200,"type":"unknown","message":"21"}
]]></system-out>
  </testcase>
  <testcase name="testUpdateUser[22, charlie.doe, Charlie, Doe, charlie.doe@example.com, ChDo!79489855, 7935167948](22)" classname="apiTest.DDTest" time="1.36">
    <system-out><![CDATA[12:34:43.273 [main] INFO  apiTest.DDTest - *********************************************************************************************************************************************************
12:34:43.273 [main] INFO  apiTest.DDTest - Starting testUpdateUser with username: charlie.doe
HTTP/1.1 200 OK
Date: Thu, 10 Apr 2025 07:04:45 GMT
Content-Type: application/json
Transfer-Encoding: chunked
Connection: keep-alive
Access-Control-Allow-Origin: *
Access-Control-Allow-Methods: GET, POST, DELETE, PUT
Access-Control-Allow-Headers: Content-Type, api_key, Authorization
Server: Jetty(9.2.9.v20150224)

{
    "code": 200,
    "type": "unknown",
    "message": "22"
}
12:34:44.575 [main] INFO  apiTest.DDTest - Response: {"code":200,"type":"unknown","message":"22"}
]]></system-out>
  </testcase>
  <testcase name="testUpdateUser[23, mia.wilson, Mia, Wilson, mia.wilson@example.com, MiWi#73648720, 2354947364](23)" classname="apiTest.DDTest" time="1.381">
    <system-out><![CDATA[12:34:44.633 [main] INFO  apiTest.DDTest - *********************************************************************************************************************************************************
12:34:44.633 [main] INFO  apiTest.DDTest - Starting testUpdateUser with username: mia.wilson
HTTP/1.1 200 OK
Date: Thu, 10 Apr 2025 07:04:46 GMT
Content-Type: application/json
Transfer-Encoding: chunked
Connection: keep-alive
Access-Control-Allow-Origin: *
Access-Control-Allow-Methods: GET, POST, DELETE, PUT
Access-Control-Allow-Headers: Content-Type, api_key, Authorization
Server: Jetty(9.2.9.v20150224)

{
    "code": 200,
    "type": "unknown",
    "message": "23"
}
12:34:45.925 [main] INFO  apiTest.DDTest - Response: {"code":200,"type":"unknown","message":"23"}
]]></system-out>
  </testcase>
  <testcase name="testUpdateUser[24, kate.johnson, Kate, Johnson, kate.johnson@example.com, KaJo^51989834, 8420475198](24)" classname="apiTest.DDTest" time="1.407">
    <system-out><![CDATA[12:34:46.014 [main] INFO  apiTest.DDTest - *********************************************************************************************************************************************************
12:34:46.015 [main] INFO  apiTest.DDTest - Starting testUpdateUser with username: kate.johnson
HTTP/1.1 200 OK
Date: Thu, 10 Apr 2025 07:04:48 GMT
Content-Type: application/json
Transfer-Encoding: chunked
Connection: keep-alive
Access-Control-Allow-Origin: *
Access-Control-Allow-Methods: GET, POST, DELETE, PUT
Access-Control-Allow-Headers: Content-Type, api_key, Authorization
Server: Jetty(9.2.9.v20150224)

{
    "code": 200,
    "type": "unknown",
    "message": "24"
}
12:34:47.329 [main] INFO  apiTest.DDTest - Response: {"code":200,"type":"unknown","message":"24"}
]]></system-out>
  </testcase>
  <testcase name="testUpdateUser[25, grace.doe, Grace, Doe, grace.doe@example.com, GrDo&amp;38455355, 4890543845](25)" classname="apiTest.DDTest" time="1.376">
    <system-out><![CDATA[12:34:47.423 [main] INFO  apiTest.DDTest - *********************************************************************************************************************************************************
12:34:47.423 [main] INFO  apiTest.DDTest - Starting testUpdateUser with username: grace.doe
HTTP/1.1 200 OK
Date: Thu, 10 Apr 2025 07:04:49 GMT
Content-Type: application/json
Transfer-Encoding: chunked
Connection: keep-alive
Access-Control-Allow-Origin: *
Access-Control-Allow-Methods: GET, POST, DELETE, PUT
Access-Control-Allow-Headers: Content-Type, api_key, Authorization
Server: Jetty(9.2.9.v20150224)

{
    "code": 200,
    "type": "unknown",
    "message": "25"
}
12:34:48.711 [main] INFO  apiTest.DDTest - Response: {"code":200,"type":"unknown","message":"25"}
]]></system-out>
  </testcase>
  <testcase name="testUpdateUser[26, jane.miller, Jane, Miller, jane.miller@example.com, JaMi*02947217, 7070830294](26)" classname="apiTest.DDTest" time="1.384">
    <system-out><![CDATA[12:34:48.799 [main] INFO  apiTest.DDTest - *********************************************************************************************************************************************************
12:34:48.799 [main] INFO  apiTest.DDTest - Starting testUpdateUser with username: jane.miller
HTTP/1.1 200 OK
Date: Thu, 10 Apr 2025 07:04:50 GMT
Content-Type: application/json
Transfer-Encoding: chunked
Connection: keep-alive
Access-Control-Allow-Origin: *
Access-Control-Allow-Methods: GET, POST, DELETE, PUT
Access-Control-Allow-Headers: Content-Type, api_key, Authorization
Server: Jetty(9.2.9.v20150224)

{
    "code": 200,
    "type": "unknown",
    "message": "26"
}
12:34:50.106 [main] INFO  apiTest.DDTest - Response: {"code":200,"type":"unknown","message":"26"}
]]></system-out>
  </testcase>
  <testcase name="testUpdateUser[27, grace.brown, Grace, Brown, grace.brown@example.com, GrBr@21783401, 6061752178](27)" classname="apiTest.DDTest" time="1.385">
    <system-out><![CDATA[12:34:50.183 [main] INFO  apiTest.DDTest - *********************************************************************************************************************************************************
12:34:50.183 [main] INFO  apiTest.DDTest - Starting testUpdateUser with username: grace.brown
HTTP/1.1 200 OK
Date: Thu, 10 Apr 2025 07:04:52 GMT
Content-Type: application/json
Transfer-Encoding: chunked
Connection: keep-alive
Access-Control-Allow-Origin: *
Access-Control-Allow-Methods: GET, POST, DELETE, PUT
Access-Control-Allow-Headers: Content-Type, api_key, Authorization
Server: Jetty(9.2.9.v20150224)

{
    "code": 200,
    "type": "unknown",
    "message": "27"
}
12:34:51.473 [main] INFO  apiTest.DDTest - Response: {"code":200,"type":"unknown","message":"27"}
]]></system-out>
  </testcase>
  <testcase name="testUpdateUser[28, frank.johnson, Frank, Johnson, frank.johnson@example.com, FrJo^17359324, 9309561735](28)" classname="apiTest.DDTest" time="1.388">
    <system-out><![CDATA[12:34:51.569 [main] INFO  apiTest.DDTest - *********************************************************************************************************************************************************
12:34:51.569 [main] INFO  apiTest.DDTest - Starting testUpdateUser with username: frank.johnson
HTTP/1.1 200 OK
Date: Thu, 10 Apr 2025 07:04:53 GMT
Content-Type: application/json
Transfer-Encoding: chunked
Connection: keep-alive
Access-Control-Allow-Origin: *
Access-Control-Allow-Methods: GET, POST, DELETE, PUT
Access-Control-Allow-Headers: Content-Type, api_key, Authorization
Server: Jetty(9.2.9.v20150224)

{
    "code": 200,
    "type": "unknown",
    "message": "28"
}
12:34:52.876 [main] INFO  apiTest.DDTest - Response: {"code":200,"type":"unknown","message":"28"}
]]></system-out>
  </testcase>
  <testcase name="testUpdateUser[29, bob.taylor, Bob, Taylor, bob.taylor@example.com, BoTa%79552441, 7237237955](29)" classname="apiTest.DDTest" time="1.375">
    <system-out><![CDATA[12:34:52.958 [main] INFO  apiTest.DDTest - *********************************************************************************************************************************************************
12:34:52.958 [main] INFO  apiTest.DDTest - Starting testUpdateUser with username: bob.taylor
HTTP/1.1 200 OK
Date: Thu, 10 Apr 2025 07:04:55 GMT
Content-Type: application/json
Transfer-Encoding: chunked
Connection: keep-alive
Access-Control-Allow-Origin: *
Access-Control-Allow-Methods: GET, POST, DELETE, PUT
Access-Control-Allow-Headers: Content-Type, api_key, Authorization
Server: Jetty(9.2.9.v20150224)

{
    "code": 200,
    "type": "unknown",
    "message": "29"
}
12:34:54.266 [main] INFO  apiTest.DDTest - Response: {"code":200,"type":"unknown","message":"29"}
]]></system-out>
  </testcase>
  <testcase name="testUpdateUser[30, jack.johnson, Jack, Johnson, jack.johnson@example.com, JaJo!00702951, 2779720070](30)" classname="apiTest.DDTest" time="1.381">
    <system-out><![CDATA[12:34:54.334 [main] INFO  apiTest.DDTest - *********************************************************************************************************************************************************
12:34:54.334 [main] INFO  apiTest.DDTest - Starting testUpdateUser with username: jack.johnson
HTTP/1.1 200 OK
Date: Thu, 10 Apr 2025 07:04:56 GMT
Content-Type: application/json
Transfer-Encoding: chunked
Connection: keep-alive
Access-Control-Allow-Origin: *
Access-Control-Allow-Methods: GET, POST, DELETE, PUT
Access-Control-Allow-Headers: Content-Type, api_key, Authorization
Server: Jetty(9.2.9.v20150224)

{
    "code": 200,
    "type": "unknown",
    "message": "30"
}
12:34:55.640 [main] INFO  apiTest.DDTest - Response: {"code":200,"type":"unknown","message":"30"}
]]></system-out>
  </testcase>
  <testcase name="testUpdateUser[31, alice.taylor, Alice, Taylor, alice.taylor@example.com, AlTa$48730554, 8345334873](31)" classname="apiTest.DDTest" time="1.36">
    <system-out><![CDATA[12:34:55.716 [main] INFO  apiTest.DDTest - *********************************************************************************************************************************************************
12:34:55.716 [main] INFO  apiTest.DDTest - Starting testUpdateUser with username: alice.taylor
HTTP/1.1 200 OK
Date: Thu, 10 Apr 2025 07:04:57 GMT
Content-Type: application/json
Transfer-Encoding: chunked
Connection: keep-alive
Access-Control-Allow-Origin: *
Access-Control-Allow-Methods: GET, POST, DELETE, PUT
Access-Control-Allow-Headers: Content-Type, api_key, Authorization
Server: Jetty(9.2.9.v20150224)

{
    "code": 200,
    "type": "unknown",
    "message": "31"
}
12:34:57.013 [main] INFO  apiTest.DDTest - Response: {"code":200,"type":"unknown","message":"31"}
]]></system-out>
  </testcase>
  <testcase name="testUpdateUser[32, ivy.miller, Ivy, Miller, ivy.miller@example.com, IvMi!47076691, 7238264707](32)" classname="apiTest.DDTest" time="1.416">
    <system-out><![CDATA[12:34:57.076 [main] INFO  apiTest.DDTest - *********************************************************************************************************************************************************
12:34:57.076 [main] INFO  apiTest.DDTest - Starting testUpdateUser with username: ivy.miller
HTTP/1.1 200 OK
Date: Thu, 10 Apr 2025 07:04:59 GMT
Content-Type: application/json
Transfer-Encoding: chunked
Connection: keep-alive
Access-Control-Allow-Origin: *
Access-Control-Allow-Methods: GET, POST, DELETE, PUT
Access-Control-Allow-Headers: Content-Type, api_key, Authorization
Server: Jetty(9.2.9.v20150224)

{
    "code": 200,
    "type": "unknown",
    "message": "32"
}
12:34:58.413 [main] INFO  apiTest.DDTest - Response: {"code":200,"type":"unknown","message":"32"}
]]></system-out>
  </testcase>
  <testcase name="testUpdateUser[33, leo.anderson, Leo, Anderson, leo.anderson@example.com, LeAn$46992105, 7548814699](33)" classname="apiTest.DDTest" time="1.376">
    <system-out><![CDATA[12:34:58.492 [main] INFO  apiTest.DDTest - *********************************************************************************************************************************************************
12:34:58.492 [main] INFO  apiTest.DDTest - Starting testUpdateUser with username: leo.anderson
HTTP/1.1 200 OK
Date: Thu, 10 Apr 2025 07:05:00 GMT
Content-Type: application/json
Transfer-Encoding: chunked
Connection: keep-alive
Access-Control-Allow-Origin: *
Access-Control-Allow-Methods: GET, POST, DELETE, PUT
Access-Control-Allow-Headers: Content-Type, api_key, Authorization
Server: Jetty(9.2.9.v20150224)

{
    "code": 200,
    "type": "unknown",
    "message": "33"
}
12:34:59.788 [main] INFO  apiTest.DDTest - Response: {"code":200,"type":"unknown","message":"33"}
]]></system-out>
  </testcase>
  <testcase name="testUpdateUser[34, jane.davis, Jane, Davis, jane.davis@example.com, JaDa@18886588, 2854311888](34)" classname="apiTest.DDTest" time="1.392">
    <system-out><![CDATA[12:34:59.869 [main] INFO  apiTest.DDTest - *********************************************************************************************************************************************************
12:34:59.869 [main] INFO  apiTest.DDTest - Starting testUpdateUser with username: jane.davis
HTTP/1.1 200 OK
Date: Thu, 10 Apr 2025 07:05:01 GMT
Content-Type: application/json
Transfer-Encoding: chunked
Connection: keep-alive
Access-Control-Allow-Origin: *
Access-Control-Allow-Methods: GET, POST, DELETE, PUT
Access-Control-Allow-Headers: Content-Type, api_key, Authorization
Server: Jetty(9.2.9.v20150224)

{
    "code": 200,
    "type": "unknown",
    "message": "34"
}
12:35:01.189 [main] INFO  apiTest.DDTest - Response: {"code":200,"type":"unknown","message":"34"}
]]></system-out>
  </testcase>
  <testcase name="testUpdateUser[35, leo.moore, Leo, Moore, leo.moore@example.com, LeMo#27500816, 4665172750](35)" classname="apiTest.DDTest" time="1.364">
    <system-out><![CDATA[12:35:01.262 [main] INFO  apiTest.DDTest - *********************************************************************************************************************************************************
12:35:01.262 [main] INFO  apiTest.DDTest - Starting testUpdateUser with username: leo.moore
HTTP/1.1 200 OK
Date: Thu, 10 Apr 2025 07:05:03 GMT
Content-Type: application/json
Transfer-Encoding: chunked
Connection: keep-alive
Access-Control-Allow-Origin: *
Access-Control-Allow-Methods: GET, POST, DELETE, PUT
Access-Control-Allow-Headers: Content-Type, api_key, Authorization
Server: Jetty(9.2.9.v20150224)

{
    "code": 200,
    "type": "unknown",
    "message": "35"
}
12:35:02.550 [main] INFO  apiTest.DDTest - Response: {"code":200,"type":"unknown","message":"35"}
]]></system-out>
  </testcase>
  <testcase name="testUpdateUser[36, grace.johnson, Grace, Johnson, grace.johnson@example.com, GrJo&amp;71116631, 6311367111](36)" classname="apiTest.DDTest" time="1.375">
    <system-out><![CDATA[12:35:02.626 [main] INFO  apiTest.DDTest - *********************************************************************************************************************************************************
12:35:02.626 [main] INFO  apiTest.DDTest - Starting testUpdateUser with username: grace.johnson
HTTP/1.1 200 OK
Date: Thu, 10 Apr 2025 07:05:04 GMT
Content-Type: application/json
Transfer-Encoding: chunked
Connection: keep-alive
Access-Control-Allow-Origin: *
Access-Control-Allow-Methods: GET, POST, DELETE, PUT
Access-Control-Allow-Headers: Content-Type, api_key, Authorization
Server: Jetty(9.2.9.v20150224)

{
    "code": 200,
    "type": "unknown",
    "message": "36"
}
12:35:03.942 [main] INFO  apiTest.DDTest - Response: {"code":200,"type":"unknown","message":"36"}
]]></system-out>
  </testcase>
  <testcase name="testUpdateUser[37, frank.taylor, Frank, Taylor, frank.taylor@example.com, FrTa&amp;21527595, 7884542152](37)" classname="apiTest.DDTest" time="1.389">
    <system-out><![CDATA[12:35:04.003 [main] INFO  apiTest.DDTest - *********************************************************************************************************************************************************
12:35:04.003 [main] INFO  apiTest.DDTest - Starting testUpdateUser with username: frank.taylor
HTTP/1.1 200 OK
Date: Thu, 10 Apr 2025 07:05:06 GMT
Content-Type: application/json
Transfer-Encoding: chunked
Connection: keep-alive
Access-Control-Allow-Origin: *
Access-Control-Allow-Methods: GET, POST, DELETE, PUT
Access-Control-Allow-Headers: Content-Type, api_key, Authorization
Server: Jetty(9.2.9.v20150224)

{
    "code": 200,
    "type": "unknown",
    "message": "37"
}
12:35:05.333 [main] INFO  apiTest.DDTest - Response: {"code":200,"type":"unknown","message":"37"}
]]></system-out>
  </testcase>
  <testcase name="testUpdateUser[38, ivy.smith, Ivy, Smith, ivy.smith@example.com, IvSm!80036074, 3759188003](38)" classname="apiTest.DDTest" time="1.35">
    <system-out><![CDATA[12:35:05.393 [main] INFO  apiTest.DDTest - *********************************************************************************************************************************************************
12:35:05.393 [main] INFO  apiTest.DDTest - Starting testUpdateUser with username: ivy.smith
HTTP/1.1 200 OK
Date: Thu, 10 Apr 2025 07:05:07 GMT
Content-Type: application/json
Transfer-Encoding: chunked
Connection: keep-alive
Access-Control-Allow-Origin: *
Access-Control-Allow-Methods: GET, POST, DELETE, PUT
Access-Control-Allow-Headers: Content-Type, api_key, Authorization
Server: Jetty(9.2.9.v20150224)

{
    "code": 200,
    "type": "unknown",
    "message": "38"
}
12:35:06.679 [main] INFO  apiTest.DDTest - Response: {"code":200,"type":"unknown","message":"38"}
]]></system-out>
  </testcase>
  <testcase name="testUpdateUser[39, jane.davis, Jane, Davis, jane.davis@example.com, JaDa*87746172, 7081118774](39)" classname="apiTest.DDTest" time="1.362">
    <system-out><![CDATA[12:35:06.743 [main] INFO  apiTest.DDTest - *********************************************************************************************************************************************************
12:35:06.743 [main] INFO  apiTest.DDTest - Starting testUpdateUser with username: jane.davis
HTTP/1.1 200 OK
Date: Thu, 10 Apr 2025 07:05:08 GMT
Content-Type: application/json
Transfer-Encoding: chunked
Connection: keep-alive
Access-Control-Allow-Origin: *
Access-Control-Allow-Methods: GET, POST, DELETE, PUT
Access-Control-Allow-Headers: Content-Type, api_key, Authorization
Server: Jetty(9.2.9.v20150224)

{
    "code": 200,
    "type": "unknown",
    "message": "39"
}
12:35:08.019 [main] INFO  apiTest.DDTest - Response: {"code":200,"type":"unknown","message":"39"}
]]></system-out>
  </testcase>
  <testcase name="testUpdateUser[40, nina.taylor, Nina, Taylor, nina.taylor@example.com, NiTa*86390625, 2140298639](40)" classname="apiTest.DDTest" time="1.425">
    <system-out><![CDATA[12:35:08.105 [main] INFO  apiTest.DDTest - *********************************************************************************************************************************************************
12:35:08.105 [main] INFO  apiTest.DDTest - Starting testUpdateUser with username: nina.taylor
HTTP/1.1 200 OK
Date: Thu, 10 Apr 2025 07:05:10 GMT
Content-Type: application/json
Transfer-Encoding: chunked
Connection: keep-alive
Access-Control-Allow-Origin: *
Access-Control-Allow-Methods: GET, POST, DELETE, PUT
Access-Control-Allow-Headers: Content-Type, api_key, Authorization
Server: Jetty(9.2.9.v20150224)

{
    "code": 200,
    "type": "unknown",
    "message": "40"
}
12:35:09.461 [main] INFO  apiTest.DDTest - Response: {"code":200,"type":"unknown","message":"40"}
]]></system-out>
  </testcase>
  <testcase name="testPostPet[1, /petImage/image1.jpg, pet image 1](1)" classname="apiTest.DDTest" time="1.65">
    <system-out><![CDATA[12:35:10.040 [main] INFO  apiTest.DDTest - *********************************************************************************************************************************************************
12:35:10.040 [main] INFO  apiTest.DDTest - Starting testPostPet with petID: 1
HTTP/1.1 200 OK
Date: Thu, 10 Apr 2025 07:05:12 GMT
Content-Type: application/json
Transfer-Encoding: chunked
Connection: keep-alive
Access-Control-Allow-Origin: *
Access-Control-Allow-Methods: GET, POST, DELETE, PUT
Access-Control-Allow-Headers: Content-Type, api_key, Authorization
Server: Jetty(9.2.9.v20150224)

{
    "code": 200,
    "type": "unknown",
    "message": "additionalMetadata: pet image 1\nFile uploaded to ./image1.jpg, 18377 bytes"
}
12:35:11.671 [main] INFO  apiTest.DDTest - Response: {"code":200,"type":"unknown","message":"additionalMetadata: pet image 1\nFile uploaded to ./image1.jpg, 18377 bytes"}
]]></system-out>
  </testcase>
  <testcase name="testPostPet[2, /petImage/image2.jpg, pet image 2](2)" classname="apiTest.DDTest" time="1.523">
    <system-out><![CDATA[12:35:11.688 [main] INFO  apiTest.DDTest - *********************************************************************************************************************************************************
12:35:11.688 [main] INFO  apiTest.DDTest - Starting testPostPet with petID: 2
HTTP/1.1 200 OK
Date: Thu, 10 Apr 2025 07:05:13 GMT
Content-Type: application/json
Transfer-Encoding: chunked
Connection: keep-alive
Access-Control-Allow-Origin: *
Access-Control-Allow-Methods: GET, POST, DELETE, PUT
Access-Control-Allow-Headers: Content-Type, api_key, Authorization
Server: Jetty(9.2.9.v20150224)

{
    "code": 200,
    "type": "unknown",
    "message": "additionalMetadata: pet image 2\nFile uploaded to ./image2.jpg, 17705 bytes"
}
12:35:13.203 [main] INFO  apiTest.DDTest - Response: {"code":200,"type":"unknown","message":"additionalMetadata: pet image 2\nFile uploaded to ./image2.jpg, 17705 bytes"}
]]></system-out>
  </testcase>
  <testcase name="testPostPet[3, /petImage/image3.jpg, pet image 3](3)" classname="apiTest.DDTest" time="1.515">
    <system-out><![CDATA[12:35:13.211 [main] INFO  apiTest.DDTest - *********************************************************************************************************************************************************
12:35:13.211 [main] INFO  apiTest.DDTest - Starting testPostPet with petID: 3
HTTP/1.1 200 OK
Date: Thu, 10 Apr 2025 07:05:15 GMT
Content-Type: application/json
Transfer-Encoding: chunked
Connection: keep-alive
Access-Control-Allow-Origin: *
Access-Control-Allow-Methods: GET, POST, DELETE, PUT
Access-Control-Allow-Headers: Content-Type, api_key, Authorization
Server: Jetty(9.2.9.v20150224)

{
    "code": 200,
    "type": "unknown",
    "message": "additionalMetadata: pet image 3\nFile uploaded to ./image3.jpg, 18034 bytes"
}
12:35:14.713 [main] INFO  apiTest.DDTest - Response: {"code":200,"type":"unknown","message":"additionalMetadata: pet image 3\nFile uploaded to ./image3.jpg, 18034 bytes"}
]]></system-out>
  </testcase>
  <testcase name="testPostPet[4, /petImage/image4.jpg, pet image 4](4)" classname="apiTest.DDTest" time="1.565">
    <system-out><![CDATA[12:35:14.726 [main] INFO  apiTest.DDTest - *********************************************************************************************************************************************************
12:35:14.727 [main] INFO  apiTest.DDTest - Starting testPostPet with petID: 4
HTTP/1.1 200 OK
Date: Thu, 10 Apr 2025 07:05:17 GMT
Content-Type: application/json
Transfer-Encoding: chunked
Connection: keep-alive
Access-Control-Allow-Origin: *
Access-Control-Allow-Methods: GET, POST, DELETE, PUT
Access-Control-Allow-Headers: Content-Type, api_key, Authorization
Server: Jetty(9.2.9.v20150224)

{
    "code": 200,
    "type": "unknown",
    "message": "additionalMetadata: pet image 4\nFile uploaded to ./image4.jpg, 30072 bytes"
}
12:35:16.282 [main] INFO  apiTest.DDTest - Response: {"code":200,"type":"unknown","message":"additionalMetadata: pet image 4\nFile uploaded to ./image4.jpg, 30072 bytes"}
]]></system-out>
  </testcase>
  <testcase name="testPostPet[5, /petImage/image5.jpg, pet image 5](5)" classname="apiTest.DDTest" time="1.512">
    <system-out><![CDATA[12:35:16.292 [main] INFO  apiTest.DDTest - *********************************************************************************************************************************************************
12:35:16.292 [main] INFO  apiTest.DDTest - Starting testPostPet with petID: 5
HTTP/1.1 200 OK
Date: Thu, 10 Apr 2025 07:05:18 GMT
Content-Type: application/json
Transfer-Encoding: chunked
Connection: keep-alive
Access-Control-Allow-Origin: *
Access-Control-Allow-Methods: GET, POST, DELETE, PUT
Access-Control-Allow-Headers: Content-Type, api_key, Authorization
Server: Jetty(9.2.9.v20150224)

{
    "code": 200,
    "type": "unknown",
    "message": "additionalMetadata: pet image 5\nFile uploaded to ./image5.jpg, 20548 bytes"
}
12:35:17.790 [main] INFO  apiTest.DDTest - Response: {"code":200,"type":"unknown","message":"additionalMetadata: pet image 5\nFile uploaded to ./image5.jpg, 20548 bytes"}
]]></system-out>
  </testcase>
  <testcase name="testPostPet[6, /petImage/image6.jpg, pet image 6](6)" classname="apiTest.DDTest" time="1.632">
    <system-out><![CDATA[12:35:17.805 [main] INFO  apiTest.DDTest - *********************************************************************************************************************************************************
12:35:17.805 [main] INFO  apiTest.DDTest - Starting testPostPet with petID: 6
HTTP/1.1 200 OK
Date: Thu, 10 Apr 2025 07:05:20 GMT
Content-Type: application/json
Transfer-Encoding: chunked
Connection: keep-alive
Access-Control-Allow-Origin: *
Access-Control-Allow-Methods: GET, POST, DELETE, PUT
Access-Control-Allow-Headers: Content-Type, api_key, Authorization
Server: Jetty(9.2.9.v20150224)

{
    "code": 200,
    "type": "unknown",
    "message": "additionalMetadata: pet image 6\nFile uploaded to ./image6.jpg, 13099 bytes"
}
12:35:19.428 [main] INFO  apiTest.DDTest - Response: {"code":200,"type":"unknown","message":"additionalMetadata: pet image 6\nFile uploaded to ./image6.jpg, 13099 bytes"}
]]></system-out>
  </testcase>
  <testcase name="testPostPet[7, /petImage/image7.jpg, pet image 7](7)" classname="apiTest.DDTest" time="1.61">
    <system-out><![CDATA[12:35:19.436 [main] INFO  apiTest.DDTest - *********************************************************************************************************************************************************
12:35:19.436 [main] INFO  apiTest.DDTest - Starting testPostPet with petID: 7
HTTP/1.1 200 OK
Date: Thu, 10 Apr 2025 07:05:21 GMT
Content-Type: application/json
Transfer-Encoding: chunked
Connection: keep-alive
Access-Control-Allow-Origin: *
Access-Control-Allow-Methods: GET, POST, DELETE, PUT
Access-Control-Allow-Headers: Content-Type, api_key, Authorization
Server: Jetty(9.2.9.v20150224)

{
    "code": 200,
    "type": "unknown",
    "message": "additionalMetadata: pet image 7\nFile uploaded to ./image7.jpg, 12241 bytes"
}
12:35:21.038 [main] INFO  apiTest.DDTest - Response: {"code":200,"type":"unknown","message":"additionalMetadata: pet image 7\nFile uploaded to ./image7.jpg, 12241 bytes"}
]]></system-out>
  </testcase>
  <testcase name="testPostPet[8, /petImage/image8.jpg, pet image 8](8)" classname="apiTest.DDTest" time="1.578">
    <system-out><![CDATA[12:35:21.044 [main] INFO  apiTest.DDTest - *********************************************************************************************************************************************************
12:35:21.047 [main] INFO  apiTest.DDTest - Starting testPostPet with petID: 8
HTTP/1.1 200 OK
Date: Thu, 10 Apr 2025 07:05:23 GMT
Content-Type: application/json
Transfer-Encoding: chunked
Connection: keep-alive
Access-Control-Allow-Origin: *
Access-Control-Allow-Methods: GET, POST, DELETE, PUT
Access-Control-Allow-Headers: Content-Type, api_key, Authorization
Server: Jetty(9.2.9.v20150224)

{
    "code": 200,
    "type": "unknown",
    "message": "additionalMetadata: pet image 8\nFile uploaded to ./image8.jpg, 21780 bytes"
}
12:35:22.617 [main] INFO  apiTest.DDTest - Response: {"code":200,"type":"unknown","message":"additionalMetadata: pet image 8\nFile uploaded to ./image8.jpg, 21780 bytes"}
]]></system-out>
  </testcase>
  <testcase name="testPostPet[9, /petImage/image9.jpg, pet image 9](9)" classname="apiTest.DDTest" time="1.336">
    <system-out><![CDATA[12:35:22.626 [main] INFO  apiTest.DDTest - *********************************************************************************************************************************************************
12:35:22.636 [main] INFO  apiTest.DDTest - Starting testPostPet with petID: 9
HTTP/1.1 200 OK
Date: Thu, 10 Apr 2025 07:05:24 GMT
Content-Type: application/json
Transfer-Encoding: chunked
Connection: keep-alive
Access-Control-Allow-Origin: *
Access-Control-Allow-Methods: GET, POST, DELETE, PUT
Access-Control-Allow-Headers: Content-Type, api_key, Authorization
Server: Jetty(9.2.9.v20150224)

{
    "code": 200,
    "type": "unknown",
    "message": "additionalMetadata: pet image 9\nFile uploaded to ./image9.jpg, 7957 bytes"
}
12:35:23.951 [main] INFO  apiTest.DDTest - Response: {"code":200,"type":"unknown","message":"additionalMetadata: pet image 9\nFile uploaded to ./image9.jpg, 7957 bytes"}
]]></system-out>
  </testcase>
  <testcase name="testPostPet[10, /petImage/image10.jpg, pet image 10](10)" classname="apiTest.DDTest" time="1.573">
    <system-out><![CDATA[12:35:23.962 [main] INFO  apiTest.DDTest - *********************************************************************************************************************************************************
12:35:23.962 [main] INFO  apiTest.DDTest - Starting testPostPet with petID: 10
HTTP/1.1 200 OK
Date: Thu, 10 Apr 2025 07:05:26 GMT
Content-Type: application/json
Transfer-Encoding: chunked
Connection: keep-alive
Access-Control-Allow-Origin: *
Access-Control-Allow-Methods: GET, POST, DELETE, PUT
Access-Control-Allow-Headers: Content-Type, api_key, Authorization
Server: Jetty(9.2.9.v20150224)

{
    "code": 200,
    "type": "unknown",
    "message": "additionalMetadata: pet image 10\nFile uploaded to ./image10.jpg, 24837 bytes"
}
12:35:25.529 [main] INFO  apiTest.DDTest - Response: {"code":200,"type":"unknown","message":"additionalMetadata: pet image 10\nFile uploaded to ./image10.jpg, 24837 bytes"}
]]></system-out>
  </testcase>
  <testcase name="getPetDetails[1](1)" classname="apiTest.DDTest" time="1.271">
    <system-out><![CDATA[12:35:25.693 [main] INFO  apiTest.DDTest - *********************************************************************************************************************************************************
12:35:25.694 [main] INFO  apiTest.DDTest - Starting getPetDetails with petID: 1
HTTP/1.1 200 OK
Date: Thu, 10 Apr 2025 07:05:27 GMT
Content-Type: application/json
Transfer-Encoding: chunked
Connection: keep-alive
Access-Control-Allow-Origin: *
Access-Control-Allow-Methods: GET, POST, DELETE, PUT
Access-Control-Allow-Headers: Content-Type, api_key, Authorization
Server: Jetty(9.2.9.v20150224)

{
    "id": 1,
    "category": {
        "id": 0,
        "name": "Maria"
    },
    "name": "doggie",
    "photoUrls": [
        "string"
    ],
    "tags": [
        {
            "id": 20,
            "name": "string"
        },
        {
            "id": 30,
            "name": "string"
        }
    ],
    "status": "available"
}
12:35:26.964 [main] INFO  apiTest.DDTest - Response: {"id":1,"category":{"id":0,"name":"Maria"},"name":"doggie","photoUrls":["string"],"tags":[{"id":20,"name":"string"},{"id":30,"name":"string"}],"status":"available"}
]]></system-out>
  </testcase>
  <testcase name="getPetDetails[2](2)" classname="apiTest.DDTest" time="1.315">
    <system-out><![CDATA[12:35:26.964 [main] INFO  apiTest.DDTest - *********************************************************************************************************************************************************
12:35:26.964 [main] INFO  apiTest.DDTest - Starting getPetDetails with petID: 2
HTTP/1.1 200 OK
Date: Thu, 10 Apr 2025 07:05:29 GMT
Content-Type: application/json
Transfer-Encoding: chunked
Connection: keep-alive
Access-Control-Allow-Origin: *
Access-Control-Allow-Methods: GET, POST, DELETE, PUT
Access-Control-Allow-Headers: Content-Type, api_key, Authorization
Server: Jetty(9.2.9.v20150224)

{
    "id": 2,
    "name": "aaaaaaaaaaaaaaaaaaaaaaaaaaaaaaaaaaaaaaaaaaaaaaaaaaaaaaaaaaaaaaaaaaaaaaaaaaaaaaaaaaaaaaaaaaaaaaaaaaaaaaaaaaaaaaaaaaaaaaaaaaaaaaaaaaaaaaaaaaaaaaaaaaaaaaaaaaaaaaaaaaaaaaaaaaaaaaaaaaaaaaaaaaaaaaaaaaaaaaaaaaaaaaaaaaaaaaaaaaaaaaaaaaaaaaaaaaaaaaaaaaaaaaaaaaaaaaaa",
    "photoUrls": [
        
    ],
    "tags": [
        
    ],
    "status": "available"
}
12:35:28.278 [main] INFO  apiTest.DDTest - Response: {"id":2,"name":"aaaaaaaaaaaaaaaaaaaaaaaaaaaaaaaaaaaaaaaaaaaaaaaaaaaaaaaaaaaaaaaaaaaaaaaaaaaaaaaaaaaaaaaaaaaaaaaaaaaaaaaaaaaaaaaaaaaaaaaaaaaaaaaaaaaaaaaaaaaaaaaaaaaaaaaaaaaaaaaaaaaaaaaaaaaaaaaaaaaaaaaaaaaaaaaaaaaaaaaaaaaaaaaaaaaaaaaaaaaaaaaaaaaaaaaaaaaaaaaaaaaaaaaaaaaaaaaa","photoUrls":[],"tags":[],"status":"available"}
]]></system-out>
  </testcase>
  <testcase name="getPetDetails[3](3)" classname="apiTest.DDTest" time="1.279">
    <system-out><![CDATA[12:35:28.279 [main] INFO  apiTest.DDTest - *********************************************************************************************************************************************************
12:35:28.279 [main] INFO  apiTest.DDTest - Starting getPetDetails with petID: 3
HTTP/1.1 200 OK
Date: Thu, 10 Apr 2025 07:05:30 GMT
Content-Type: application/json
Transfer-Encoding: chunked
Connection: keep-alive
Access-Control-Allow-Origin: *
Access-Control-Allow-Methods: GET, POST, DELETE, PUT
Access-Control-Allow-Headers: Content-Type, api_key, Authorization
Server: Jetty(9.2.9.v20150224)

{
    "id": 3,
    "category": {
        "id": 3,
        "name": "cat"
    },
    "name": "purplefieldstester2_1744263945888",
    "photoUrls": [
        "http://purplefieldstestimage2_1744263945929",
        "http://purplefieldstestimage2"
    ],
    "tags": [
        {
            "id": 3,
            "name": "naughty"
        },
        {
            "id": 4,
            "name": "nice"
        }
    ],
    "status": "available"
}
12:35:29.558 [main] INFO  apiTest.DDTest - Response: {"id":3,"category":{"id":3,"name":"cat"},"name":"purplefieldstester2_1744263945888","photoUrls":["http://purplefieldstestimage2_1744263945929","http://purplefieldstestimage2"],"tags":[{"id":3,"name":"naughty"},{"id":4,"name":"nice"}],"status":"available"}
]]></system-out>
  </testcase>
  <testcase name="getPetDetails[4](4)" classname="apiTest.DDTest" time="1.271">
    <failure message="expected [200] but found [404]" type="java.lang.AssertionError"><![CDATA[java.lang.AssertionError: expected [200] but found [404]
	at org.testng.Assert.fail(Assert.java:111)
	at org.testng.Assert.failNotEquals(Assert.java:1590)
	at org.testng.Assert.assertEqualsImpl(Assert.java:150)
	at org.testng.Assert.assertEquals(Assert.java:132)
	at org.testng.Assert.assertEquals(Assert.java:1431)
	at org.testng.Assert.assertEquals(Assert.java:1395)
	at org.testng.Assert.assertEquals(Assert.java:1441)
	at apiTest.DDTest.getPetDetails(DDTest.java:196)
	at java.base/jdk.internal.reflect.DirectMethodHandleAccessor.invoke(DirectMethodHandleAccessor.java:103)
	at java.base/java.lang.reflect.Method.invoke(Method.java:580)
	at org.testng.internal.invokers.MethodInvocationHelper.invokeMethod(MethodInvocationHelper.java:141)
	at org.testng.internal.invokers.TestInvoker.invokeMethod(TestInvoker.java:687)
	at org.testng.internal.invokers.TestInvoker.invokeTestMethod(TestInvoker.java:230)
	at org.testng.internal.invokers.MethodRunner.runInSequence(MethodRunner.java:63)
	at org.testng.internal.invokers.TestInvoker$MethodInvocationAgent.invoke(TestInvoker.java:995)
	at org.testng.internal.invokers.TestInvoker.invokeTestMethods(TestInvoker.java:203)
	at org.testng.internal.invokers.TestMethodWorker.invokeTestMethods(TestMethodWorker.java:154)
	at org.testng.internal.invokers.TestMethodWorker.run(TestMethodWorker.java:134)
	at java.base/java.util.ArrayList.forEach(ArrayList.java:1596)
	at org.testng.TestRunner.privateRun(TestRunner.java:741)
	at org.testng.TestRunner.run(TestRunner.java:616)
	at org.testng.SuiteRunner.runTest(SuiteRunner.java:421)
	at org.testng.SuiteRunner.runSequentially(SuiteRunner.java:413)
	at org.testng.SuiteRunner.privateRun(SuiteRunner.java:373)
	at org.testng.SuiteRunner.run(SuiteRunner.java:312)
	at org.testng.SuiteRunnerWorker.runSuite(SuiteRunnerWorker.java:52)
	at org.testng.SuiteRunnerWorker.run(SuiteRunnerWorker.java:95)
	at org.testng.TestNG.runSuitesSequentially(TestNG.java:1274)
	at org.testng.TestNG.runSuitesLocally(TestNG.java:1208)
	at org.testng.TestNG.runSuites(TestNG.java:1112)
	at org.testng.TestNG.run(TestNG.java:1079)
	at org.apache.maven.surefire.testng.TestNGExecutor.run(TestNGExecutor.java:155)
	at org.apache.maven.surefire.testng.TestNGDirectoryTestSuite.executeMulti(TestNGDirectoryTestSuite.java:169)
	at org.apache.maven.surefire.testng.TestNGDirectoryTestSuite.execute(TestNGDirectoryTestSuite.java:88)
	at org.apache.maven.surefire.testng.TestNGProvider.invoke(TestNGProvider.java:137)
	at org.apache.maven.surefire.booter.ForkedBooter.runSuitesInProcess(ForkedBooter.java:385)
	at org.apache.maven.surefire.booter.ForkedBooter.execute(ForkedBooter.java:162)
	at org.apache.maven.surefire.booter.ForkedBooter.run(ForkedBooter.java:507)
	at org.apache.maven.surefire.booter.ForkedBooter.main(ForkedBooter.java:495)
]]></failure>
    <system-out><![CDATA[12:35:29.559 [main] INFO  apiTest.DDTest - *********************************************************************************************************************************************************
12:35:29.559 [main] INFO  apiTest.DDTest - Starting getPetDetails with petID: 4
HTTP/1.1 404 Not Found
Date: Thu, 10 Apr 2025 07:05:31 GMT
Content-Type: application/json
Transfer-Encoding: chunked
Connection: keep-alive
Access-Control-Allow-Origin: *
Access-Control-Allow-Methods: GET, POST, DELETE, PUT
Access-Control-Allow-Headers: Content-Type, api_key, Authorization
Server: Jetty(9.2.9.v20150224)

{
    "code": 1,
    "type": "error",
    "message": "Pet not found"
}
12:35:30.828 [main] INFO  apiTest.DDTest - Response: {"code":1,"type":"error","message":"Pet not found"}
12:35:30.828 [main] ERROR apiTest.DDTest - Could not retrieve data from API. Pet ID: 4. Status code: 404
]]></system-out>
  </testcase>
  <testcase name="getPetDetails[5](5)" classname="apiTest.DDTest" time="1.314">
    <system-out><![CDATA[12:35:30.830 [main] INFO  apiTest.DDTest - *********************************************************************************************************************************************************
12:35:30.830 [main] INFO  apiTest.DDTest - Starting getPetDetails with petID: 5
HTTP/1.1 200 OK
Date: Thu, 10 Apr 2025 07:05:32 GMT
Content-Type: application/json
Transfer-Encoding: chunked
Connection: keep-alive
Access-Control-Allow-Origin: *
Access-Control-Allow-Methods: GET, POST, DELETE, PUT
Access-Control-Allow-Headers: Content-Type, api_key, Authorization
Server: Jetty(9.2.9.v20150224)

{
    "id": 5,
    "category": {
        "id": 0,
        "name": "string"
    },
    "name": "doggie",
    "photoUrls": [
        "string"
    ],
    "tags": [
        {
            "id": 0,
            "name": "string"
        }
    ],
    "status": "string"
}
12:35:32.144 [main] INFO  apiTest.DDTest - Response: {"id":5,"category":{"id":0,"name":"string"},"name":"doggie","photoUrls":["string"],"tags":[{"id":0,"name":"string"}],"status":"string"}
]]></system-out>
  </testcase>
  <testcase name="getPetDetails[6](6)" classname="apiTest.DDTest" time="1.239">
    <failure message="expected [200] but found [404]" type="java.lang.AssertionError"><![CDATA[java.lang.AssertionError: expected [200] but found [404]
	at org.testng.Assert.fail(Assert.java:111)
	at org.testng.Assert.failNotEquals(Assert.java:1590)
	at org.testng.Assert.assertEqualsImpl(Assert.java:150)
	at org.testng.Assert.assertEquals(Assert.java:132)
	at org.testng.Assert.assertEquals(Assert.java:1431)
	at org.testng.Assert.assertEquals(Assert.java:1395)
	at org.testng.Assert.assertEquals(Assert.java:1441)
	at apiTest.DDTest.getPetDetails(DDTest.java:196)
	at java.base/jdk.internal.reflect.DirectMethodHandleAccessor.invoke(DirectMethodHandleAccessor.java:103)
	at java.base/java.lang.reflect.Method.invoke(Method.java:580)
	at org.testng.internal.invokers.MethodInvocationHelper.invokeMethod(MethodInvocationHelper.java:141)
	at org.testng.internal.invokers.TestInvoker.invokeMethod(TestInvoker.java:687)
	at org.testng.internal.invokers.TestInvoker.invokeTestMethod(TestInvoker.java:230)
	at org.testng.internal.invokers.MethodRunner.runInSequence(MethodRunner.java:63)
	at org.testng.internal.invokers.TestInvoker$MethodInvocationAgent.invoke(TestInvoker.java:995)
	at org.testng.internal.invokers.TestInvoker.invokeTestMethods(TestInvoker.java:203)
	at org.testng.internal.invokers.TestMethodWorker.invokeTestMethods(TestMethodWorker.java:154)
	at org.testng.internal.invokers.TestMethodWorker.run(TestMethodWorker.java:134)
	at java.base/java.util.ArrayList.forEach(ArrayList.java:1596)
	at org.testng.TestRunner.privateRun(TestRunner.java:741)
	at org.testng.TestRunner.run(TestRunner.java:616)
	at org.testng.SuiteRunner.runTest(SuiteRunner.java:421)
	at org.testng.SuiteRunner.runSequentially(SuiteRunner.java:413)
	at org.testng.SuiteRunner.privateRun(SuiteRunner.java:373)
	at org.testng.SuiteRunner.run(SuiteRunner.java:312)
	at org.testng.SuiteRunnerWorker.runSuite(SuiteRunnerWorker.java:52)
	at org.testng.SuiteRunnerWorker.run(SuiteRunnerWorker.java:95)
	at org.testng.TestNG.runSuitesSequentially(TestNG.java:1274)
	at org.testng.TestNG.runSuitesLocally(TestNG.java:1208)
	at org.testng.TestNG.runSuites(TestNG.java:1112)
	at org.testng.TestNG.run(TestNG.java:1079)
	at org.apache.maven.surefire.testng.TestNGExecutor.run(TestNGExecutor.java:155)
	at org.apache.maven.surefire.testng.TestNGDirectoryTestSuite.executeMulti(TestNGDirectoryTestSuite.java:169)
	at org.apache.maven.surefire.testng.TestNGDirectoryTestSuite.execute(TestNGDirectoryTestSuite.java:88)
	at org.apache.maven.surefire.testng.TestNGProvider.invoke(TestNGProvider.java:137)
	at org.apache.maven.surefire.booter.ForkedBooter.runSuitesInProcess(ForkedBooter.java:385)
	at org.apache.maven.surefire.booter.ForkedBooter.execute(ForkedBooter.java:162)
	at org.apache.maven.surefire.booter.ForkedBooter.run(ForkedBooter.java:507)
	at org.apache.maven.surefire.booter.ForkedBooter.main(ForkedBooter.java:495)
]]></failure>
    <system-out><![CDATA[12:35:32.144 [main] INFO  apiTest.DDTest - *********************************************************************************************************************************************************
12:35:32.144 [main] INFO  apiTest.DDTest - Starting getPetDetails with petID: 6
HTTP/1.1 404 Not Found
Date: Thu, 10 Apr 2025 07:05:34 GMT
Content-Type: application/json
Transfer-Encoding: chunked
Connection: keep-alive
Access-Control-Allow-Origin: *
Access-Control-Allow-Methods: GET, POST, DELETE, PUT
Access-Control-Allow-Headers: Content-Type, api_key, Authorization
Server: Jetty(9.2.9.v20150224)

{
    "code": 1,
    "type": "error",
    "message": "Pet not found"
}
12:35:33.381 [main] INFO  apiTest.DDTest - Response: {"code":1,"type":"error","message":"Pet not found"}
12:35:33.382 [main] ERROR apiTest.DDTest - Could not retrieve data from API. Pet ID: 6. Status code: 404
]]></system-out>
  </testcase>
  <testcase name="getPetDetails[7](7)" classname="apiTest.DDTest" time="1.307">
    <failure message="expected [200] but found [404]" type="java.lang.AssertionError"><![CDATA[java.lang.AssertionError: expected [200] but found [404]
	at org.testng.Assert.fail(Assert.java:111)
	at org.testng.Assert.failNotEquals(Assert.java:1590)
	at org.testng.Assert.assertEqualsImpl(Assert.java:150)
	at org.testng.Assert.assertEquals(Assert.java:132)
	at org.testng.Assert.assertEquals(Assert.java:1431)
	at org.testng.Assert.assertEquals(Assert.java:1395)
	at org.testng.Assert.assertEquals(Assert.java:1441)
	at apiTest.DDTest.getPetDetails(DDTest.java:196)
	at java.base/jdk.internal.reflect.DirectMethodHandleAccessor.invoke(DirectMethodHandleAccessor.java:103)
	at java.base/java.lang.reflect.Method.invoke(Method.java:580)
	at org.testng.internal.invokers.MethodInvocationHelper.invokeMethod(MethodInvocationHelper.java:141)
	at org.testng.internal.invokers.TestInvoker.invokeMethod(TestInvoker.java:687)
	at org.testng.internal.invokers.TestInvoker.invokeTestMethod(TestInvoker.java:230)
	at org.testng.internal.invokers.MethodRunner.runInSequence(MethodRunner.java:63)
	at org.testng.internal.invokers.TestInvoker$MethodInvocationAgent.invoke(TestInvoker.java:995)
	at org.testng.internal.invokers.TestInvoker.invokeTestMethods(TestInvoker.java:203)
	at org.testng.internal.invokers.TestMethodWorker.invokeTestMethods(TestMethodWorker.java:154)
	at org.testng.internal.invokers.TestMethodWorker.run(TestMethodWorker.java:134)
	at java.base/java.util.ArrayList.forEach(ArrayList.java:1596)
	at org.testng.TestRunner.privateRun(TestRunner.java:741)
	at org.testng.TestRunner.run(TestRunner.java:616)
	at org.testng.SuiteRunner.runTest(SuiteRunner.java:421)
	at org.testng.SuiteRunner.runSequentially(SuiteRunner.java:413)
	at org.testng.SuiteRunner.privateRun(SuiteRunner.java:373)
	at org.testng.SuiteRunner.run(SuiteRunner.java:312)
	at org.testng.SuiteRunnerWorker.runSuite(SuiteRunnerWorker.java:52)
	at org.testng.SuiteRunnerWorker.run(SuiteRunnerWorker.java:95)
	at org.testng.TestNG.runSuitesSequentially(TestNG.java:1274)
	at org.testng.TestNG.runSuitesLocally(TestNG.java:1208)
	at org.testng.TestNG.runSuites(TestNG.java:1112)
	at org.testng.TestNG.run(TestNG.java:1079)
	at org.apache.maven.surefire.testng.TestNGExecutor.run(TestNGExecutor.java:155)
	at org.apache.maven.surefire.testng.TestNGDirectoryTestSuite.executeMulti(TestNGDirectoryTestSuite.java:169)
	at org.apache.maven.surefire.testng.TestNGDirectoryTestSuite.execute(TestNGDirectoryTestSuite.java:88)
	at org.apache.maven.surefire.testng.TestNGProvider.invoke(TestNGProvider.java:137)
	at org.apache.maven.surefire.booter.ForkedBooter.runSuitesInProcess(ForkedBooter.java:385)
	at org.apache.maven.surefire.booter.ForkedBooter.execute(ForkedBooter.java:162)
	at org.apache.maven.surefire.booter.ForkedBooter.run(ForkedBooter.java:507)
	at org.apache.maven.surefire.booter.ForkedBooter.main(ForkedBooter.java:495)
]]></failure>
    <system-out><![CDATA[12:35:33.383 [main] INFO  apiTest.DDTest - *********************************************************************************************************************************************************
12:35:33.383 [main] INFO  apiTest.DDTest - Starting getPetDetails with petID: 7
HTTP/1.1 404 Not Found
Date: Thu, 10 Apr 2025 07:05:35 GMT
Content-Type: application/json
Transfer-Encoding: chunked
Connection: keep-alive
Access-Control-Allow-Origin: *
Access-Control-Allow-Methods: GET, POST, DELETE, PUT
Access-Control-Allow-Headers: Content-Type, api_key, Authorization
Server: Jetty(9.2.9.v20150224)

{
    "code": 1,
    "type": "error",
    "message": "Pet not found"
}
12:35:34.690 [main] INFO  apiTest.DDTest - Response: {"code":1,"type":"error","message":"Pet not found"}
12:35:34.690 [main] ERROR apiTest.DDTest - Could not retrieve data from API. Pet ID: 7. Status code: 404
]]></system-out>
  </testcase>
  <testcase name="getPetDetails[8](8)" classname="apiTest.DDTest" time="1.291">
    <system-out><![CDATA[12:35:34.691 [main] INFO  apiTest.DDTest - *********************************************************************************************************************************************************
12:35:34.691 [main] INFO  apiTest.DDTest - Starting getPetDetails with petID: 8
HTTP/1.1 200 OK
Date: Thu, 10 Apr 2025 07:05:36 GMT
Content-Type: application/json
Transfer-Encoding: chunked
Connection: keep-alive
Access-Control-Allow-Origin: *
Access-Control-Allow-Methods: GET, POST, DELETE, PUT
Access-Control-Allow-Headers: Content-Type, api_key, Authorization
Server: Jetty(9.2.9.v20150224)

{
    "id": 8,
    "category": {
        "id": 0,
        "name": "string"
    },
    "name": "doggie",
    "photoUrls": [
        "string"
    ],
    "tags": [
        {
            "id": 0,
            "name": "string"
        }
    ],
    "status": "available"
}
12:35:35.982 [main] INFO  apiTest.DDTest - Response: {"id":8,"category":{"id":0,"name":"string"},"name":"doggie","photoUrls":["string"],"tags":[{"id":0,"name":"string"}],"status":"available"}
]]></system-out>
  </testcase>
  <testcase name="getPetDetails[9](9)" classname="apiTest.DDTest" time="1.293">
    <failure message="expected [200] but found [404]" type="java.lang.AssertionError"><![CDATA[java.lang.AssertionError: expected [200] but found [404]
	at org.testng.Assert.fail(Assert.java:111)
	at org.testng.Assert.failNotEquals(Assert.java:1590)
	at org.testng.Assert.assertEqualsImpl(Assert.java:150)
	at org.testng.Assert.assertEquals(Assert.java:132)
	at org.testng.Assert.assertEquals(Assert.java:1431)
	at org.testng.Assert.assertEquals(Assert.java:1395)
	at org.testng.Assert.assertEquals(Assert.java:1441)
	at apiTest.DDTest.getPetDetails(DDTest.java:196)
	at java.base/jdk.internal.reflect.DirectMethodHandleAccessor.invoke(DirectMethodHandleAccessor.java:103)
	at java.base/java.lang.reflect.Method.invoke(Method.java:580)
	at org.testng.internal.invokers.MethodInvocationHelper.invokeMethod(MethodInvocationHelper.java:141)
	at org.testng.internal.invokers.TestInvoker.invokeMethod(TestInvoker.java:687)
	at org.testng.internal.invokers.TestInvoker.invokeTestMethod(TestInvoker.java:230)
	at org.testng.internal.invokers.MethodRunner.runInSequence(MethodRunner.java:63)
	at org.testng.internal.invokers.TestInvoker$MethodInvocationAgent.invoke(TestInvoker.java:995)
	at org.testng.internal.invokers.TestInvoker.invokeTestMethods(TestInvoker.java:203)
	at org.testng.internal.invokers.TestMethodWorker.invokeTestMethods(TestMethodWorker.java:154)
	at org.testng.internal.invokers.TestMethodWorker.run(TestMethodWorker.java:134)
	at java.base/java.util.ArrayList.forEach(ArrayList.java:1596)
	at org.testng.TestRunner.privateRun(TestRunner.java:741)
	at org.testng.TestRunner.run(TestRunner.java:616)
	at org.testng.SuiteRunner.runTest(SuiteRunner.java:421)
	at org.testng.SuiteRunner.runSequentially(SuiteRunner.java:413)
	at org.testng.SuiteRunner.privateRun(SuiteRunner.java:373)
	at org.testng.SuiteRunner.run(SuiteRunner.java:312)
	at org.testng.SuiteRunnerWorker.runSuite(SuiteRunnerWorker.java:52)
	at org.testng.SuiteRunnerWorker.run(SuiteRunnerWorker.java:95)
	at org.testng.TestNG.runSuitesSequentially(TestNG.java:1274)
	at org.testng.TestNG.runSuitesLocally(TestNG.java:1208)
	at org.testng.TestNG.runSuites(TestNG.java:1112)
	at org.testng.TestNG.run(TestNG.java:1079)
	at org.apache.maven.surefire.testng.TestNGExecutor.run(TestNGExecutor.java:155)
	at org.apache.maven.surefire.testng.TestNGDirectoryTestSuite.executeMulti(TestNGDirectoryTestSuite.java:169)
	at org.apache.maven.surefire.testng.TestNGDirectoryTestSuite.execute(TestNGDirectoryTestSuite.java:88)
	at org.apache.maven.surefire.testng.TestNGProvider.invoke(TestNGProvider.java:137)
	at org.apache.maven.surefire.booter.ForkedBooter.runSuitesInProcess(ForkedBooter.java:385)
	at org.apache.maven.surefire.booter.ForkedBooter.execute(ForkedBooter.java:162)
	at org.apache.maven.surefire.booter.ForkedBooter.run(ForkedBooter.java:507)
	at org.apache.maven.surefire.booter.ForkedBooter.main(ForkedBooter.java:495)
]]></failure>
    <system-out><![CDATA[12:35:35.983 [main] INFO  apiTest.DDTest - *********************************************************************************************************************************************************
12:35:35.983 [main] INFO  apiTest.DDTest - Starting getPetDetails with petID: 9
HTTP/1.1 404 Not Found
Date: Thu, 10 Apr 2025 07:05:38 GMT
Content-Type: application/json
Transfer-Encoding: chunked
Connection: keep-alive
Access-Control-Allow-Origin: *
Access-Control-Allow-Methods: GET, POST, DELETE, PUT
Access-Control-Allow-Headers: Content-Type, api_key, Authorization
Server: Jetty(9.2.9.v20150224)

{
    "code": 1,
    "type": "error",
    "message": "Pet not found"
}
12:35:37.275 [main] INFO  apiTest.DDTest - Response: {"code":1,"type":"error","message":"Pet not found"}
12:35:37.275 [main] ERROR apiTest.DDTest - Could not retrieve data from API. Pet ID: 9. Status code: 404
]]></system-out>
  </testcase>
  <testcase name="getPetDetails[10](10)" classname="apiTest.DDTest" time="1.282">
    <system-out><![CDATA[12:35:37.276 [main] INFO  apiTest.DDTest - *********************************************************************************************************************************************************
12:35:37.276 [main] INFO  apiTest.DDTest - Starting getPetDetails with petID: 10
HTTP/1.1 200 OK
Date: Thu, 10 Apr 2025 07:05:39 GMT
Content-Type: application/json
Transfer-Encoding: chunked
Connection: keep-alive
Access-Control-Allow-Origin: *
Access-Control-Allow-Methods: GET, POST, DELETE, PUT
Access-Control-Allow-Headers: Content-Type, api_key, Authorization
Server: Jetty(9.2.9.v20150224)

{
    "id": 10,
    "category": {
        "id": 0,
        "name": "Mertens"
    },
    "name": "Icardi",
    "photoUrls": [
        "Oliveira"
    ],
    "tags": [
        {
            "id": 0,
            "name": "Zaniolo"
        }
    ],
    "status": "available"
}
12:35:38.559 [main] INFO  apiTest.DDTest - Response: {"id":10,"category":{"id":0,"name":"Mertens"},"name":"Icardi","photoUrls":["Oliveira"],"tags":[{"id":0,"name":"Zaniolo"}],"status":"available"}
]]></system-out>
  </testcase>
</testsuite>