<?xml version="1.0" encoding="UTF-8"?>
<!-- Generated by org.testng.reporters.JUnitReportReporter -->
<testsuite hostname="N1NXCV083539028" failures="0" tests="29" name="apiTest.DDTest" time="31.464" errors="0" timestamp="2025-04-21T11:14:21 IST" skipped="6">
  <testcase classname="apiTest.DDTest" name="postOrders" time="1.064"/>
  <testcase classname="apiTest.DDTest" name="postOrders" time="1.366"/>
  <testcase classname="apiTest.DDTest" name="postOrders" time="1.508"/>
  <testcase classname="apiTest.DDTest" name="postOrders" time="1.334"/>
  <testcase classname="apiTest.DDTest" name="postOrders" time="1.225"/>
  <testcase classname="apiTest.DDTest" name="postOrders" time="1.107"/>
  <testcase classname="apiTest.DDTest" name="postOrders" time="1.384"/>
  <testcase classname="apiTest.DDTest" name="postOrders" time="1.146"/>
  <testcase classname="apiTest.DDTest" name="postOrders" time="1.459"/>
  <testcase classname="apiTest.DDTest" name="postOrders" time="1.249"/>
  <testcase classname="apiTest.DDTest" name="postOrders" time="1.135"/>
  <testcase classname="apiTest.DDTest" name="postOrders" time="1.392"/>
  <testcase classname="apiTest.DDTest" name="postOrders" time="1.265"/>
  <testcase classname="apiTest.DDTest" name="postOrders" time="2.724"/>
  <testcase classname="apiTest.DDTest" name="postOrders" time="1.325"/>
  <testcase classname="apiTest.DDTest" name="postOrders" time="1.543"/>
  <testcase classname="apiTest.DDTest" name="postOrders" time="1.231"/>
  <testcase classname="apiTest.DDTest" name="postOrders" time="1.082"/>
  <testcase classname="apiTest.DDTest" name="postOrders" time="1.142"/>
  <testcase classname="apiTest.DDTest" name="postOrders" time="1.416"/>
  <testcase classname="apiTest.DDTest" name="postOrders" time="1.525"/>
  <testcase classname="apiTest.DDTest" name="postOrders" time="1.400"/>
  <testcase classname="apiTest.DDTest" name="getStoreDetails" time="1.442"/>
  <testcase classname="apiTest.DDTest" name="testDeleteUser">
    <skipped/>
  </testcase> <!-- testDeleteUser -->
  <testcase classname="apiTest.DDTest" name="testPostUser">
    <skipped/>
  </testcase> <!-- testPostUser -->
  <testcase classname="apiTest.DDTest" name="getPetDetails">
    <skipped/>
  </testcase> <!-- getPetDetails -->
  <testcase classname="apiTest.DDTest" name="testReadUser">
    <skipped/>
  </testcase> <!-- testReadUser -->
  <testcase classname="apiTest.DDTest" name="testPostPet">
    <skipped/>
  </testcase> <!-- testPostPet -->
  <testcase classname="apiTest.DDTest" name="testUpdateUser">
    <skipped/>
  </testcase> <!-- testUpdateUser -->
</testsuite> <!-- apiTest.DDTest -->
