<?xml version="1.0" encoding="UTF-8"?>
<!-- Generated by org.testng.reporters.JUnitReportReporter -->
<testsuite hostname="N1NXCV083539028" failures="0" tests="29" name="apiTest.DDTest" time="30.338" errors="0" timestamp="2025-04-18T10:16:34 IST" skipped="6">
  <testcase classname="apiTest.DDTest" name="postOrders" time="1.112"/>
  <testcase classname="apiTest.DDTest" name="postOrders" time="1.360"/>
  <testcase classname="apiTest.DDTest" name="postOrders" time="1.113"/>
  <testcase classname="apiTest.DDTest" name="postOrders" time="1.266"/>
  <testcase classname="apiTest.DDTest" name="postOrders" time="1.241"/>
  <testcase classname="apiTest.DDTest" name="postOrders" time="1.426"/>
  <testcase classname="apiTest.DDTest" name="postOrders" time="1.379"/>
  <testcase classname="apiTest.DDTest" name="postOrders" time="1.196"/>
  <testcase classname="apiTest.DDTest" name="postOrders" time="2.733"/>
  <testcase classname="apiTest.DDTest" name="postOrders" time="1.147"/>
  <testcase classname="apiTest.DDTest" name="postOrders" time="1.224"/>
  <testcase classname="apiTest.DDTest" name="postOrders" time="1.058"/>
  <testcase classname="apiTest.DDTest" name="postOrders" time="1.431"/>
  <testcase classname="apiTest.DDTest" name="postOrders" time="1.234"/>
  <testcase classname="apiTest.DDTest" name="postOrders" time="1.059"/>
  <testcase classname="apiTest.DDTest" name="postOrders" time="1.535"/>
  <testcase classname="apiTest.DDTest" name="postOrders" time="1.225"/>
  <testcase classname="apiTest.DDTest" name="postOrders" time="1.251"/>
  <testcase classname="apiTest.DDTest" name="postOrders" time="1.443"/>
  <testcase classname="apiTest.DDTest" name="postOrders" time="1.127"/>
  <testcase classname="apiTest.DDTest" name="postOrders" time="1.304"/>
  <testcase classname="apiTest.DDTest" name="postOrders" time="1.034"/>
  <testcase classname="apiTest.DDTest" name="getStoreDetails" time="1.440"/>
  <testcase classname="apiTest.DDTest" name="testDeleteUser">
    <skipped/>
  </testcase> <!-- testDeleteUser -->
  <testcase classname="apiTest.DDTest" name="testPostUser">
    <skipped/>
  </testcase> <!-- testPostUser -->
  <testcase classname="apiTest.DDTest" name="getPetDetails">
    <skipped/>
  </testcase> <!-- getPetDetails -->
  <testcase classname="apiTest.DDTest" name="testReadUser">
    <skipped/>
  </testcase> <!-- testReadUser -->
  <testcase classname="apiTest.DDTest" name="testPostPet">
    <skipped/>
  </testcase> <!-- testPostPet -->
  <testcase classname="apiTest.DDTest" name="testUpdateUser">
    <skipped/>
  </testcase> <!-- testUpdateUser -->
</testsuite> <!-- apiTest.DDTest -->
